2025-06-15 10:09:44,923 - utils - INFO - RCCM統合データ読み込み開始: data
2025-06-15 10:09:44,929 - utils - INFO - 問題データ読み込み開始: data/4-1.csv
2025-06-15 10:09:44,938 - utils - INFO - ファイルサイズ: 92168 bytes
2025-06-15 10:09:44,959 - utils - INFO - 読み込み成功: utf-8 エンコーディング
2025-06-15 10:09:44,960 - utils - INFO - データ読み込み完了: 202行, エンコーディング: utf-8
2025-06-15 10:09:44,991 - utils - INFO - 有効な問題データ: 202問
2025-06-15 10:09:44,992 - utils - INFO - 4-1基礎データ読み込み完了: 202問
2025-06-15 10:09:44,993 - utils - INFO - 問題データ読み込み開始: data/4-2_2008.csv
2025-06-15 10:09:44,998 - utils - INFO - ファイルサイズ: 200456 bytes
2025-06-15 10:09:45,041 - utils - INFO - 読み込み成功: utf-8 エンコーディング
2025-06-15 10:09:45,042 - utils - INFO - データ読み込み完了: 360行, エンコーディング: utf-8
2025-06-15 10:09:45,106 - utils - INFO - 有効な問題データ: 360問
2025-06-15 10:09:45,107 - utils - INFO - 4-2専門データ2008年読み込み完了: 360問
2025-06-15 10:09:45,109 - utils - INFO - 問題データ読み込み開始: data/4-2_2009.csv
2025-06-15 10:09:45,113 - utils - INFO - ファイルサイズ: 206977 bytes
2025-06-15 10:09:45,139 - utils - INFO - 読み込み成功: utf-8 エンコーディング
2025-06-15 10:09:45,140 - utils - INFO - データ読み込み完了: 359行, エンコーディング: utf-8
2025-06-15 10:09:45,210 - utils - INFO - 有効な問題データ: 359問
2025-06-15 10:09:45,212 - utils - INFO - 4-2専門データ2009年読み込み完了: 359問
2025-06-15 10:09:45,215 - utils - INFO - 問題データ読み込み開始: data/4-2_2010.csv
2025-06-15 10:09:45,218 - utils - INFO - ファイルサイズ: 157993 bytes
2025-06-15 10:09:45,245 - utils - INFO - 読み込み成功: utf-8 エンコーディング
2025-06-15 10:09:45,246 - utils - INFO - データ読み込み完了: 239行, エンコーディング: utf-8
2025-06-15 10:09:45,281 - utils - INFO - 有効な問題データ: 239問
2025-06-15 10:09:45,282 - utils - INFO - 4-2専門データ2010年読み込み完了: 239問
2025-06-15 10:09:45,284 - utils - INFO - 問題データ読み込み開始: data/4-2_2011.csv
2025-06-15 10:09:45,287 - utils - INFO - ファイルサイズ: 235229 bytes
2025-06-15 10:09:45,315 - utils - INFO - 読み込み成功: utf-8 エンコーディング
2025-06-15 10:09:45,315 - utils - INFO - データ読み込み完了: 360行, エンコーディング: utf-8
2025-06-15 10:09:45,381 - utils - INFO - 有効な問題データ: 360問
2025-06-15 10:09:45,388 - utils - INFO - 4-2専門データ2011年読み込み完了: 360問
2025-06-15 10:09:45,426 - utils - INFO - 問題データ読み込み開始: data/4-2_2012.csv
2025-06-15 10:09:45,440 - utils - INFO - ファイルサイズ: 199097 bytes
2025-06-15 10:09:45,478 - utils - INFO - 読み込み成功: utf-8 エンコーディング
2025-06-15 10:09:45,479 - utils - INFO - データ読み込み完了: 307行, エンコーディング: utf-8
2025-06-15 10:09:45,551 - utils - INFO - 有効な問題データ: 307問
2025-06-15 10:09:45,552 - utils - INFO - 4-2専門データ2012年読み込み完了: 307問
2025-06-15 10:09:45,555 - utils - INFO - 問題データ読み込み開始: data/4-2_2013.csv
2025-06-15 10:09:45,564 - utils - INFO - ファイルサイズ: 183685 bytes
2025-06-15 10:09:45,632 - utils - INFO - 読み込み成功: utf-8 エンコーディング
2025-06-15 10:09:45,632 - utils - INFO - データ読み込み完了: 300行, エンコーディング: utf-8
2025-06-15 10:09:45,690 - utils - INFO - 有効な問題データ: 300問
2025-06-15 10:09:45,695 - utils - INFO - 4-2専門データ2013年読み込み完了: 300問
2025-06-15 10:09:45,698 - utils - INFO - 問題データ読み込み開始: data/4-2_2014.csv
2025-06-15 10:09:45,706 - utils - INFO - ファイルサイズ: 155568 bytes
2025-06-15 10:09:45,767 - utils - INFO - 読み込み成功: utf-8 エンコーディング
2025-06-15 10:09:45,773 - utils - INFO - データ読み込み完了: 240行, エンコーディング: utf-8
2025-06-15 10:09:45,835 - utils - INFO - 有効な問題データ: 240問
2025-06-15 10:09:45,841 - utils - INFO - 4-2専門データ2014年読み込み完了: 240問
2025-06-15 10:09:45,855 - utils - INFO - 問題データ読み込み開始: data/4-2_2015.csv
2025-06-15 10:09:45,861 - utils - INFO - ファイルサイズ: 272405 bytes
2025-06-15 10:09:46,030 - utils - INFO - 読み込み成功: utf-8 エンコーディング
2025-06-15 10:09:46,034 - utils - INFO - データ読み込み完了: 358行, エンコーディング: utf-8
2025-06-15 10:09:46,127 - utils - INFO - 有効な問題データ: 358問
2025-06-15 10:09:46,138 - utils - INFO - 4-2専門データ2015年読み込み完了: 358問
2025-06-15 10:09:46,152 - utils - INFO - 問題データ読み込み開始: data/4-2_2016.csv
2025-06-15 10:09:46,169 - utils - INFO - ファイルサイズ: 290835 bytes
2025-06-15 10:09:46,235 - utils - INFO - 読み込み成功: utf-8 エンコーディング
2025-06-15 10:09:46,235 - utils - INFO - データ読み込み完了: 361行, エンコーディング: utf-8
2025-06-15 10:09:46,324 - utils - INFO - 有効な問題データ: 361問
2025-06-15 10:09:46,326 - utils - INFO - 4-2専門データ2016年読み込み完了: 361問
2025-06-15 10:09:46,333 - utils - INFO - 問題データ読み込み開始: data/4-2_2017.csv
2025-06-15 10:09:46,338 - utils - INFO - ファイルサイズ: 381560 bytes
2025-06-15 10:09:46,465 - utils - INFO - 読み込み成功: utf-8 エンコーディング
2025-06-15 10:09:46,466 - utils - INFO - データ読み込み完了: 440行, エンコーディング: utf-8
2025-06-15 10:09:46,578 - utils - INFO - 有効な問題データ: 440問
2025-06-15 10:09:46,580 - utils - INFO - 4-2専門データ2017年読み込み完了: 440問
2025-06-15 10:09:46,587 - utils - INFO - 問題データ読み込み開始: data/4-2_2018.csv
2025-06-15 10:09:46,599 - utils - INFO - ファイルサイズ: 310682 bytes
2025-06-15 10:09:46,677 - utils - INFO - 読み込み成功: utf-8 エンコーディング
2025-06-15 10:09:46,678 - utils - INFO - データ読み込み完了: 357行, エンコーディング: utf-8
2025-06-15 10:09:46,758 - utils - INFO - 有効な問題データ: 357問
2025-06-15 10:09:46,762 - utils - INFO - 4-2専門データ2018年読み込み完了: 357問
2025-06-15 10:09:46,771 - utils - INFO - 問題データ読み込み開始: data/questions.csv
2025-06-15 10:09:46,779 - utils - INFO - ファイルサイズ: 387 bytes
2025-06-15 10:09:46,794 - utils - INFO - 読み込み成功: utf-8 エンコーディング
2025-06-15 10:09:46,795 - utils - INFO - データ読み込み完了: 1行, エンコーディング: utf-8
2025-06-15 10:09:46,796 - utils - INFO - 有効な問題データ: 1問
2025-06-15 10:09:46,800 - utils - INFO - レガシーデータ読み込み完了: 1問
2025-06-15 10:09:46,803 - utils - INFO - RCCM統合データ読み込み完了: 13ファイル, 総計3884問
2025-06-15 10:09:46,803 - utils - INFO - 4-2専門データ対象年度: [2008, 2009, 2010, 2011, 2012, 2013, 2014, 2015, 2016, 2017, 2018]
2025-06-15 10:09:46,804 - admin_dashboard - INFO - 管理者ダッシュボード初期化: 3884問読み込み完了
2025-06-15 10:09:46,849 - social_learning - INFO - ソーシャル学習機能初期化完了
2025-06-15 10:09:46,891 - api_integration - INFO - プロフェッショナルAPI統合機能初期化完了
2025-06-15 10:09:46,924 - advanced_personalization - INFO - 高度な個人化エンジン初期化完了
2025-06-15 10:09:46,980 - __main__ - INFO - RCCM統合問題データの読み込み開始
2025-06-15 10:09:46,980 - utils - INFO - RCCM統合データ読み込み開始: /mnt/c/Users/z285/Desktop/rccm-quiz-app/rccm-quiz-app/rccm-exam-app/data
2025-06-15 10:09:46,982 - utils - INFO - 問題データ読み込み開始: /mnt/c/Users/z285/Desktop/rccm-quiz-app/rccm-quiz-app/rccm-exam-app/data/4-1.csv
2025-06-15 10:09:46,990 - utils - INFO - ファイルサイズ: 92168 bytes
2025-06-15 10:09:47,011 - utils - INFO - 読み込み成功: utf-8 エンコーディング
2025-06-15 10:09:47,012 - utils - INFO - データ読み込み完了: 202行, エンコーディング: utf-8
2025-06-15 10:09:47,050 - utils - INFO - 有効な問題データ: 202問
2025-06-15 10:09:47,051 - utils - INFO - 4-1基礎データ読み込み完了: 202問
2025-06-15 10:09:47,054 - utils - INFO - 問題データ読み込み開始: /mnt/c/Users/z285/Desktop/rccm-quiz-app/rccm-quiz-app/rccm-exam-app/data/4-2_2008.csv
2025-06-15 10:09:47,062 - utils - INFO - ファイルサイズ: 200456 bytes
2025-06-15 10:09:47,104 - utils - INFO - 読み込み成功: utf-8 エンコーディング
2025-06-15 10:09:47,105 - utils - INFO - データ読み込み完了: 360行, エンコーディング: utf-8
2025-06-15 10:09:47,185 - utils - INFO - 有効な問題データ: 360問
2025-06-15 10:09:47,193 - utils - INFO - 4-2専門データ2008年読み込み完了: 360問
2025-06-15 10:09:47,195 - utils - INFO - 問題データ読み込み開始: /mnt/c/Users/z285/Desktop/rccm-quiz-app/rccm-quiz-app/rccm-exam-app/data/4-2_2009.csv
2025-06-15 10:09:47,201 - utils - INFO - ファイルサイズ: 206977 bytes
2025-06-15 10:09:47,228 - utils - INFO - 読み込み成功: utf-8 エンコーディング
2025-06-15 10:09:47,228 - utils - INFO - データ読み込み完了: 359行, エンコーディング: utf-8
2025-06-15 10:09:47,272 - utils - INFO - 有効な問題データ: 359問
2025-06-15 10:09:47,273 - utils - INFO - 4-2専門データ2009年読み込み完了: 359問
2025-06-15 10:09:47,276 - utils - INFO - 問題データ読み込み開始: /mnt/c/Users/z285/Desktop/rccm-quiz-app/rccm-quiz-app/rccm-exam-app/data/4-2_2010.csv
2025-06-15 10:09:47,281 - utils - INFO - ファイルサイズ: 157993 bytes
2025-06-15 10:09:47,304 - utils - INFO - 読み込み成功: utf-8 エンコーディング
2025-06-15 10:09:47,305 - utils - INFO - データ読み込み完了: 239行, エンコーディング: utf-8
2025-06-15 10:09:47,339 - utils - INFO - 有効な問題データ: 239問
2025-06-15 10:09:47,340 - utils - INFO - 4-2専門データ2010年読み込み完了: 239問
2025-06-15 10:09:47,343 - utils - INFO - 問題データ読み込み開始: /mnt/c/Users/z285/Desktop/rccm-quiz-app/rccm-quiz-app/rccm-exam-app/data/4-2_2011.csv
2025-06-15 10:09:47,347 - utils - INFO - ファイルサイズ: 235229 bytes
2025-06-15 10:09:47,377 - utils - INFO - 読み込み成功: utf-8 エンコーディング
2025-06-15 10:09:47,378 - utils - INFO - データ読み込み完了: 360行, エンコーディング: utf-8
2025-06-15 10:09:47,430 - utils - INFO - 有効な問題データ: 360問
2025-06-15 10:09:47,431 - utils - INFO - 4-2専門データ2011年読み込み完了: 360問
2025-06-15 10:09:47,433 - utils - INFO - 問題データ読み込み開始: /mnt/c/Users/z285/Desktop/rccm-quiz-app/rccm-quiz-app/rccm-exam-app/data/4-2_2012.csv
2025-06-15 10:09:47,438 - utils - INFO - ファイルサイズ: 199097 bytes
2025-06-15 10:09:47,481 - utils - INFO - 読み込み成功: utf-8 エンコーディング
2025-06-15 10:09:47,481 - utils - INFO - データ読み込み完了: 307行, エンコーディング: utf-8
2025-06-15 10:09:47,517 - utils - INFO - 有効な問題データ: 307問
2025-06-15 10:09:47,518 - utils - INFO - 4-2専門データ2012年読み込み完了: 307問
2025-06-15 10:09:47,520 - utils - INFO - 問題データ読み込み開始: /mnt/c/Users/z285/Desktop/rccm-quiz-app/rccm-quiz-app/rccm-exam-app/data/4-2_2013.csv
2025-06-15 10:09:47,524 - utils - INFO - ファイルサイズ: 183685 bytes
2025-06-15 10:09:47,552 - utils - INFO - 読み込み成功: utf-8 エンコーディング
2025-06-15 10:09:47,553 - utils - INFO - データ読み込み完了: 300行, エンコーディング: utf-8
2025-06-15 10:09:47,598 - utils - INFO - 有効な問題データ: 300問
2025-06-15 10:09:47,599 - utils - INFO - 4-2専門データ2013年読み込み完了: 300問
2025-06-15 10:09:47,601 - utils - INFO - 問題データ読み込み開始: /mnt/c/Users/z285/Desktop/rccm-quiz-app/rccm-quiz-app/rccm-exam-app/data/4-2_2014.csv
2025-06-15 10:09:47,604 - utils - INFO - ファイルサイズ: 155568 bytes
2025-06-15 10:09:47,638 - utils - INFO - 読み込み成功: utf-8 エンコーディング
2025-06-15 10:09:47,639 - utils - INFO - データ読み込み完了: 240行, エンコーディング: utf-8
2025-06-15 10:09:47,670 - utils - INFO - 有効な問題データ: 240問
2025-06-15 10:09:47,672 - utils - INFO - 4-2専門データ2014年読み込み完了: 240問
2025-06-15 10:09:47,674 - utils - INFO - 問題データ読み込み開始: /mnt/c/Users/z285/Desktop/rccm-quiz-app/rccm-quiz-app/rccm-exam-app/data/4-2_2015.csv
2025-06-15 10:09:47,678 - utils - INFO - ファイルサイズ: 272405 bytes
2025-06-15 10:09:47,709 - utils - INFO - 読み込み成功: utf-8 エンコーディング
2025-06-15 10:09:47,710 - utils - INFO - データ読み込み完了: 358行, エンコーディング: utf-8
2025-06-15 10:09:47,770 - utils - INFO - 有効な問題データ: 358問
2025-06-15 10:09:47,772 - utils - INFO - 4-2専門データ2015年読み込み完了: 358問
2025-06-15 10:09:47,774 - utils - INFO - 問題データ読み込み開始: /mnt/c/Users/z285/Desktop/rccm-quiz-app/rccm-quiz-app/rccm-exam-app/data/4-2_2016.csv
2025-06-15 10:09:47,778 - utils - INFO - ファイルサイズ: 290835 bytes
2025-06-15 10:09:47,812 - utils - INFO - 読み込み成功: utf-8 エンコーディング
2025-06-15 10:09:47,813 - utils - INFO - データ読み込み完了: 361行, エンコーディング: utf-8
2025-06-15 10:09:47,858 - utils - INFO - 有効な問題データ: 361問
2025-06-15 10:09:47,859 - utils - INFO - 4-2専門データ2016年読み込み完了: 361問
2025-06-15 10:09:47,861 - utils - INFO - 問題データ読み込み開始: /mnt/c/Users/z285/Desktop/rccm-quiz-app/rccm-quiz-app/rccm-exam-app/data/4-2_2017.csv
2025-06-15 10:09:47,866 - utils - INFO - ファイルサイズ: 381560 bytes
2025-06-15 10:09:47,925 - utils - INFO - 読み込み成功: utf-8 エンコーディング
2025-06-15 10:09:47,926 - utils - INFO - データ読み込み完了: 440行, エンコーディング: utf-8
2025-06-15 10:09:48,038 - utils - INFO - 有効な問題データ: 440問
2025-06-15 10:09:48,040 - utils - INFO - 4-2専門データ2017年読み込み完了: 440問
2025-06-15 10:09:48,043 - utils - INFO - 問題データ読み込み開始: /mnt/c/Users/z285/Desktop/rccm-quiz-app/rccm-quiz-app/rccm-exam-app/data/4-2_2018.csv
2025-06-15 10:09:48,048 - utils - INFO - ファイルサイズ: 310682 bytes
2025-06-15 10:09:48,112 - utils - INFO - 読み込み成功: utf-8 エンコーディング
2025-06-15 10:09:48,114 - utils - INFO - データ読み込み完了: 357行, エンコーディング: utf-8
2025-06-15 10:09:48,213 - utils - INFO - 有効な問題データ: 357問
2025-06-15 10:09:48,220 - utils - INFO - 4-2専門データ2018年読み込み完了: 357問
2025-06-15 10:09:48,241 - utils - INFO - 問題データ読み込み開始: /mnt/c/Users/z285/Desktop/rccm-quiz-app/rccm-quiz-app/rccm-exam-app/data/questions.csv
2025-06-15 10:09:48,252 - utils - INFO - ファイルサイズ: 387 bytes
2025-06-15 10:09:48,306 - utils - INFO - 読み込み成功: utf-8 エンコーディング
2025-06-15 10:09:48,310 - utils - INFO - データ読み込み完了: 1行, エンコーディング: utf-8
2025-06-15 10:09:48,311 - utils - INFO - 有効な問題データ: 1問
2025-06-15 10:09:48,312 - utils - INFO - レガシーデータ読み込み完了: 1問
2025-06-15 10:09:48,314 - utils - INFO - RCCM統合データ読み込み完了: 13ファイル, 総計3884問
2025-06-15 10:09:48,318 - utils - INFO - 4-2専門データ対象年度: [2008, 2009, 2010, 2011, 2012, 2013, 2014, 2015, 2016, 2017, 2018]
2025-06-15 10:09:48,327 - __main__ - INFO - RCCM統合データ読み込み完了: 3884問 (検証済み)
2025-06-15 10:09:48,328 - __main__ - INFO - アプリケーション初期化完了: 3884問読み込み
 * Serving Flask app 'app'
 * Debug mode: on
Address already in use
Port 5001 is in use by another program. Either identify and stop that program, or start the server with a different port.
