2025-06-15 15:44:53,030 - utils - INFO - RCCM統合データ読み込み開始: data
2025-06-15 15:44:53,031 - utils - INFO - 問題データ読み込み開始: data/4-1.csv
2025-06-15 15:44:53,034 - utils - INFO - ファイルサイズ: 92168 bytes
2025-06-15 15:44:53,045 - utils - INFO - 読み込み成功: utf-8 エンコーディング
2025-06-15 15:44:53,046 - utils - INFO - データ読み込み完了: 202行, エンコーディング: utf-8
2025-06-15 15:44:53,062 - utils - INFO - 有効な問題データ: 202問
2025-06-15 15:44:53,062 - utils - INFO - 4-1基礎データ読み込み完了: 202問
2025-06-15 15:44:53,064 - utils - INFO - 問題データ読み込み開始: data/4-2_2008.csv
2025-06-15 15:44:53,068 - utils - INFO - ファイルサイズ: 200456 bytes
2025-06-15 15:44:53,085 - utils - INFO - 読み込み成功: utf-8 エンコーディング
2025-06-15 15:44:53,086 - utils - INFO - データ読み込み完了: 360行, エンコーディング: utf-8
2025-06-15 15:44:53,120 - utils - INFO - 有効な問題データ: 360問
2025-06-15 15:44:53,120 - utils - INFO - 4-2専門データ2008年読み込み完了: 360問
2025-06-15 15:44:53,122 - utils - INFO - 問題データ読み込み開始: data/4-2_2009.csv
2025-06-15 15:44:53,125 - utils - INFO - ファイルサイズ: 206977 bytes
2025-06-15 15:44:53,143 - utils - INFO - 読み込み成功: utf-8 エンコーディング
2025-06-15 15:44:53,143 - utils - INFO - データ読み込み完了: 359行, エンコーディング: utf-8
2025-06-15 15:44:53,178 - utils - INFO - 有効な問題データ: 359問
2025-06-15 15:44:53,179 - utils - INFO - 4-2専門データ2009年読み込み完了: 359問
2025-06-15 15:44:53,180 - utils - INFO - 問題データ読み込み開始: data/4-2_2010.csv
2025-06-15 15:44:53,184 - utils - INFO - ファイルサイズ: 157993 bytes
2025-06-15 15:44:53,199 - utils - INFO - 読み込み成功: utf-8 エンコーディング
2025-06-15 15:44:53,199 - utils - INFO - データ読み込み完了: 239行, エンコーディング: utf-8
2025-06-15 15:44:53,222 - utils - INFO - 有効な問題データ: 239問
2025-06-15 15:44:53,223 - utils - INFO - 4-2専門データ2010年読み込み完了: 239問
2025-06-15 15:44:53,225 - utils - INFO - 問題データ読み込み開始: data/4-2_2011.csv
2025-06-15 15:44:53,227 - utils - INFO - ファイルサイズ: 235229 bytes
2025-06-15 15:44:53,247 - utils - INFO - 読み込み成功: utf-8 エンコーディング
2025-06-15 15:44:53,247 - utils - INFO - データ読み込み完了: 360行, エンコーディング: utf-8
2025-06-15 15:44:53,280 - utils - INFO - 有効な問題データ: 360問
2025-06-15 15:44:53,281 - utils - INFO - 4-2専門データ2011年読み込み完了: 360問
2025-06-15 15:44:53,284 - utils - INFO - 問題データ読み込み開始: data/4-2_2012.csv
2025-06-15 15:44:53,286 - utils - INFO - ファイルサイズ: 199097 bytes
2025-06-15 15:44:53,304 - utils - INFO - 読み込み成功: utf-8 エンコーディング
2025-06-15 15:44:53,305 - utils - INFO - データ読み込み完了: 307行, エンコーディング: utf-8
2025-06-15 15:44:53,329 - utils - INFO - 有効な問題データ: 307問
2025-06-15 15:44:53,331 - utils - INFO - 4-2専門データ2012年読み込み完了: 307問
2025-06-15 15:44:53,333 - utils - INFO - 問題データ読み込み開始: data/4-2_2013.csv
2025-06-15 15:44:53,336 - utils - INFO - ファイルサイズ: 183685 bytes
2025-06-15 15:44:53,353 - utils - INFO - 読み込み成功: utf-8 エンコーディング
2025-06-15 15:44:53,353 - utils - INFO - データ読み込み完了: 300行, エンコーディング: utf-8
2025-06-15 15:44:53,383 - utils - INFO - 有効な問題データ: 300問
2025-06-15 15:44:53,384 - utils - INFO - 4-2専門データ2013年読み込み完了: 300問
2025-06-15 15:44:53,386 - utils - INFO - 問題データ読み込み開始: data/4-2_2014.csv
2025-06-15 15:44:53,388 - utils - INFO - ファイルサイズ: 155568 bytes
2025-06-15 15:44:53,405 - utils - INFO - 読み込み成功: utf-8 エンコーディング
2025-06-15 15:44:53,405 - utils - INFO - データ読み込み完了: 240行, エンコーディング: utf-8
2025-06-15 15:44:53,434 - utils - INFO - 有効な問題データ: 240問
2025-06-15 15:44:53,436 - utils - INFO - 4-2専門データ2014年読み込み完了: 240問
2025-06-15 15:44:53,438 - utils - INFO - 問題データ読み込み開始: data/4-2_2015.csv
2025-06-15 15:44:53,440 - utils - INFO - ファイルサイズ: 272405 bytes
2025-06-15 15:44:53,461 - utils - INFO - 読み込み成功: utf-8 エンコーディング
2025-06-15 15:44:53,461 - utils - INFO - データ読み込み完了: 358行, エンコーディング: utf-8
2025-06-15 15:44:53,490 - utils - INFO - 有効な問題データ: 358問
2025-06-15 15:44:53,491 - utils - INFO - 4-2専門データ2015年読み込み完了: 358問
2025-06-15 15:44:53,492 - utils - INFO - 問題データ読み込み開始: data/4-2_2016.csv
2025-06-15 15:44:53,494 - utils - INFO - ファイルサイズ: 290835 bytes
2025-06-15 15:44:53,515 - utils - INFO - 読み込み成功: utf-8 エンコーディング
2025-06-15 15:44:53,516 - utils - INFO - データ読み込み完了: 361行, エンコーディング: utf-8
2025-06-15 15:44:53,553 - utils - INFO - 有効な問題データ: 361問
2025-06-15 15:44:53,553 - utils - INFO - 4-2専門データ2016年読み込み完了: 361問
2025-06-15 15:44:53,555 - utils - INFO - 問題データ読み込み開始: data/4-2_2017.csv
2025-06-15 15:44:53,557 - utils - INFO - ファイルサイズ: 381560 bytes
2025-06-15 15:44:53,586 - utils - INFO - 読み込み成功: utf-8 エンコーディング
2025-06-15 15:44:53,586 - utils - INFO - データ読み込み完了: 440行, エンコーディング: utf-8
2025-06-15 15:44:53,622 - utils - INFO - 有効な問題データ: 440問
2025-06-15 15:44:53,623 - utils - INFO - 4-2専門データ2017年読み込み完了: 440問
2025-06-15 15:44:53,625 - utils - INFO - 問題データ読み込み開始: data/4-2_2018.csv
2025-06-15 15:44:53,627 - utils - INFO - ファイルサイズ: 310682 bytes
2025-06-15 15:44:53,651 - utils - INFO - 読み込み成功: utf-8 エンコーディング
2025-06-15 15:44:53,652 - utils - INFO - データ読み込み完了: 357行, エンコーディング: utf-8
2025-06-15 15:44:53,692 - utils - INFO - 有効な問題データ: 357問
2025-06-15 15:44:53,693 - utils - INFO - 4-2専門データ2018年読み込み完了: 357問
2025-06-15 15:44:53,695 - utils - INFO - 問題データ読み込み開始: data/questions.csv
2025-06-15 15:44:53,700 - utils - INFO - ファイルサイズ: 387 bytes
2025-06-15 15:44:53,707 - utils - INFO - 読み込み成功: utf-8 エンコーディング
2025-06-15 15:44:53,708 - utils - INFO - データ読み込み完了: 1行, エンコーディング: utf-8
2025-06-15 15:44:53,708 - utils - INFO - 有効な問題データ: 1問
2025-06-15 15:44:53,709 - utils - INFO - レガシーデータ読み込み完了: 1問
2025-06-15 15:44:53,710 - utils - INFO - RCCM統合データ読み込み完了: 13ファイル, 総計3884問
2025-06-15 15:44:53,710 - utils - INFO - 4-2専門データ対象年度: [2008, 2009, 2010, 2011, 2012, 2013, 2014, 2015, 2016, 2017, 2018]
2025-06-15 15:44:53,710 - admin_dashboard - INFO - 管理者ダッシュボード初期化: 3884問読み込み完了
2025-06-15 15:44:53,717 - social_learning - INFO - ソーシャル学習機能初期化完了
2025-06-15 15:44:53,723 - api_integration - INFO - プロフェッショナルAPI統合機能初期化完了
2025-06-15 15:44:53,730 - advanced_personalization - INFO - 高度な個人化エンジン初期化完了
2025-06-15 15:44:53,761 - __main__ - INFO - RCCM統合問題データの読み込み開始
2025-06-15 15:44:53,762 - utils - INFO - RCCM統合データ読み込み開始: /mnt/c/Users/z285/Desktop/rccm-quiz-app/rccm-quiz-app/data
2025-06-15 15:44:53,763 - utils - INFO - 問題データ読み込み開始: /mnt/c/Users/z285/Desktop/rccm-quiz-app/rccm-quiz-app/data/4-1.csv
2025-06-15 15:44:53,767 - utils - INFO - ファイルサイズ: 92168 bytes
2025-06-15 15:44:53,778 - utils - INFO - 読み込み成功: utf-8 エンコーディング
2025-06-15 15:44:53,779 - utils - INFO - データ読み込み完了: 202行, エンコーディング: utf-8
2025-06-15 15:44:53,801 - utils - INFO - 有効な問題データ: 202問
2025-06-15 15:44:53,802 - utils - INFO - 4-1基礎データ読み込み完了: 202問
2025-06-15 15:44:53,804 - utils - INFO - 問題データ読み込み開始: /mnt/c/Users/z285/Desktop/rccm-quiz-app/rccm-quiz-app/data/4-2_2008.csv
2025-06-15 15:44:53,807 - utils - INFO - ファイルサイズ: 200456 bytes
2025-06-15 15:44:53,829 - utils - INFO - 読み込み成功: utf-8 エンコーディング
2025-06-15 15:44:53,829 - utils - INFO - データ読み込み完了: 360行, エンコーディング: utf-8
2025-06-15 15:44:53,867 - utils - INFO - 有効な問題データ: 360問
2025-06-15 15:44:53,868 - utils - INFO - 4-2専門データ2008年読み込み完了: 360問
2025-06-15 15:44:53,870 - utils - INFO - 問題データ読み込み開始: /mnt/c/Users/z285/Desktop/rccm-quiz-app/rccm-quiz-app/data/4-2_2009.csv
2025-06-15 15:44:53,873 - utils - INFO - ファイルサイズ: 206977 bytes
2025-06-15 15:44:53,897 - utils - INFO - 読み込み成功: utf-8 エンコーディング
2025-06-15 15:44:53,898 - utils - INFO - データ読み込み完了: 359行, エンコーディング: utf-8
2025-06-15 15:44:53,935 - utils - INFO - 有効な問題データ: 359問
2025-06-15 15:44:53,936 - utils - INFO - 4-2専門データ2009年読み込み完了: 359問
2025-06-15 15:44:53,938 - utils - INFO - 問題データ読み込み開始: /mnt/c/Users/z285/Desktop/rccm-quiz-app/rccm-quiz-app/data/4-2_2010.csv
2025-06-15 15:44:53,941 - utils - INFO - ファイルサイズ: 157993 bytes
2025-06-15 15:44:53,958 - utils - INFO - 読み込み成功: utf-8 エンコーディング
2025-06-15 15:44:53,958 - utils - INFO - データ読み込み完了: 239行, エンコーディング: utf-8
2025-06-15 15:44:53,982 - utils - INFO - 有効な問題データ: 239問
2025-06-15 15:44:53,983 - utils - INFO - 4-2専門データ2010年読み込み完了: 239問
2025-06-15 15:44:53,984 - utils - INFO - 問題データ読み込み開始: /mnt/c/Users/z285/Desktop/rccm-quiz-app/rccm-quiz-app/data/4-2_2011.csv
2025-06-15 15:44:53,987 - utils - INFO - ファイルサイズ: 235229 bytes
2025-06-15 15:44:54,008 - utils - INFO - 読み込み成功: utf-8 エンコーディング
2025-06-15 15:44:54,008 - utils - INFO - データ読み込み完了: 360行, エンコーディング: utf-8
2025-06-15 15:44:54,040 - utils - INFO - 有効な問題データ: 360問
2025-06-15 15:44:54,041 - utils - INFO - 4-2専門データ2011年読み込み完了: 360問
2025-06-15 15:44:54,043 - utils - INFO - 問題データ読み込み開始: /mnt/c/Users/z285/Desktop/rccm-quiz-app/rccm-quiz-app/data/4-2_2012.csv
2025-06-15 15:44:54,045 - utils - INFO - ファイルサイズ: 199097 bytes
2025-06-15 15:44:54,063 - utils - INFO - 読み込み成功: utf-8 エンコーディング
2025-06-15 15:44:54,064 - utils - INFO - データ読み込み完了: 307行, エンコーディング: utf-8
2025-06-15 15:44:54,090 - utils - INFO - 有効な問題データ: 307問
2025-06-15 15:44:54,091 - utils - INFO - 4-2専門データ2012年読み込み完了: 307問
2025-06-15 15:44:54,093 - utils - INFO - 問題データ読み込み開始: /mnt/c/Users/z285/Desktop/rccm-quiz-app/rccm-quiz-app/data/4-2_2013.csv
2025-06-15 15:44:54,095 - utils - INFO - ファイルサイズ: 183685 bytes
2025-06-15 15:44:54,110 - utils - INFO - 読み込み成功: utf-8 エンコーディング
2025-06-15 15:44:54,111 - utils - INFO - データ読み込み完了: 300行, エンコーディング: utf-8
2025-06-15 15:44:54,142 - utils - INFO - 有効な問題データ: 300問
2025-06-15 15:44:54,143 - utils - INFO - 4-2専門データ2013年読み込み完了: 300問
2025-06-15 15:44:54,146 - utils - INFO - 問題データ読み込み開始: /mnt/c/Users/z285/Desktop/rccm-quiz-app/rccm-quiz-app/data/4-2_2014.csv
2025-06-15 15:44:54,150 - utils - INFO - ファイルサイズ: 155568 bytes
2025-06-15 15:44:54,163 - utils - INFO - 読み込み成功: utf-8 エンコーディング
2025-06-15 15:44:54,164 - utils - INFO - データ読み込み完了: 240行, エンコーディング: utf-8
2025-06-15 15:44:54,184 - utils - INFO - 有効な問題データ: 240問
2025-06-15 15:44:54,185 - utils - INFO - 4-2専門データ2014年読み込み完了: 240問
2025-06-15 15:44:54,186 - utils - INFO - 問題データ読み込み開始: /mnt/c/Users/z285/Desktop/rccm-quiz-app/rccm-quiz-app/data/4-2_2015.csv
2025-06-15 15:44:54,189 - utils - INFO - ファイルサイズ: 272405 bytes
2025-06-15 15:44:54,209 - utils - INFO - 読み込み成功: utf-8 エンコーディング
2025-06-15 15:44:54,209 - utils - INFO - データ読み込み完了: 358行, エンコーディング: utf-8
2025-06-15 15:44:54,239 - utils - INFO - 有効な問題データ: 358問
2025-06-15 15:44:54,240 - utils - INFO - 4-2専門データ2015年読み込み完了: 358問
2025-06-15 15:44:54,242 - utils - INFO - 問題データ読み込み開始: /mnt/c/Users/z285/Desktop/rccm-quiz-app/rccm-quiz-app/data/4-2_2016.csv
2025-06-15 15:44:54,245 - utils - INFO - ファイルサイズ: 290835 bytes
2025-06-15 15:44:54,264 - utils - INFO - 読み込み成功: utf-8 エンコーディング
2025-06-15 15:44:54,265 - utils - INFO - データ読み込み完了: 361行, エンコーディング: utf-8
2025-06-15 15:44:54,292 - utils - INFO - 有効な問題データ: 361問
2025-06-15 15:44:54,293 - utils - INFO - 4-2専門データ2016年読み込み完了: 361問
2025-06-15 15:44:54,295 - utils - INFO - 問題データ読み込み開始: /mnt/c/Users/z285/Desktop/rccm-quiz-app/rccm-quiz-app/data/4-2_2017.csv
2025-06-15 15:44:54,298 - utils - INFO - ファイルサイズ: 381560 bytes
2025-06-15 15:44:54,321 - utils - INFO - 読み込み成功: utf-8 エンコーディング
2025-06-15 15:44:54,321 - utils - INFO - データ読み込み完了: 440行, エンコーディング: utf-8
2025-06-15 15:44:54,355 - utils - INFO - 有効な問題データ: 440問
2025-06-15 15:44:54,357 - utils - INFO - 4-2専門データ2017年読み込み完了: 440問
2025-06-15 15:44:54,360 - utils - INFO - 問題データ読み込み開始: /mnt/c/Users/z285/Desktop/rccm-quiz-app/rccm-quiz-app/data/4-2_2018.csv
2025-06-15 15:44:54,366 - utils - INFO - ファイルサイズ: 310682 bytes
2025-06-15 15:44:54,392 - utils - INFO - 読み込み成功: utf-8 エンコーディング
2025-06-15 15:44:54,393 - utils - INFO - データ読み込み完了: 357行, エンコーディング: utf-8
2025-06-15 15:44:54,420 - utils - INFO - 有効な問題データ: 357問
2025-06-15 15:44:54,421 - utils - INFO - 4-2専門データ2018年読み込み完了: 357問
2025-06-15 15:44:54,427 - utils - INFO - 問題データ読み込み開始: /mnt/c/Users/z285/Desktop/rccm-quiz-app/rccm-quiz-app/data/questions.csv
2025-06-15 15:44:54,432 - utils - INFO - ファイルサイズ: 387 bytes
2025-06-15 15:44:54,441 - utils - INFO - 読み込み成功: utf-8 エンコーディング
2025-06-15 15:44:54,442 - utils - INFO - データ読み込み完了: 1行, エンコーディング: utf-8
2025-06-15 15:44:54,443 - utils - INFO - 有効な問題データ: 1問
2025-06-15 15:44:54,443 - utils - INFO - レガシーデータ読み込み完了: 1問
2025-06-15 15:44:54,444 - utils - INFO - RCCM統合データ読み込み完了: 13ファイル, 総計3884問
2025-06-15 15:44:54,444 - utils - INFO - 4-2専門データ対象年度: [2008, 2009, 2010, 2011, 2012, 2013, 2014, 2015, 2016, 2017, 2018]
2025-06-15 15:44:54,448 - __main__ - INFO - RCCM統合データ読み込み完了: 3884問 (検証済み)
2025-06-15 15:44:54,449 - __main__ - INFO - 基本アプリケーション初期化完了: 3884問読み込み
2025-06-15 15:44:54,449 - utils - INFO - CSVデータの事前読み込み開始（企業環境最適化）
2025-06-15 15:44:54,457 - utils - INFO - CSVデータ事前読み込み完了: 12/12 ファイル
2025-06-15 15:44:54,457 - __main__ - INFO - 企業環境用データ事前読み込み完了 - 高速アクセス準備完了
2025-06-15 15:44:54,472 - utils - INFO - データ整合性チェック完了: 3884問
2025-06-15 15:44:54,473 - __main__ - INFO - データ整合性チェック: healthy - 総計3884問
2025-06-15 15:44:54,473 - __main__ - INFO - RCCM試験問題集アプリケーション起動中...
2025-06-15 15:44:54,473 - __main__ - INFO - アクセスURL: http://localhost:5002
 * Serving Flask app 'app'
 * Debug mode: on
2025-06-15 15:44:54,484 - werkzeug - INFO - [31m[1mWARNING: This is a development server. Do not use it in a production deployment. Use a production WSGI server instead.[0m
 * Running on all addresses (0.0.0.0)
 * Running on http://127.0.0.1:5002
 * Running on http://172.18.44.152:5002
2025-06-15 15:44:54,485 - werkzeug - INFO - [33mPress CTRL+C to quit[0m
2025-06-15 15:44:54,486 - werkzeug - INFO -  * Restarting with stat
2025-06-15 15:44:54,993 - utils - INFO - RCCM統合データ読み込み開始: data
2025-06-15 15:44:54,994 - utils - INFO - 問題データ読み込み開始: data/4-1.csv
2025-06-15 15:44:54,995 - utils - INFO - ファイルサイズ: 92168 bytes
2025-06-15 15:44:55,006 - utils - INFO - 読み込み成功: utf-8 エンコーディング
2025-06-15 15:44:55,006 - utils - INFO - データ読み込み完了: 202行, エンコーディング: utf-8
2025-06-15 15:44:55,021 - utils - INFO - 有効な問題データ: 202問
2025-06-15 15:44:55,022 - utils - INFO - 4-1基礎データ読み込み完了: 202問
2025-06-15 15:44:55,025 - utils - INFO - 問題データ読み込み開始: data/4-2_2008.csv
2025-06-15 15:44:55,029 - utils - INFO - ファイルサイズ: 200456 bytes
2025-06-15 15:44:55,050 - utils - INFO - 読み込み成功: utf-8 エンコーディング
2025-06-15 15:44:55,051 - utils - INFO - データ読み込み完了: 360行, エンコーディング: utf-8
2025-06-15 15:44:55,077 - utils - INFO - 有効な問題データ: 360問
2025-06-15 15:44:55,078 - utils - INFO - 4-2専門データ2008年読み込み完了: 360問
2025-06-15 15:44:55,080 - utils - INFO - 問題データ読み込み開始: data/4-2_2009.csv
2025-06-15 15:44:55,085 - utils - INFO - ファイルサイズ: 206977 bytes
2025-06-15 15:44:55,102 - utils - INFO - 読み込み成功: utf-8 エンコーディング
2025-06-15 15:44:55,103 - utils - INFO - データ読み込み完了: 359行, エンコーディング: utf-8
2025-06-15 15:44:55,132 - utils - INFO - 有効な問題データ: 359問
2025-06-15 15:44:55,133 - utils - INFO - 4-2専門データ2009年読み込み完了: 359問
2025-06-15 15:44:55,134 - utils - INFO - 問題データ読み込み開始: data/4-2_2010.csv
2025-06-15 15:44:55,136 - utils - INFO - ファイルサイズ: 157993 bytes
2025-06-15 15:44:55,153 - utils - INFO - 読み込み成功: utf-8 エンコーディング
2025-06-15 15:44:55,154 - utils - INFO - データ読み込み完了: 239行, エンコーディング: utf-8
2025-06-15 15:44:55,173 - utils - INFO - 有効な問題データ: 239問
2025-06-15 15:44:55,173 - utils - INFO - 4-2専門データ2010年読み込み完了: 239問
2025-06-15 15:44:55,174 - utils - INFO - 問題データ読み込み開始: data/4-2_2011.csv
2025-06-15 15:44:55,176 - utils - INFO - ファイルサイズ: 235229 bytes
2025-06-15 15:44:55,193 - utils - INFO - 読み込み成功: utf-8 エンコーディング
2025-06-15 15:44:55,194 - utils - INFO - データ読み込み完了: 360行, エンコーディング: utf-8
2025-06-15 15:44:55,221 - utils - INFO - 有効な問題データ: 360問
2025-06-15 15:44:55,221 - utils - INFO - 4-2専門データ2011年読み込み完了: 360問
2025-06-15 15:44:55,223 - utils - INFO - 問題データ読み込み開始: data/4-2_2012.csv
2025-06-15 15:44:55,225 - utils - INFO - ファイルサイズ: 199097 bytes
2025-06-15 15:44:55,239 - utils - INFO - 読み込み成功: utf-8 エンコーディング
2025-06-15 15:44:55,240 - utils - INFO - データ読み込み完了: 307行, エンコーディング: utf-8
2025-06-15 15:44:55,261 - utils - INFO - 有効な問題データ: 307問
2025-06-15 15:44:55,263 - utils - INFO - 4-2専門データ2012年読み込み完了: 307問
2025-06-15 15:44:55,266 - utils - INFO - 問題データ読み込み開始: data/4-2_2013.csv
2025-06-15 15:44:55,269 - utils - INFO - ファイルサイズ: 183685 bytes
2025-06-15 15:44:55,283 - utils - INFO - 読み込み成功: utf-8 エンコーディング
2025-06-15 15:44:55,284 - utils - INFO - データ読み込み完了: 300行, エンコーディング: utf-8
2025-06-15 15:44:55,310 - utils - INFO - 有効な問題データ: 300問
2025-06-15 15:44:55,311 - utils - INFO - 4-2専門データ2013年読み込み完了: 300問
2025-06-15 15:44:55,313 - utils - INFO - 問題データ読み込み開始: data/4-2_2014.csv
2025-06-15 15:44:55,315 - utils - INFO - ファイルサイズ: 155568 bytes
2025-06-15 15:44:55,328 - utils - INFO - 読み込み成功: utf-8 エンコーディング
2025-06-15 15:44:55,328 - utils - INFO - データ読み込み完了: 240行, エンコーディング: utf-8
2025-06-15 15:44:55,353 - utils - INFO - 有効な問題データ: 240問
2025-06-15 15:44:55,353 - utils - INFO - 4-2専門データ2014年読み込み完了: 240問
2025-06-15 15:44:55,355 - utils - INFO - 問題データ読み込み開始: data/4-2_2015.csv
2025-06-15 15:44:55,356 - utils - INFO - ファイルサイズ: 272405 bytes
2025-06-15 15:44:55,375 - utils - INFO - 読み込み成功: utf-8 エンコーディング
2025-06-15 15:44:55,375 - utils - INFO - データ読み込み完了: 358行, エンコーディング: utf-8
2025-06-15 15:44:55,403 - utils - INFO - 有効な問題データ: 358問
2025-06-15 15:44:55,404 - utils - INFO - 4-2専門データ2015年読み込み完了: 358問
2025-06-15 15:44:55,406 - utils - INFO - 問題データ読み込み開始: data/4-2_2016.csv
2025-06-15 15:44:55,408 - utils - INFO - ファイルサイズ: 290835 bytes
2025-06-15 15:44:55,427 - utils - INFO - 読み込み成功: utf-8 エンコーディング
2025-06-15 15:44:55,428 - utils - INFO - データ読み込み完了: 361行, エンコーディング: utf-8
2025-06-15 15:44:55,466 - utils - INFO - 有効な問題データ: 361問
2025-06-15 15:44:55,470 - utils - INFO - 4-2専門データ2016年読み込み完了: 361問
2025-06-15 15:44:55,472 - utils - INFO - 問題データ読み込み開始: data/4-2_2017.csv
2025-06-15 15:44:55,475 - utils - INFO - ファイルサイズ: 381560 bytes
2025-06-15 15:44:55,508 - utils - INFO - 読み込み成功: utf-8 エンコーディング
2025-06-15 15:44:55,509 - utils - INFO - データ読み込み完了: 440行, エンコーディング: utf-8
2025-06-15 15:44:55,542 - utils - INFO - 有効な問題データ: 440問
2025-06-15 15:44:55,543 - utils - INFO - 4-2専門データ2017年読み込み完了: 440問
2025-06-15 15:44:55,545 - utils - INFO - 問題データ読み込み開始: data/4-2_2018.csv
2025-06-15 15:44:55,548 - utils - INFO - ファイルサイズ: 310682 bytes
2025-06-15 15:44:55,569 - utils - INFO - 読み込み成功: utf-8 エンコーディング
2025-06-15 15:44:55,570 - utils - INFO - データ読み込み完了: 357行, エンコーディング: utf-8
2025-06-15 15:44:55,604 - utils - INFO - 有効な問題データ: 357問
2025-06-15 15:44:55,606 - utils - INFO - 4-2専門データ2018年読み込み完了: 357問
2025-06-15 15:44:55,609 - utils - INFO - 問題データ読み込み開始: data/questions.csv
2025-06-15 15:44:55,613 - utils - INFO - ファイルサイズ: 387 bytes
2025-06-15 15:44:55,623 - utils - INFO - 読み込み成功: utf-8 エンコーディング
2025-06-15 15:44:55,623 - utils - INFO - データ読み込み完了: 1行, エンコーディング: utf-8
2025-06-15 15:44:55,624 - utils - INFO - 有効な問題データ: 1問
2025-06-15 15:44:55,625 - utils - INFO - レガシーデータ読み込み完了: 1問
2025-06-15 15:44:55,626 - utils - INFO - RCCM統合データ読み込み完了: 13ファイル, 総計3884問
2025-06-15 15:44:55,626 - utils - INFO - 4-2専門データ対象年度: [2008, 2009, 2010, 2011, 2012, 2013, 2014, 2015, 2016, 2017, 2018]
2025-06-15 15:44:55,627 - admin_dashboard - INFO - 管理者ダッシュボード初期化: 3884問読み込み完了
2025-06-15 15:44:55,634 - social_learning - INFO - ソーシャル学習機能初期化完了
2025-06-15 15:44:55,639 - api_integration - INFO - プロフェッショナルAPI統合機能初期化完了
2025-06-15 15:44:55,645 - advanced_personalization - INFO - 高度な個人化エンジン初期化完了
2025-06-15 15:44:55,682 - __main__ - INFO - RCCM統合問題データの読み込み開始
2025-06-15 15:44:55,683 - utils - INFO - RCCM統合データ読み込み開始: /mnt/c/Users/z285/Desktop/rccm-quiz-app/rccm-quiz-app/data
2025-06-15 15:44:55,686 - utils - INFO - 問題データ読み込み開始: /mnt/c/Users/z285/Desktop/rccm-quiz-app/rccm-quiz-app/data/4-1.csv
2025-06-15 15:44:55,689 - utils - INFO - ファイルサイズ: 92168 bytes
2025-06-15 15:44:55,701 - utils - INFO - 読み込み成功: utf-8 エンコーディング
2025-06-15 15:44:55,701 - utils - INFO - データ読み込み完了: 202行, エンコーディング: utf-8
2025-06-15 15:44:55,716 - utils - INFO - 有効な問題データ: 202問
2025-06-15 15:44:55,717 - utils - INFO - 4-1基礎データ読み込み完了: 202問
2025-06-15 15:44:55,718 - utils - INFO - 問題データ読み込み開始: /mnt/c/Users/z285/Desktop/rccm-quiz-app/rccm-quiz-app/data/4-2_2008.csv
2025-06-15 15:44:55,721 - utils - INFO - ファイルサイズ: 200456 bytes
2025-06-15 15:44:55,737 - utils - INFO - 読み込み成功: utf-8 エンコーディング
2025-06-15 15:44:55,737 - utils - INFO - データ読み込み完了: 360行, エンコーディング: utf-8
2025-06-15 15:44:55,763 - utils - INFO - 有効な問題データ: 360問
2025-06-15 15:44:55,764 - utils - INFO - 4-2専門データ2008年読み込み完了: 360問
2025-06-15 15:44:55,767 - utils - INFO - 問題データ読み込み開始: /mnt/c/Users/z285/Desktop/rccm-quiz-app/rccm-quiz-app/data/4-2_2009.csv
2025-06-15 15:44:55,771 - utils - INFO - ファイルサイズ: 206977 bytes
2025-06-15 15:44:55,795 - utils - INFO - 読み込み成功: utf-8 エンコーディング
2025-06-15 15:44:55,796 - utils - INFO - データ読み込み完了: 359行, エンコーディング: utf-8
2025-06-15 15:44:55,824 - utils - INFO - 有効な問題データ: 359問
2025-06-15 15:44:55,826 - utils - INFO - 4-2専門データ2009年読み込み完了: 359問
2025-06-15 15:44:55,829 - utils - INFO - 問題データ読み込み開始: /mnt/c/Users/z285/Desktop/rccm-quiz-app/rccm-quiz-app/data/4-2_2010.csv
2025-06-15 15:44:55,832 - utils - INFO - ファイルサイズ: 157993 bytes
2025-06-15 15:44:55,848 - utils - INFO - 読み込み成功: utf-8 エンコーディング
2025-06-15 15:44:55,848 - utils - INFO - データ読み込み完了: 239行, エンコーディング: utf-8
2025-06-15 15:44:55,866 - utils - INFO - 有効な問題データ: 239問
2025-06-15 15:44:55,867 - utils - INFO - 4-2専門データ2010年読み込み完了: 239問
2025-06-15 15:44:55,870 - utils - INFO - 問題データ読み込み開始: /mnt/c/Users/z285/Desktop/rccm-quiz-app/rccm-quiz-app/data/4-2_2011.csv
2025-06-15 15:44:55,874 - utils - INFO - ファイルサイズ: 235229 bytes
2025-06-15 15:44:55,890 - utils - INFO - 読み込み成功: utf-8 エンコーディング
2025-06-15 15:44:55,890 - utils - INFO - データ読み込み完了: 360行, エンコーディング: utf-8
2025-06-15 15:44:55,915 - utils - INFO - 有効な問題データ: 360問
2025-06-15 15:44:55,918 - utils - INFO - 4-2専門データ2011年読み込み完了: 360問
2025-06-15 15:44:55,921 - utils - INFO - 問題データ読み込み開始: /mnt/c/Users/z285/Desktop/rccm-quiz-app/rccm-quiz-app/data/4-2_2012.csv
2025-06-15 15:44:55,924 - utils - INFO - ファイルサイズ: 199097 bytes
2025-06-15 15:44:55,939 - utils - INFO - 読み込み成功: utf-8 エンコーディング
2025-06-15 15:44:55,940 - utils - INFO - データ読み込み完了: 307行, エンコーディング: utf-8
2025-06-15 15:44:55,961 - utils - INFO - 有効な問題データ: 307問
2025-06-15 15:44:55,963 - utils - INFO - 4-2専門データ2012年読み込み完了: 307問
2025-06-15 15:44:55,967 - utils - INFO - 問題データ読み込み開始: /mnt/c/Users/z285/Desktop/rccm-quiz-app/rccm-quiz-app/data/4-2_2013.csv
2025-06-15 15:44:55,975 - utils - INFO - ファイルサイズ: 183685 bytes
2025-06-15 15:44:56,005 - utils - INFO - 読み込み成功: utf-8 エンコーディング
2025-06-15 15:44:56,005 - utils - INFO - データ読み込み完了: 300行, エンコーディング: utf-8
2025-06-15 15:44:56,026 - utils - INFO - 有効な問題データ: 300問
2025-06-15 15:44:56,027 - utils - INFO - 4-2専門データ2013年読み込み完了: 300問
2025-06-15 15:44:56,031 - utils - INFO - 問題データ読み込み開始: /mnt/c/Users/z285/Desktop/rccm-quiz-app/rccm-quiz-app/data/4-2_2014.csv
2025-06-15 15:44:56,035 - utils - INFO - ファイルサイズ: 155568 bytes
2025-06-15 15:44:56,048 - utils - INFO - 読み込み成功: utf-8 エンコーディング
2025-06-15 15:44:56,048 - utils - INFO - データ読み込み完了: 240行, エンコーディング: utf-8
2025-06-15 15:44:56,065 - utils - INFO - 有効な問題データ: 240問
2025-06-15 15:44:56,070 - utils - INFO - 4-2専門データ2014年読み込み完了: 240問
2025-06-15 15:44:56,073 - utils - INFO - 問題データ読み込み開始: /mnt/c/Users/z285/Desktop/rccm-quiz-app/rccm-quiz-app/data/4-2_2015.csv
2025-06-15 15:44:56,080 - utils - INFO - ファイルサイズ: 272405 bytes
2025-06-15 15:44:56,101 - utils - INFO - 読み込み成功: utf-8 エンコーディング
2025-06-15 15:44:56,101 - utils - INFO - データ読み込み完了: 358行, エンコーディング: utf-8
2025-06-15 15:44:56,125 - utils - INFO - 有効な問題データ: 358問
2025-06-15 15:44:56,126 - utils - INFO - 4-2専門データ2015年読み込み完了: 358問
2025-06-15 15:44:56,130 - utils - INFO - 問題データ読み込み開始: /mnt/c/Users/z285/Desktop/rccm-quiz-app/rccm-quiz-app/data/4-2_2016.csv
2025-06-15 15:44:56,135 - utils - INFO - ファイルサイズ: 290835 bytes
2025-06-15 15:44:56,166 - utils - INFO - 読み込み成功: utf-8 エンコーディング
2025-06-15 15:44:56,166 - utils - INFO - データ読み込み完了: 361行, エンコーディング: utf-8
2025-06-15 15:44:56,193 - utils - INFO - 有効な問題データ: 361問
2025-06-15 15:44:56,195 - utils - INFO - 4-2専門データ2016年読み込み完了: 361問
2025-06-15 15:44:56,199 - utils - INFO - 問題データ読み込み開始: /mnt/c/Users/z285/Desktop/rccm-quiz-app/rccm-quiz-app/data/4-2_2017.csv
2025-06-15 15:44:56,204 - utils - INFO - ファイルサイズ: 381560 bytes
2025-06-15 15:44:56,226 - utils - INFO - 読み込み成功: utf-8 エンコーディング
2025-06-15 15:44:56,227 - utils - INFO - データ読み込み完了: 440行, エンコーディング: utf-8
2025-06-15 15:44:56,260 - utils - INFO - 有効な問題データ: 440問
2025-06-15 15:44:56,262 - utils - INFO - 4-2専門データ2017年読み込み完了: 440問
2025-06-15 15:44:56,265 - utils - INFO - 問題データ読み込み開始: /mnt/c/Users/z285/Desktop/rccm-quiz-app/rccm-quiz-app/data/4-2_2018.csv
2025-06-15 15:44:56,271 - utils - INFO - ファイルサイズ: 310682 bytes
2025-06-15 15:44:56,294 - utils - INFO - 読み込み成功: utf-8 エンコーディング
2025-06-15 15:44:56,294 - utils - INFO - データ読み込み完了: 357行, エンコーディング: utf-8
2025-06-15 15:44:56,321 - utils - INFO - 有効な問題データ: 357問
2025-06-15 15:44:56,322 - utils - INFO - 4-2専門データ2018年読み込み完了: 357問
2025-06-15 15:44:56,328 - utils - INFO - 問題データ読み込み開始: /mnt/c/Users/z285/Desktop/rccm-quiz-app/rccm-quiz-app/data/questions.csv
2025-06-15 15:44:56,332 - utils - INFO - ファイルサイズ: 387 bytes
2025-06-15 15:44:56,338 - utils - INFO - 読み込み成功: utf-8 エンコーディング
2025-06-15 15:44:56,339 - utils - INFO - データ読み込み完了: 1行, エンコーディング: utf-8
2025-06-15 15:44:56,340 - utils - INFO - 有効な問題データ: 1問
2025-06-15 15:44:56,340 - utils - INFO - レガシーデータ読み込み完了: 1問
2025-06-15 15:44:56,341 - utils - INFO - RCCM統合データ読み込み完了: 13ファイル, 総計3884問
2025-06-15 15:44:56,342 - utils - INFO - 4-2専門データ対象年度: [2008, 2009, 2010, 2011, 2012, 2013, 2014, 2015, 2016, 2017, 2018]
2025-06-15 15:44:56,345 - __main__ - INFO - RCCM統合データ読み込み完了: 3884問 (検証済み)
2025-06-15 15:44:56,345 - __main__ - INFO - 基本アプリケーション初期化完了: 3884問読み込み
2025-06-15 15:44:56,346 - utils - INFO - CSVデータの事前読み込み開始（企業環境最適化）
2025-06-15 15:44:56,351 - utils - INFO - CSVデータ事前読み込み完了: 12/12 ファイル
2025-06-15 15:44:56,352 - __main__ - INFO - 企業環境用データ事前読み込み完了 - 高速アクセス準備完了
2025-06-15 15:44:56,363 - utils - INFO - データ整合性チェック完了: 3884問
2025-06-15 15:44:56,363 - __main__ - INFO - データ整合性チェック: healthy - 総計3884問
2025-06-15 15:44:56,363 - __main__ - INFO - RCCM試験問題集アプリケーション起動中...
2025-06-15 15:44:56,364 - __main__ - INFO - アクセスURL: http://localhost:5002
2025-06-15 15:44:56,371 - werkzeug - WARNING -  * Debugger is active!
2025-06-15 15:44:56,372 - werkzeug - INFO -  * Debugger PIN: 368-620-233
2025-06-15 15:45:11,407 - __main__ - INFO - ホームページアクセス - 未認証ユーザー
2025-06-15 15:45:11,423 - werkzeug - INFO - 127.0.0.1 - - [15/Jun/2025 15:45:11] "GET / HTTP/1.1" 200 -
2025-06-15 15:45:58,572 - __main__ - INFO - ホームページアクセス - ユーザー: hata
2025-06-15 15:45:58,576 - werkzeug - INFO - 127.0.0.1 - - [15/Jun/2025 15:45:58] "GET / HTTP/1.1" 200 -
2025-06-15 15:45:58,845 - werkzeug - INFO - 127.0.0.1 - - [15/Jun/2025 15:45:58] "GET /static/js/main.js HTTP/1.1" 200 -
2025-06-15 15:45:58,925 - werkzeug - INFO - 127.0.0.1 - - [15/Jun/2025 15:45:58] "GET /static/js/mobile-features.js HTTP/1.1" 200 -
2025-06-15 15:45:58,933 - werkzeug - INFO - 127.0.0.1 - - [15/Jun/2025 15:45:58] "GET /api/gamification/status HTTP/1.1" 200 -
2025-06-15 15:45:59,421 - werkzeug - INFO - 127.0.0.1 - - [15/Jun/2025 15:45:59] "GET /static/icons/favicon-32x32.png HTTP/1.1" 200 -
2025-06-15 15:45:59,506 - werkzeug - INFO - 127.0.0.1 - - [15/Jun/2025 15:45:59] "GET /manifest.json HTTP/1.1" 200 -
2025-06-15 15:45:59,539 - werkzeug - INFO - 127.0.0.1 - - [15/Jun/2025 15:45:59] "GET /static/icons/favicon-16x16.png HTTP/1.1" 200 -
2025-06-15 15:45:59,680 - werkzeug - INFO - 127.0.0.1 - - [15/Jun/2025 15:45:59] "GET /static/icons/icon-144x144.png HTTP/1.1" 200 -
2025-06-15 15:45:59,819 - werkzeug - INFO - 127.0.0.1 - - [15/Jun/2025 15:45:59] "GET /static/sw.js HTTP/1.1" 200 -
2025-06-15 15:45:59,854 - __main__ - INFO - ホームページアクセス - ユーザー: hata
2025-06-15 15:45:59,860 - werkzeug - INFO - 127.0.0.1 - - [15/Jun/2025 15:45:59] "GET / HTTP/1.1" 200 -
2025-06-15 15:46:00,165 - werkzeug - INFO - 127.0.0.1 - - [15/Jun/2025 15:46:00] "GET /static/js/mobile-features.js HTTP/1.1" 200 -
2025-06-15 15:46:00,167 - werkzeug - INFO - 127.0.0.1 - - [15/Jun/2025 15:46:00] "GET /static/js/exam.js HTTP/1.1" 200 -
2025-06-15 15:46:00,175 - werkzeug - INFO - 127.0.0.1 - - [15/Jun/2025 15:46:00] "GET /static/manifest.json HTTP/1.1" 200 -
2025-06-15 15:46:00,478 - __main__ - INFO - GET処理: current_no=0, exam_question_ids=[68, 156, 143, 187, 109], is_next=False, total_ids=10
2025-06-15 15:46:00,479 - __main__ - INFO - セッション詳細: session keys=['_permanent', 'category_stats', 'data_loaded', 'exam_category', 'exam_current', 'exam_question_ids', 'history', 'login_time', 'request_history', 'selected_department', 'selected_question_type', 'session_id', 'user_id', 'user_name'], exam_current=0
2025-06-15 15:46:00,480 - __main__ - INFO - リセット判定: is_next=False, exam_ids=True, category_match=True, current_no=0, len=10
2025-06-15 15:46:00,481 - __main__ - INFO - need_reset = False
2025-06-15 15:46:00,481 - __main__ - INFO - 問題ID取得: current_no=0, question_id=68
2025-06-15 15:46:00,482 - __main__ - INFO - 問題表示: 1/10 (内部: current_no=0, total_ids=10)
2025-06-15 15:46:00,511 - werkzeug - INFO - 127.0.0.1 - - [15/Jun/2025 15:46:00] "GET /categories HTTP/1.1" 200 -
2025-06-15 15:46:00,513 - werkzeug - INFO - 127.0.0.1 - - [15/Jun/2025 15:46:00] "GET /exam HTTP/1.1" 200 -
2025-06-15 15:46:00,534 - werkzeug - INFO - 127.0.0.1 - - [15/Jun/2025 15:46:00] "GET /statistics HTTP/1.1" 200 -
2025-06-15 15:46:00,877 - werkzeug - INFO - 127.0.0.1 - - [15/Jun/2025 15:46:00] "GET /exam_simulator HTTP/1.1" 200 -
2025-06-15 15:46:00,896 - werkzeug - INFO - 127.0.0.1 - - [15/Jun/2025 15:46:00] "GET /ai_analysis HTTP/1.1" 200 -
2025-06-15 15:46:06,420 - __main__ - INFO - 部門特化学習画面表示: civil_planning (河川、砂防及び海岸・海洋)
2025-06-15 15:46:06,420 - __main__ - INFO - 4-1基礎: 203問, 4-2専門: 169問
2025-06-15 15:46:06,437 - werkzeug - INFO - 127.0.0.1 - - [15/Jun/2025 15:46:06] "GET /department_study/civil_planning HTTP/1.1" 200 -
2025-06-15 15:46:06,691 - werkzeug - INFO - 127.0.0.1 - - [15/Jun/2025 15:46:06] "GET /static/js/main.js HTTP/1.1" 200 -
2025-06-15 15:46:06,777 - werkzeug - INFO - 127.0.0.1 - - [15/Jun/2025 15:46:06] "GET /static/js/mobile-features.js HTTP/1.1" 200 -
2025-06-15 15:46:06,841 - werkzeug - INFO - 127.0.0.1 - - [15/Jun/2025 15:46:06] "GET /manifest.json HTTP/1.1" 200 -
2025-06-15 15:46:06,847 - werkzeug - INFO - 127.0.0.1 - - [15/Jun/2025 15:46:06] "GET /static/icons/favicon-32x32.png HTTP/1.1" 200 -
2025-06-15 15:46:07,231 - werkzeug - INFO - 127.0.0.1 - - [15/Jun/2025 15:46:07] "GET /static/icons/favicon-16x16.png HTTP/1.1" 200 -
2025-06-15 15:46:07,232 - werkzeug - INFO - 127.0.0.1 - - [15/Jun/2025 15:46:07] "GET /static/icons/icon-144x144.png HTTP/1.1" 200 -
2025-06-15 15:46:11,239 - __main__ - ERROR - 部門別カテゴリ表示エラー: Could not build url for endpoint 'quiz' with values ['category', 'department', 'question_type']. Did you mean 'review_quiz' instead?
2025-06-15 15:46:11,249 - werkzeug - INFO - 127.0.0.1 - - [15/Jun/2025 15:46:11] "GET /departments/civil_planning/types/basic/categories HTTP/1.1" 200 -
2025-06-15 15:46:11,588 - werkzeug - INFO - 127.0.0.1 - - [15/Jun/2025 15:46:11] "GET /static/js/mobile-features.js HTTP/1.1" 200 -
2025-06-15 15:46:11,589 - werkzeug - INFO - 127.0.0.1 - - [15/Jun/2025 15:46:11] "GET /static/js/main.js HTTP/1.1" 200 -
2025-06-15 15:46:11,836 - werkzeug - INFO - 127.0.0.1 - - [15/Jun/2025 15:46:11] "GET /static/icons/favicon-32x32.png HTTP/1.1" 200 -
2025-06-15 15:46:11,940 - werkzeug - INFO - 127.0.0.1 - - [15/Jun/2025 15:46:11] "GET /static/icons/favicon-16x16.png HTTP/1.1" 200 -
2025-06-15 15:46:11,956 - werkzeug - INFO - 127.0.0.1 - - [15/Jun/2025 15:46:11] "GET /manifest.json HTTP/1.1" 200 -
2025-06-15 15:46:12,153 - werkzeug - INFO - 127.0.0.1 - - [15/Jun/2025 15:46:12] "GET /static/icons/icon-144x144.png HTTP/1.1" 200 -
2025-06-15 15:46:13,912 - __main__ - INFO - 部門特化学習画面表示: civil_planning (河川、砂防及び海岸・海洋)
2025-06-15 15:46:13,912 - __main__ - INFO - 4-1基礎: 203問, 4-2専門: 169問
2025-06-15 15:46:13,916 - werkzeug - INFO - 127.0.0.1 - - [15/Jun/2025 15:46:13] "GET /department_study/civil_planning HTTP/1.1" 200 -
2025-06-15 15:46:14,248 - werkzeug - INFO - 127.0.0.1 - - [15/Jun/2025 15:46:14] "GET /static/js/main.js HTTP/1.1" 200 -
2025-06-15 15:46:14,256 - werkzeug - INFO - 127.0.0.1 - - [15/Jun/2025 15:46:14] "GET /static/js/mobile-features.js HTTP/1.1" 200 -
2025-06-15 15:46:14,357 - werkzeug - INFO - 127.0.0.1 - - [15/Jun/2025 15:46:14] "GET /manifest.json HTTP/1.1" 200 -
2025-06-15 15:46:14,517 - werkzeug - INFO - 127.0.0.1 - - [15/Jun/2025 15:46:14] "GET /static/icons/favicon-32x32.png HTTP/1.1" 200 -
2025-06-15 15:46:14,649 - werkzeug - INFO - 127.0.0.1 - - [15/Jun/2025 15:46:14] "GET /static/icons/icon-144x144.png HTTP/1.1" 200 -
2025-06-15 15:46:14,747 - werkzeug - INFO - 127.0.0.1 - - [15/Jun/2025 15:46:14] "GET /static/icons/favicon-16x16.png HTTP/1.1" 200 -
2025-06-15 15:48:19,008 - __main__ - ERROR - 部門別カテゴリ表示エラー: Could not build url for endpoint 'quiz' with values ['category', 'department', 'question_type']. Did you mean 'review_quiz' instead?
2025-06-15 15:48:19,014 - werkzeug - INFO - 127.0.0.1 - - [15/Jun/2025 15:48:19] "GET /departments/civil_planning/types/specialist/categories HTTP/1.1" 200 -
2025-06-15 15:48:19,270 - werkzeug - INFO - 127.0.0.1 - - [15/Jun/2025 15:48:19] "GET /static/js/main.js HTTP/1.1" 200 -
2025-06-15 15:48:19,348 - werkzeug - INFO - 127.0.0.1 - - [15/Jun/2025 15:48:19] "GET /static/js/mobile-features.js HTTP/1.1" 200 -
2025-06-15 15:48:19,425 - werkzeug - INFO - 127.0.0.1 - - [15/Jun/2025 15:48:19] "GET /static/icons/favicon-32x32.png HTTP/1.1" 200 -
2025-06-15 15:48:19,734 - werkzeug - INFO - 127.0.0.1 - - [15/Jun/2025 15:48:19] "GET /manifest.json HTTP/1.1" 200 -
2025-06-15 15:48:19,771 - werkzeug - INFO - 127.0.0.1 - - [15/Jun/2025 15:48:19] "GET /static/icons/favicon-16x16.png HTTP/1.1" 200 -
2025-06-15 15:48:20,033 - werkzeug - INFO - 127.0.0.1 - - [15/Jun/2025 15:48:20] "GET /static/icons/icon-144x144.png HTTP/1.1" 200 -
2025-06-15 15:48:21,359 - __main__ - INFO - 部門特化学習画面表示: civil_planning (河川、砂防及び海岸・海洋)
2025-06-15 15:48:21,360 - __main__ - INFO - 4-1基礎: 203問, 4-2専門: 169問
2025-06-15 15:48:21,363 - werkzeug - INFO - 127.0.0.1 - - [15/Jun/2025 15:48:21] "GET /department_study/civil_planning HTTP/1.1" 200 -
2025-06-15 15:48:21,709 - werkzeug - INFO - 127.0.0.1 - - [15/Jun/2025 15:48:21] "GET /static/js/mobile-features.js HTTP/1.1" 200 -
2025-06-15 15:48:21,709 - werkzeug - INFO - 127.0.0.1 - - [15/Jun/2025 15:48:21] "GET /static/js/main.js HTTP/1.1" 200 -
2025-06-15 15:48:21,785 - werkzeug - INFO - 127.0.0.1 - - [15/Jun/2025 15:48:21] "GET /manifest.json HTTP/1.1" 200 -
2025-06-15 15:48:21,969 - werkzeug - INFO - 127.0.0.1 - - [15/Jun/2025 15:48:21] "GET /static/icons/favicon-32x32.png HTTP/1.1" 200 -
2025-06-15 15:48:22,091 - werkzeug - INFO - 127.0.0.1 - - [15/Jun/2025 15:48:22] "GET /static/icons/icon-144x144.png HTTP/1.1" 200 -
2025-06-15 15:48:22,175 - werkzeug - INFO - 127.0.0.1 - - [15/Jun/2025 15:48:22] "GET /static/icons/favicon-16x16.png HTTP/1.1" 200 -
2025-06-15 15:49:02,721 - __main__ - INFO - GET処理: current_no=0, exam_question_ids=[68, 156, 143, 187, 109], is_next=False, total_ids=10
2025-06-15 15:49:02,722 - __main__ - INFO - セッション詳細: session keys=['_permanent', 'category_stats', 'data_loaded', 'exam_category', 'exam_current', 'exam_question_ids', 'history', 'login_time', 'request_history', 'selected_department', 'selected_question_type', 'session_id', 'user_id', 'user_name'], exam_current=0
2025-06-15 15:49:02,723 - __main__ - INFO - リセット判定: is_next=False, exam_ids=True, category_match=True, current_no=0, len=10
2025-06-15 15:49:02,723 - __main__ - INFO - need_reset = False
2025-06-15 15:49:02,724 - __main__ - INFO - 問題ID取得: current_no=0, question_id=68
2025-06-15 15:49:02,724 - __main__ - INFO - 問題表示: 1/10 (内部: current_no=0, total_ids=10)
2025-06-15 15:49:02,730 - werkzeug - INFO - 127.0.0.1 - - [15/Jun/2025 15:49:02] "GET /exam?department=civil_planning&type=specialist HTTP/1.1" 200 -
2025-06-15 15:49:03,072 - werkzeug - INFO - 127.0.0.1 - - [15/Jun/2025 15:49:03] "GET /static/js/main.js HTTP/1.1" 200 -
2025-06-15 15:49:03,072 - werkzeug - INFO - 127.0.0.1 - - [15/Jun/2025 15:49:03] "GET /static/js/mobile-features.js HTTP/1.1" 200 -
2025-06-15 15:49:03,333 - werkzeug - INFO - 127.0.0.1 - - [15/Jun/2025 15:49:03] "GET /static/icons/favicon-32x32.png HTTP/1.1" 200 -
2025-06-15 15:49:03,487 - werkzeug - INFO - 127.0.0.1 - - [15/Jun/2025 15:49:03] "GET /manifest.json HTTP/1.1" 200 -
2025-06-15 15:49:03,494 - werkzeug - INFO - 127.0.0.1 - - [15/Jun/2025 15:49:03] "GET /static/icons/favicon-16x16.png HTTP/1.1" 200 -
2025-06-15 15:49:03,674 - werkzeug - INFO - 127.0.0.1 - - [15/Jun/2025 15:49:03] "GET /static/icons/icon-144x144.png HTTP/1.1" 200 -
2025-06-15 19:03:05,426 - werkzeug - INFO -  * Detected change in '/mnt/c/Users/z285/Desktop/rccm-quiz-app/rccm-quiz-app/utils.py', reloading
2025-06-15 19:03:05,550 - werkzeug - INFO -  * Restarting with stat
2025-06-15 19:03:06,082 - utils - INFO - RCCM統合データ読み込み開始: data
2025-06-15 19:03:06,083 - utils - INFO - 問題データ読み込み開始: data/4-1.csv
2025-06-15 19:03:06,088 - utils - INFO - ファイルサイズ: 92168 bytes
2025-06-15 19:03:06,103 - utils - INFO - 読み込み成功: utf-8 エンコーディング
2025-06-15 19:03:06,104 - utils - INFO - データ読み込み完了: 202行, エンコーディング: utf-8
2025-06-15 19:03:06,119 - utils - INFO - 有効な問題データ: 202問
2025-06-15 19:03:06,119 - utils - INFO - 4-1基礎データ読み込み完了: 202問
2025-06-15 19:03:06,121 - utils - INFO - 問題データ読み込み開始: data/4-2_2008.csv
2025-06-15 19:03:06,124 - utils - INFO - ファイルサイズ: 200456 bytes
2025-06-15 19:03:06,139 - utils - INFO - 読み込み成功: utf-8 エンコーディング
2025-06-15 19:03:06,140 - utils - INFO - データ読み込み完了: 360行, エンコーディング: utf-8
2025-06-15 19:03:06,167 - utils - INFO - 有効な問題データ: 360問
2025-06-15 19:03:06,168 - utils - INFO - 4-2専門データ2008年読み込み完了: 360問
2025-06-15 19:03:06,173 - utils - INFO - 問題データ読み込み開始: data/4-2_2009.csv
2025-06-15 19:03:06,176 - utils - INFO - ファイルサイズ: 206977 bytes
2025-06-15 19:03:06,195 - utils - INFO - 読み込み成功: utf-8 エンコーディング
2025-06-15 19:03:06,195 - utils - INFO - データ読み込み完了: 359行, エンコーディング: utf-8
2025-06-15 19:03:06,225 - utils - INFO - 有効な問題データ: 359問
2025-06-15 19:03:06,226 - utils - INFO - 4-2専門データ2009年読み込み完了: 359問
2025-06-15 19:03:06,229 - utils - INFO - 問題データ読み込み開始: data/4-2_2010.csv
2025-06-15 19:03:06,231 - utils - INFO - ファイルサイズ: 157993 bytes
2025-06-15 19:03:06,247 - utils - INFO - 読み込み成功: utf-8 エンコーディング
2025-06-15 19:03:06,248 - utils - INFO - データ読み込み完了: 239行, エンコーディング: utf-8
2025-06-15 19:03:06,267 - utils - INFO - 有効な問題データ: 239問
2025-06-15 19:03:06,268 - utils - INFO - 4-2専門データ2010年読み込み完了: 239問
2025-06-15 19:03:06,270 - utils - INFO - 問題データ読み込み開始: data/4-2_2011.csv
2025-06-15 19:03:06,273 - utils - INFO - ファイルサイズ: 235229 bytes
2025-06-15 19:03:06,292 - utils - INFO - 読み込み成功: utf-8 エンコーディング
2025-06-15 19:03:06,293 - utils - INFO - データ読み込み完了: 360行, エンコーディング: utf-8
2025-06-15 19:03:06,322 - utils - INFO - 有効な問題データ: 360問
2025-06-15 19:03:06,323 - utils - INFO - 4-2専門データ2011年読み込み完了: 360問
2025-06-15 19:03:06,325 - utils - INFO - 問題データ読み込み開始: data/4-2_2012.csv
2025-06-15 19:03:06,328 - utils - INFO - ファイルサイズ: 199097 bytes
2025-06-15 19:03:06,347 - utils - INFO - 読み込み成功: utf-8 エンコーディング
2025-06-15 19:03:06,347 - utils - INFO - データ読み込み完了: 307行, エンコーディング: utf-8
2025-06-15 19:03:06,378 - utils - INFO - 有効な問題データ: 307問
2025-06-15 19:03:06,379 - utils - INFO - 4-2専門データ2012年読み込み完了: 307問
2025-06-15 19:03:06,381 - utils - INFO - 問題データ読み込み開始: data/4-2_2013.csv
2025-06-15 19:03:06,384 - utils - INFO - ファイルサイズ: 183685 bytes
2025-06-15 19:03:06,401 - utils - INFO - 読み込み成功: utf-8 エンコーディング
2025-06-15 19:03:06,401 - utils - INFO - データ読み込み完了: 300行, エンコーディング: utf-8
2025-06-15 19:03:06,430 - utils - INFO - 有効な問題データ: 300問
2025-06-15 19:03:06,431 - utils - INFO - 4-2専門データ2013年読み込み完了: 300問
2025-06-15 19:03:06,433 - utils - INFO - 問題データ読み込み開始: data/4-2_2014.csv
2025-06-15 19:03:06,435 - utils - INFO - ファイルサイズ: 155568 bytes
2025-06-15 19:03:06,456 - utils - INFO - 読み込み成功: utf-8 エンコーディング
2025-06-15 19:03:06,457 - utils - INFO - データ読み込み完了: 240行, エンコーディング: utf-8
2025-06-15 19:03:06,480 - utils - INFO - 有効な問題データ: 240問
2025-06-15 19:03:06,482 - utils - INFO - 4-2専門データ2014年読み込み完了: 240問
2025-06-15 19:03:06,484 - utils - INFO - 問題データ読み込み開始: data/4-2_2015.csv
2025-06-15 19:03:06,487 - utils - INFO - ファイルサイズ: 272405 bytes
2025-06-15 19:03:06,513 - utils - INFO - 読み込み成功: utf-8 エンコーディング
2025-06-15 19:03:06,514 - utils - INFO - データ読み込み完了: 358行, エンコーディング: utf-8
2025-06-15 19:03:06,548 - utils - INFO - 有効な問題データ: 358問
2025-06-15 19:03:06,549 - utils - INFO - 4-2専門データ2015年読み込み完了: 358問
2025-06-15 19:03:06,551 - utils - INFO - 問題データ読み込み開始: data/4-2_2016.csv
2025-06-15 19:03:06,553 - utils - INFO - ファイルサイズ: 290835 bytes
2025-06-15 19:03:06,577 - utils - INFO - 読み込み成功: utf-8 エンコーディング
2025-06-15 19:03:06,578 - utils - INFO - データ読み込み完了: 361行, エンコーディング: utf-8
2025-06-15 19:03:06,644 - utils - INFO - 有効な問題データ: 361問
2025-06-15 19:03:06,662 - utils - INFO - 4-2専門データ2016年読み込み完了: 361問
2025-06-15 19:03:06,664 - utils - INFO - 問題データ読み込み開始: data/4-2_2017.csv
2025-06-15 19:03:06,667 - utils - INFO - ファイルサイズ: 381560 bytes
2025-06-15 19:03:06,699 - utils - INFO - 読み込み成功: utf-8 エンコーディング
2025-06-15 19:03:06,699 - utils - INFO - データ読み込み完了: 440行, エンコーディング: utf-8
2025-06-15 19:03:06,739 - utils - INFO - 有効な問題データ: 440問
2025-06-15 19:03:06,740 - utils - INFO - 4-2専門データ2017年読み込み完了: 440問
2025-06-15 19:03:06,742 - utils - INFO - 問題データ読み込み開始: data/4-2_2018.csv
2025-06-15 19:03:06,744 - utils - INFO - ファイルサイズ: 310682 bytes
2025-06-15 19:03:06,774 - utils - INFO - 読み込み成功: utf-8 エンコーディング
2025-06-15 19:03:06,774 - utils - INFO - データ読み込み完了: 357行, エンコーディング: utf-8
2025-06-15 19:03:06,810 - utils - INFO - 有効な問題データ: 357問
2025-06-15 19:03:06,811 - utils - INFO - 4-2専門データ2018年読み込み完了: 357問
2025-06-15 19:03:06,813 - utils - INFO - 問題データ読み込み開始: data/questions.csv
2025-06-15 19:03:06,816 - utils - INFO - ファイルサイズ: 387 bytes
2025-06-15 19:03:06,826 - utils - INFO - 読み込み成功: utf-8 エンコーディング
2025-06-15 19:03:06,826 - utils - INFO - データ読み込み完了: 1行, エンコーディング: utf-8
2025-06-15 19:03:06,827 - utils - INFO - 有効な問題データ: 1問
2025-06-15 19:03:06,828 - utils - INFO - レガシーデータ読み込み完了: 1問
2025-06-15 19:03:06,831 - utils - INFO - ID衝突解決: 基礎=203問, 専門=3681問, その他=0問
2025-06-15 19:03:06,833 - utils - INFO - RCCM統合データ読み込み完了: 13ファイル, 総計3884問
2025-06-15 19:03:06,833 - utils - INFO - 4-2専門データ対象年度: [2008, 2009, 2010, 2011, 2012, 2013, 2014, 2015, 2016, 2017, 2018]
2025-06-15 19:03:06,834 - admin_dashboard - INFO - 管理者ダッシュボード初期化: 3884問読み込み完了
2025-06-15 19:03:06,845 - social_learning - INFO - ソーシャル学習機能初期化完了
2025-06-15 19:03:06,855 - api_integration - INFO - プロフェッショナルAPI統合機能初期化完了
2025-06-15 19:03:06,863 - advanced_personalization - INFO - 高度な個人化エンジン初期化完了
2025-06-15 19:03:06,916 - __main__ - INFO - RCCM統合問題データの読み込み開始
2025-06-15 19:03:06,917 - utils - INFO - RCCM統合データ読み込み開始: /mnt/c/Users/z285/Desktop/rccm-quiz-app/rccm-quiz-app/data
2025-06-15 19:03:06,918 - utils - INFO - 問題データ読み込み開始: /mnt/c/Users/z285/Desktop/rccm-quiz-app/rccm-quiz-app/data/4-1.csv
2025-06-15 19:03:06,923 - utils - INFO - ファイルサイズ: 92168 bytes
2025-06-15 19:03:06,938 - utils - INFO - 読み込み成功: utf-8 エンコーディング
2025-06-15 19:03:06,938 - utils - INFO - データ読み込み完了: 202行, エンコーディング: utf-8
2025-06-15 19:03:06,960 - utils - INFO - 有効な問題データ: 202問
2025-06-15 19:03:06,961 - utils - INFO - 4-1基礎データ読み込み完了: 202問
2025-06-15 19:03:06,962 - utils - INFO - 問題データ読み込み開始: /mnt/c/Users/z285/Desktop/rccm-quiz-app/rccm-quiz-app/data/4-2_2008.csv
2025-06-15 19:03:06,965 - utils - INFO - ファイルサイズ: 200456 bytes
2025-06-15 19:03:06,991 - utils - INFO - 読み込み成功: utf-8 エンコーディング
2025-06-15 19:03:06,992 - utils - INFO - データ読み込み完了: 360行, エンコーディング: utf-8
2025-06-15 19:03:07,036 - utils - INFO - 有効な問題データ: 360問
2025-06-15 19:03:07,038 - utils - INFO - 4-2専門データ2008年読み込み完了: 360問
2025-06-15 19:03:07,040 - utils - INFO - 問題データ読み込み開始: /mnt/c/Users/z285/Desktop/rccm-quiz-app/rccm-quiz-app/data/4-2_2009.csv
2025-06-15 19:03:07,042 - utils - INFO - ファイルサイズ: 206977 bytes
2025-06-15 19:03:07,060 - utils - INFO - 読み込み成功: utf-8 エンコーディング
2025-06-15 19:03:07,060 - utils - INFO - データ読み込み完了: 359行, エンコーディング: utf-8
2025-06-15 19:03:07,093 - utils - INFO - 有効な問題データ: 359問
2025-06-15 19:03:07,095 - utils - INFO - 4-2専門データ2009年読み込み完了: 359問
2025-06-15 19:03:07,099 - utils - INFO - 問題データ読み込み開始: /mnt/c/Users/z285/Desktop/rccm-quiz-app/rccm-quiz-app/data/4-2_2010.csv
2025-06-15 19:03:07,103 - utils - INFO - ファイルサイズ: 157993 bytes
2025-06-15 19:03:07,121 - utils - INFO - 読み込み成功: utf-8 エンコーディング
2025-06-15 19:03:07,122 - utils - INFO - データ読み込み完了: 239行, エンコーディング: utf-8
2025-06-15 19:03:07,145 - utils - INFO - 有効な問題データ: 239問
2025-06-15 19:03:07,146 - utils - INFO - 4-2専門データ2010年読み込み完了: 239問
2025-06-15 19:03:07,147 - utils - INFO - 問題データ読み込み開始: /mnt/c/Users/z285/Desktop/rccm-quiz-app/rccm-quiz-app/data/4-2_2011.csv
2025-06-15 19:03:07,150 - utils - INFO - ファイルサイズ: 235229 bytes
2025-06-15 19:03:07,170 - utils - INFO - 読み込み成功: utf-8 エンコーディング
2025-06-15 19:03:07,171 - utils - INFO - データ読み込み完了: 360行, エンコーディング: utf-8
2025-06-15 19:03:07,200 - utils - INFO - 有効な問題データ: 360問
2025-06-15 19:03:07,204 - utils - INFO - 4-2専門データ2011年読み込み完了: 360問
2025-06-15 19:03:07,206 - utils - INFO - 問題データ読み込み開始: /mnt/c/Users/z285/Desktop/rccm-quiz-app/rccm-quiz-app/data/4-2_2012.csv
2025-06-15 19:03:07,208 - utils - INFO - ファイルサイズ: 199097 bytes
2025-06-15 19:03:07,226 - utils - INFO - 読み込み成功: utf-8 エンコーディング
2025-06-15 19:03:07,226 - utils - INFO - データ読み込み完了: 307行, エンコーディング: utf-8
2025-06-15 19:03:07,259 - utils - INFO - 有効な問題データ: 307問
2025-06-15 19:03:07,260 - utils - INFO - 4-2専門データ2012年読み込み完了: 307問
2025-06-15 19:03:07,262 - utils - INFO - 問題データ読み込み開始: /mnt/c/Users/z285/Desktop/rccm-quiz-app/rccm-quiz-app/data/4-2_2013.csv
2025-06-15 19:03:07,266 - utils - INFO - ファイルサイズ: 183685 bytes
2025-06-15 19:03:07,288 - utils - INFO - 読み込み成功: utf-8 エンコーディング
2025-06-15 19:03:07,289 - utils - INFO - データ読み込み完了: 300行, エンコーディング: utf-8
2025-06-15 19:03:07,321 - utils - INFO - 有効な問題データ: 300問
2025-06-15 19:03:07,322 - utils - INFO - 4-2専門データ2013年読み込み完了: 300問
2025-06-15 19:03:07,324 - utils - INFO - 問題データ読み込み開始: /mnt/c/Users/z285/Desktop/rccm-quiz-app/rccm-quiz-app/data/4-2_2014.csv
2025-06-15 19:03:07,326 - utils - INFO - ファイルサイズ: 155568 bytes
2025-06-15 19:03:07,340 - utils - INFO - 読み込み成功: utf-8 エンコーディング
2025-06-15 19:03:07,341 - utils - INFO - データ読み込み完了: 240行, エンコーディング: utf-8
2025-06-15 19:03:07,359 - utils - INFO - 有効な問題データ: 240問
2025-06-15 19:03:07,361 - utils - INFO - 4-2専門データ2014年読み込み完了: 240問
2025-06-15 19:03:07,362 - utils - INFO - 問題データ読み込み開始: /mnt/c/Users/z285/Desktop/rccm-quiz-app/rccm-quiz-app/data/4-2_2015.csv
2025-06-15 19:03:07,365 - utils - INFO - ファイルサイズ: 272405 bytes
2025-06-15 19:03:07,392 - utils - INFO - 読み込み成功: utf-8 エンコーディング
2025-06-15 19:03:07,392 - utils - INFO - データ読み込み完了: 358行, エンコーディング: utf-8
2025-06-15 19:03:07,418 - utils - INFO - 有効な問題データ: 358問
2025-06-15 19:03:07,420 - utils - INFO - 4-2専門データ2015年読み込み完了: 358問
2025-06-15 19:03:07,421 - utils - INFO - 問題データ読み込み開始: /mnt/c/Users/z285/Desktop/rccm-quiz-app/rccm-quiz-app/data/4-2_2016.csv
2025-06-15 19:03:07,424 - utils - INFO - ファイルサイズ: 290835 bytes
2025-06-15 19:03:07,448 - utils - INFO - 読み込み成功: utf-8 エンコーディング
2025-06-15 19:03:07,448 - utils - INFO - データ読み込み完了: 361行, エンコーディング: utf-8
2025-06-15 19:03:07,478 - utils - INFO - 有効な問題データ: 361問
2025-06-15 19:03:07,479 - utils - INFO - 4-2専門データ2016年読み込み完了: 361問
2025-06-15 19:03:07,481 - utils - INFO - 問題データ読み込み開始: /mnt/c/Users/z285/Desktop/rccm-quiz-app/rccm-quiz-app/data/4-2_2017.csv
2025-06-15 19:03:07,484 - utils - INFO - ファイルサイズ: 381560 bytes
2025-06-15 19:03:07,508 - utils - INFO - 読み込み成功: utf-8 エンコーディング
2025-06-15 19:03:07,509 - utils - INFO - データ読み込み完了: 440行, エンコーディング: utf-8
2025-06-15 19:03:07,542 - utils - INFO - 有効な問題データ: 440問
2025-06-15 19:03:07,543 - utils - INFO - 4-2専門データ2017年読み込み完了: 440問
2025-06-15 19:03:07,545 - utils - INFO - 問題データ読み込み開始: /mnt/c/Users/z285/Desktop/rccm-quiz-app/rccm-quiz-app/data/4-2_2018.csv
2025-06-15 19:03:07,549 - utils - INFO - ファイルサイズ: 310682 bytes
2025-06-15 19:03:07,574 - utils - INFO - 読み込み成功: utf-8 エンコーディング
2025-06-15 19:03:07,574 - utils - INFO - データ読み込み完了: 357行, エンコーディング: utf-8
2025-06-15 19:03:07,601 - utils - INFO - 有効な問題データ: 357問
2025-06-15 19:03:07,602 - utils - INFO - 4-2専門データ2018年読み込み完了: 357問
2025-06-15 19:03:07,604 - utils - INFO - 問題データ読み込み開始: /mnt/c/Users/z285/Desktop/rccm-quiz-app/rccm-quiz-app/data/questions.csv
2025-06-15 19:03:07,606 - utils - INFO - ファイルサイズ: 387 bytes
2025-06-15 19:03:07,614 - utils - INFO - 読み込み成功: utf-8 エンコーディング
2025-06-15 19:03:07,615 - utils - INFO - データ読み込み完了: 1行, エンコーディング: utf-8
2025-06-15 19:03:07,616 - utils - INFO - 有効な問題データ: 1問
2025-06-15 19:03:07,616 - utils - INFO - レガシーデータ読み込み完了: 1問
2025-06-15 19:03:07,618 - utils - INFO - ID衝突解決: 基礎=203問, 専門=3681問, その他=0問
2025-06-15 19:03:07,618 - utils - INFO - RCCM統合データ読み込み完了: 13ファイル, 総計3884問
2025-06-15 19:03:07,619 - utils - INFO - 4-2専門データ対象年度: [2008, 2009, 2010, 2011, 2012, 2013, 2014, 2015, 2016, 2017, 2018]
2025-06-15 19:03:07,623 - __main__ - INFO - RCCM統合データ読み込み完了: 3884問 (検証済み)
2025-06-15 19:03:07,623 - __main__ - INFO - 基本アプリケーション初期化完了: 3884問読み込み
2025-06-15 19:03:07,624 - utils - INFO - CSVデータの事前読み込み開始（企業環境最適化）
2025-06-15 19:03:07,630 - utils - INFO - CSVデータ事前読み込み完了: 12/12 ファイル
2025-06-15 19:03:07,630 - __main__ - INFO - 企業環境用データ事前読み込み完了 - 高速アクセス準備完了
2025-06-15 19:03:07,644 - utils - INFO - データ整合性チェック完了: 3884問
2025-06-15 19:03:07,644 - __main__ - INFO - データ整合性チェック: healthy - 総計3884問
2025-06-15 19:03:07,645 - __main__ - INFO - RCCM試験問題集アプリケーション起動中...
2025-06-15 19:03:07,645 - __main__ - INFO - アクセスURL: http://localhost:5002
2025-06-15 19:03:07,653 - werkzeug - WARNING -  * Debugger is active!
2025-06-15 19:03:07,668 - werkzeug - INFO -  * Debugger PIN: 368-620-233
2025-06-15 19:03:53,534 - werkzeug - INFO -  * Detected change in '/mnt/c/Users/z285/Desktop/rccm-quiz-app/rccm-quiz-app/app.py', reloading
2025-06-15 19:03:53,754 - werkzeug - INFO -  * Restarting with stat
2025-06-15 19:03:54,567 - utils - INFO - RCCM統合データ読み込み開始: data
2025-06-15 19:03:54,569 - utils - INFO - 問題データ読み込み開始: data/4-1.csv
2025-06-15 19:03:54,571 - utils - INFO - ファイルサイズ: 92168 bytes
2025-06-15 19:03:54,586 - utils - INFO - 読み込み成功: utf-8 エンコーディング
2025-06-15 19:03:54,586 - utils - INFO - データ読み込み完了: 202行, エンコーディング: utf-8
2025-06-15 19:03:54,606 - utils - INFO - 有効な問題データ: 202問
2025-06-15 19:03:54,607 - utils - INFO - 4-1基礎データ読み込み完了: 202問
2025-06-15 19:03:54,609 - utils - INFO - 問題データ読み込み開始: data/4-2_2008.csv
2025-06-15 19:03:54,613 - utils - INFO - ファイルサイズ: 200456 bytes
2025-06-15 19:03:54,637 - utils - INFO - 読み込み成功: utf-8 エンコーディング
2025-06-15 19:03:54,638 - utils - INFO - データ読み込み完了: 360行, エンコーディング: utf-8
2025-06-15 19:03:54,676 - utils - INFO - 有効な問題データ: 360問
2025-06-15 19:03:54,677 - utils - INFO - 4-2専門データ2008年読み込み完了: 360問
2025-06-15 19:03:54,679 - utils - INFO - 問題データ読み込み開始: data/4-2_2009.csv
2025-06-15 19:03:54,681 - utils - INFO - ファイルサイズ: 206977 bytes
2025-06-15 19:03:54,702 - utils - INFO - 読み込み成功: utf-8 エンコーディング
2025-06-15 19:03:54,702 - utils - INFO - データ読み込み完了: 359行, エンコーディング: utf-8
2025-06-15 19:03:54,738 - utils - INFO - 有効な問題データ: 359問
2025-06-15 19:03:54,739 - utils - INFO - 4-2専門データ2009年読み込み完了: 359問
2025-06-15 19:03:54,740 - utils - INFO - 問題データ読み込み開始: data/4-2_2010.csv
2025-06-15 19:03:54,743 - utils - INFO - ファイルサイズ: 157993 bytes
2025-06-15 19:03:54,758 - utils - INFO - 読み込み成功: utf-8 エンコーディング
2025-06-15 19:03:54,758 - utils - INFO - データ読み込み完了: 239行, エンコーディング: utf-8
2025-06-15 19:03:54,789 - utils - INFO - 有効な問題データ: 239問
2025-06-15 19:03:54,790 - utils - INFO - 4-2専門データ2010年読み込み完了: 239問
2025-06-15 19:03:54,792 - utils - INFO - 問題データ読み込み開始: data/4-2_2011.csv
2025-06-15 19:03:54,796 - utils - INFO - ファイルサイズ: 235229 bytes
2025-06-15 19:03:54,819 - utils - INFO - 読み込み成功: utf-8 エンコーディング
2025-06-15 19:03:54,819 - utils - INFO - データ読み込み完了: 360行, エンコーディング: utf-8
2025-06-15 19:03:54,849 - utils - INFO - 有効な問題データ: 360問
2025-06-15 19:03:54,850 - utils - INFO - 4-2専門データ2011年読み込み完了: 360問
2025-06-15 19:03:54,852 - utils - INFO - 問題データ読み込み開始: data/4-2_2012.csv
2025-06-15 19:03:54,854 - utils - INFO - ファイルサイズ: 199097 bytes
2025-06-15 19:03:54,871 - utils - INFO - 読み込み成功: utf-8 エンコーディング
2025-06-15 19:03:54,872 - utils - INFO - データ読み込み完了: 307行, エンコーディング: utf-8
2025-06-15 19:03:54,903 - utils - INFO - 有効な問題データ: 307問
2025-06-15 19:03:54,906 - utils - INFO - 4-2専門データ2012年読み込み完了: 307問
2025-06-15 19:03:54,908 - utils - INFO - 問題データ読み込み開始: data/4-2_2013.csv
2025-06-15 19:03:54,912 - utils - INFO - ファイルサイズ: 183685 bytes
2025-06-15 19:03:54,931 - utils - INFO - 読み込み成功: utf-8 エンコーディング
2025-06-15 19:03:54,931 - utils - INFO - データ読み込み完了: 300行, エンコーディング: utf-8
2025-06-15 19:03:54,958 - utils - INFO - 有効な問題データ: 300問
2025-06-15 19:03:54,960 - utils - INFO - 4-2専門データ2013年読み込み完了: 300問
2025-06-15 19:03:54,961 - utils - INFO - 問題データ読み込み開始: data/4-2_2014.csv
2025-06-15 19:03:54,963 - utils - INFO - ファイルサイズ: 155568 bytes
2025-06-15 19:03:54,996 - utils - INFO - 読み込み成功: utf-8 エンコーディング
2025-06-15 19:03:54,998 - utils - INFO - データ読み込み完了: 240行, エンコーディング: utf-8
2025-06-15 19:03:55,043 - utils - INFO - 有効な問題データ: 240問
2025-06-15 19:03:55,045 - utils - INFO - 4-2専門データ2014年読み込み完了: 240問
2025-06-15 19:03:55,048 - utils - INFO - 問題データ読み込み開始: data/4-2_2015.csv
2025-06-15 19:03:55,054 - utils - INFO - ファイルサイズ: 272405 bytes
2025-06-15 19:03:55,083 - utils - INFO - 読み込み成功: utf-8 エンコーディング
2025-06-15 19:03:55,084 - utils - INFO - データ読み込み完了: 358行, エンコーディング: utf-8
2025-06-15 19:03:55,119 - utils - INFO - 有効な問題データ: 358問
2025-06-15 19:03:55,120 - utils - INFO - 4-2専門データ2015年読み込み完了: 358問
2025-06-15 19:03:55,122 - utils - INFO - 問題データ読み込み開始: data/4-2_2016.csv
2025-06-15 19:03:55,125 - utils - INFO - ファイルサイズ: 290835 bytes
2025-06-15 19:03:55,149 - utils - INFO - 読み込み成功: utf-8 エンコーディング
2025-06-15 19:03:55,149 - utils - INFO - データ読み込み完了: 361行, エンコーディング: utf-8
2025-06-15 19:03:55,182 - utils - INFO - 有効な問題データ: 361問
2025-06-15 19:03:55,183 - utils - INFO - 4-2専門データ2016年読み込み完了: 361問
2025-06-15 19:03:55,185 - utils - INFO - 問題データ読み込み開始: data/4-2_2017.csv
2025-06-15 19:03:55,187 - utils - INFO - ファイルサイズ: 381560 bytes
2025-06-15 19:03:55,215 - utils - INFO - 読み込み成功: utf-8 エンコーディング
2025-06-15 19:03:55,215 - utils - INFO - データ読み込み完了: 440行, エンコーディング: utf-8
2025-06-15 19:03:55,251 - utils - INFO - 有効な問題データ: 440問
2025-06-15 19:03:55,252 - utils - INFO - 4-2専門データ2017年読み込み完了: 440問
2025-06-15 19:03:55,254 - utils - INFO - 問題データ読み込み開始: data/4-2_2018.csv
2025-06-15 19:03:55,258 - utils - INFO - ファイルサイズ: 310682 bytes
2025-06-15 19:03:55,286 - utils - INFO - 読み込み成功: utf-8 エンコーディング
2025-06-15 19:03:55,286 - utils - INFO - データ読み込み完了: 357行, エンコーディング: utf-8
2025-06-15 19:03:55,316 - utils - INFO - 有効な問題データ: 357問
2025-06-15 19:03:55,317 - utils - INFO - 4-2専門データ2018年読み込み完了: 357問
2025-06-15 19:03:55,319 - utils - INFO - 問題データ読み込み開始: data/questions.csv
2025-06-15 19:03:55,325 - utils - INFO - ファイルサイズ: 387 bytes
2025-06-15 19:03:55,333 - utils - INFO - 読み込み成功: utf-8 エンコーディング
2025-06-15 19:03:55,334 - utils - INFO - データ読み込み完了: 1行, エンコーディング: utf-8
2025-06-15 19:03:55,335 - utils - INFO - 有効な問題データ: 1問
2025-06-15 19:03:55,335 - utils - INFO - レガシーデータ読み込み完了: 1問
2025-06-15 19:03:55,338 - utils - INFO - ID衝突解決: 基礎=203問, 専門=3681問, その他=0問
2025-06-15 19:03:55,340 - utils - INFO - RCCM統合データ読み込み完了: 13ファイル, 総計3884問
2025-06-15 19:03:55,341 - utils - INFO - 4-2専門データ対象年度: [2008, 2009, 2010, 2011, 2012, 2013, 2014, 2015, 2016, 2017, 2018]
2025-06-15 19:03:55,341 - admin_dashboard - INFO - 管理者ダッシュボード初期化: 3884問読み込み完了
2025-06-15 19:03:55,348 - social_learning - INFO - ソーシャル学習機能初期化完了
2025-06-15 19:03:55,354 - api_integration - INFO - プロフェッショナルAPI統合機能初期化完了
2025-06-15 19:03:55,363 - advanced_personalization - INFO - 高度な個人化エンジン初期化完了
2025-06-15 19:03:55,396 - __main__ - INFO - RCCM統合問題データの読み込み開始
2025-06-15 19:03:55,397 - utils - INFO - RCCM統合データ読み込み開始: /mnt/c/Users/z285/Desktop/rccm-quiz-app/rccm-quiz-app/data
2025-06-15 19:03:55,399 - utils - INFO - 問題データ読み込み開始: /mnt/c/Users/z285/Desktop/rccm-quiz-app/rccm-quiz-app/data/4-1.csv
2025-06-15 19:03:55,402 - utils - INFO - ファイルサイズ: 92168 bytes
2025-06-15 19:03:55,414 - utils - INFO - 読み込み成功: utf-8 エンコーディング
2025-06-15 19:03:55,414 - utils - INFO - データ読み込み完了: 202行, エンコーディング: utf-8
2025-06-15 19:03:55,436 - utils - INFO - 有効な問題データ: 202問
2025-06-15 19:03:55,437 - utils - INFO - 4-1基礎データ読み込み完了: 202問
2025-06-15 19:03:55,439 - utils - INFO - 問題データ読み込み開始: /mnt/c/Users/z285/Desktop/rccm-quiz-app/rccm-quiz-app/data/4-2_2008.csv
2025-06-15 19:03:55,442 - utils - INFO - ファイルサイズ: 200456 bytes
2025-06-15 19:03:55,468 - utils - INFO - 読み込み成功: utf-8 エンコーディング
2025-06-15 19:03:55,469 - utils - INFO - データ読み込み完了: 360行, エンコーディング: utf-8
2025-06-15 19:03:55,511 - utils - INFO - 有効な問題データ: 360問
2025-06-15 19:03:55,512 - utils - INFO - 4-2専門データ2008年読み込み完了: 360問
2025-06-15 19:03:55,514 - utils - INFO - 問題データ読み込み開始: /mnt/c/Users/z285/Desktop/rccm-quiz-app/rccm-quiz-app/data/4-2_2009.csv
2025-06-15 19:03:55,516 - utils - INFO - ファイルサイズ: 206977 bytes
2025-06-15 19:03:55,536 - utils - INFO - 読み込み成功: utf-8 エンコーディング
2025-06-15 19:03:55,537 - utils - INFO - データ読み込み完了: 359行, エンコーディング: utf-8
2025-06-15 19:03:55,570 - utils - INFO - 有効な問題データ: 359問
2025-06-15 19:03:55,571 - utils - INFO - 4-2専門データ2009年読み込み完了: 359問
2025-06-15 19:03:55,573 - utils - INFO - 問題データ読み込み開始: /mnt/c/Users/z285/Desktop/rccm-quiz-app/rccm-quiz-app/data/4-2_2010.csv
2025-06-15 19:03:55,576 - utils - INFO - ファイルサイズ: 157993 bytes
2025-06-15 19:03:55,593 - utils - INFO - 読み込み成功: utf-8 エンコーディング
2025-06-15 19:03:55,594 - utils - INFO - データ読み込み完了: 239行, エンコーディング: utf-8
2025-06-15 19:03:55,616 - utils - INFO - 有効な問題データ: 239問
2025-06-15 19:03:55,617 - utils - INFO - 4-2専門データ2010年読み込み完了: 239問
2025-06-15 19:03:55,619 - utils - INFO - 問題データ読み込み開始: /mnt/c/Users/z285/Desktop/rccm-quiz-app/rccm-quiz-app/data/4-2_2011.csv
2025-06-15 19:03:55,622 - utils - INFO - ファイルサイズ: 235229 bytes
2025-06-15 19:03:55,644 - utils - INFO - 読み込み成功: utf-8 エンコーディング
2025-06-15 19:03:55,645 - utils - INFO - データ読み込み完了: 360行, エンコーディング: utf-8
2025-06-15 19:03:55,677 - utils - INFO - 有効な問題データ: 360問
2025-06-15 19:03:55,678 - utils - INFO - 4-2専門データ2011年読み込み完了: 360問
2025-06-15 19:03:55,679 - utils - INFO - 問題データ読み込み開始: /mnt/c/Users/z285/Desktop/rccm-quiz-app/rccm-quiz-app/data/4-2_2012.csv
2025-06-15 19:03:55,682 - utils - INFO - ファイルサイズ: 199097 bytes
2025-06-15 19:03:55,702 - utils - INFO - 読み込み成功: utf-8 エンコーディング
2025-06-15 19:03:55,704 - utils - INFO - データ読み込み完了: 307行, エンコーディング: utf-8
2025-06-15 19:03:55,734 - utils - INFO - 有効な問題データ: 307問
2025-06-15 19:03:55,735 - utils - INFO - 4-2専門データ2012年読み込み完了: 307問
2025-06-15 19:03:55,736 - utils - INFO - 問題データ読み込み開始: /mnt/c/Users/z285/Desktop/rccm-quiz-app/rccm-quiz-app/data/4-2_2013.csv
2025-06-15 19:03:55,738 - utils - INFO - ファイルサイズ: 183685 bytes
2025-06-15 19:03:55,756 - utils - INFO - 読み込み成功: utf-8 エンコーディング
2025-06-15 19:03:55,756 - utils - INFO - データ読み込み完了: 300行, エンコーディング: utf-8
2025-06-15 19:03:55,782 - utils - INFO - 有効な問題データ: 300問
2025-06-15 19:03:55,783 - utils - INFO - 4-2専門データ2013年読み込み完了: 300問
2025-06-15 19:03:55,784 - utils - INFO - 問題データ読み込み開始: /mnt/c/Users/z285/Desktop/rccm-quiz-app/rccm-quiz-app/data/4-2_2014.csv
2025-06-15 19:03:55,787 - utils - INFO - ファイルサイズ: 155568 bytes
2025-06-15 19:03:55,802 - utils - INFO - 読み込み成功: utf-8 エンコーディング
2025-06-15 19:03:55,802 - utils - INFO - データ読み込み完了: 240行, エンコーディング: utf-8
2025-06-15 19:03:55,821 - utils - INFO - 有効な問題データ: 240問
2025-06-15 19:03:55,822 - utils - INFO - 4-2専門データ2014年読み込み完了: 240問
2025-06-15 19:03:55,823 - utils - INFO - 問題データ読み込み開始: /mnt/c/Users/z285/Desktop/rccm-quiz-app/rccm-quiz-app/data/4-2_2015.csv
2025-06-15 19:03:55,828 - utils - INFO - ファイルサイズ: 272405 bytes
2025-06-15 19:03:55,848 - utils - INFO - 読み込み成功: utf-8 エンコーディング
2025-06-15 19:03:55,848 - utils - INFO - データ読み込み完了: 358行, エンコーディング: utf-8
2025-06-15 19:03:55,877 - utils - INFO - 有効な問題データ: 358問
2025-06-15 19:03:55,878 - utils - INFO - 4-2専門データ2015年読み込み完了: 358問
2025-06-15 19:03:55,879 - utils - INFO - 問題データ読み込み開始: /mnt/c/Users/z285/Desktop/rccm-quiz-app/rccm-quiz-app/data/4-2_2016.csv
2025-06-15 19:03:55,883 - utils - INFO - ファイルサイズ: 290835 bytes
2025-06-15 19:03:55,905 - utils - INFO - 読み込み成功: utf-8 エンコーディング
2025-06-15 19:03:55,905 - utils - INFO - データ読み込み完了: 361行, エンコーディング: utf-8
2025-06-15 19:03:55,935 - utils - INFO - 有効な問題データ: 361問
2025-06-15 19:03:55,937 - utils - INFO - 4-2専門データ2016年読み込み完了: 361問
2025-06-15 19:03:55,938 - utils - INFO - 問題データ読み込み開始: /mnt/c/Users/z285/Desktop/rccm-quiz-app/rccm-quiz-app/data/4-2_2017.csv
2025-06-15 19:03:55,940 - utils - INFO - ファイルサイズ: 381560 bytes
2025-06-15 19:03:55,965 - utils - INFO - 読み込み成功: utf-8 エンコーディング
2025-06-15 19:03:55,965 - utils - INFO - データ読み込み完了: 440行, エンコーディング: utf-8
2025-06-15 19:03:56,001 - utils - INFO - 有効な問題データ: 440問
2025-06-15 19:03:56,002 - utils - INFO - 4-2専門データ2017年読み込み完了: 440問
2025-06-15 19:03:56,004 - utils - INFO - 問題データ読み込み開始: /mnt/c/Users/z285/Desktop/rccm-quiz-app/rccm-quiz-app/data/4-2_2018.csv
2025-06-15 19:03:56,007 - utils - INFO - ファイルサイズ: 310682 bytes
2025-06-15 19:03:56,033 - utils - INFO - 読み込み成功: utf-8 エンコーディング
2025-06-15 19:03:56,034 - utils - INFO - データ読み込み完了: 357行, エンコーディング: utf-8
2025-06-15 19:03:56,067 - utils - INFO - 有効な問題データ: 357問
2025-06-15 19:03:56,069 - utils - INFO - 4-2専門データ2018年読み込み完了: 357問
2025-06-15 19:03:56,072 - utils - INFO - 問題データ読み込み開始: /mnt/c/Users/z285/Desktop/rccm-quiz-app/rccm-quiz-app/data/questions.csv
2025-06-15 19:03:56,075 - utils - INFO - ファイルサイズ: 387 bytes
2025-06-15 19:03:56,084 - utils - INFO - 読み込み成功: utf-8 エンコーディング
2025-06-15 19:03:56,085 - utils - INFO - データ読み込み完了: 1行, エンコーディング: utf-8
2025-06-15 19:03:56,085 - utils - INFO - 有効な問題データ: 1問
2025-06-15 19:03:56,086 - utils - INFO - レガシーデータ読み込み完了: 1問
2025-06-15 19:03:56,089 - utils - INFO - ID衝突解決: 基礎=203問, 専門=3681問, その他=0問
2025-06-15 19:03:56,089 - utils - INFO - RCCM統合データ読み込み完了: 13ファイル, 総計3884問
2025-06-15 19:03:56,090 - utils - INFO - 4-2専門データ対象年度: [2008, 2009, 2010, 2011, 2012, 2013, 2014, 2015, 2016, 2017, 2018]
2025-06-15 19:03:56,098 - __main__ - INFO - RCCM統合データ読み込み完了: 3884問 (検証済み)
2025-06-15 19:03:56,099 - __main__ - INFO - 基本アプリケーション初期化完了: 3884問読み込み
2025-06-15 19:03:56,099 - utils - INFO - CSVデータの事前読み込み開始（企業環境最適化）
2025-06-15 19:03:56,107 - utils - INFO - CSVデータ事前読み込み完了: 12/12 ファイル
2025-06-15 19:03:56,108 - __main__ - INFO - 企業環境用データ事前読み込み完了 - 高速アクセス準備完了
2025-06-15 19:03:56,124 - utils - INFO - データ整合性チェック完了: 3884問
2025-06-15 19:03:56,125 - __main__ - INFO - データ整合性チェック: healthy - 総計3884問
2025-06-15 19:03:56,125 - __main__ - INFO - RCCM試験問題集アプリケーション起動中...
2025-06-15 19:03:56,126 - __main__ - INFO - アクセスURL: http://localhost:5003
2025-06-15 19:03:56,134 - werkzeug - WARNING -  * Debugger is active!
2025-06-15 19:03:56,135 - werkzeug - INFO -  * Debugger PIN: 368-620-233
2025-06-15 19:17:39,307 - werkzeug - INFO -  * Detected change in '/mnt/c/Users/z285/Desktop/rccm-quiz-app/rccm-quiz-app/app.py', reloading
2025-06-15 19:17:39,434 - werkzeug - INFO -  * Restarting with stat
2025-06-15 19:17:39,970 - utils - INFO - RCCM統合データ読み込み開始: data
2025-06-15 19:17:39,971 - utils - INFO - 問題データ読み込み開始: data/4-1.csv
2025-06-15 19:17:39,973 - utils - INFO - ファイルサイズ: 92168 bytes
2025-06-15 19:17:39,986 - utils - INFO - 読み込み成功: utf-8 エンコーディング
2025-06-15 19:17:39,986 - utils - INFO - データ読み込み完了: 202行, エンコーディング: utf-8
2025-06-15 19:17:40,004 - utils - INFO - 有効な問題データ: 202問
2025-06-15 19:17:40,005 - utils - INFO - 4-1基礎データ読み込み完了: 202問
2025-06-15 19:17:40,008 - utils - INFO - 問題データ読み込み開始: data/4-2_2008.csv
2025-06-15 19:17:40,011 - utils - INFO - ファイルサイズ: 200456 bytes
2025-06-15 19:17:40,026 - utils - INFO - 読み込み成功: utf-8 エンコーディング
2025-06-15 19:17:40,026 - utils - INFO - データ読み込み完了: 360行, エンコーディング: utf-8
2025-06-15 19:17:40,053 - utils - INFO - 有効な問題データ: 360問
2025-06-15 19:17:40,054 - utils - INFO - 4-2専門データ2008年読み込み完了: 360問
2025-06-15 19:17:40,056 - utils - INFO - 問題データ読み込み開始: data/4-2_2009.csv
2025-06-15 19:17:40,060 - utils - INFO - ファイルサイズ: 206977 bytes
2025-06-15 19:17:40,080 - utils - INFO - 読み込み成功: utf-8 エンコーディング
2025-06-15 19:17:40,080 - utils - INFO - データ読み込み完了: 359行, エンコーディング: utf-8
2025-06-15 19:17:40,105 - utils - INFO - 有効な問題データ: 359問
2025-06-15 19:17:40,106 - utils - INFO - 4-2専門データ2009年読み込み完了: 359問
2025-06-15 19:17:40,107 - utils - INFO - 問題データ読み込み開始: data/4-2_2010.csv
2025-06-15 19:17:40,109 - utils - INFO - ファイルサイズ: 157993 bytes
2025-06-15 19:17:40,121 - utils - INFO - 読み込み成功: utf-8 エンコーディング
2025-06-15 19:17:40,121 - utils - INFO - データ読み込み完了: 239行, エンコーディング: utf-8
2025-06-15 19:17:40,139 - utils - INFO - 有効な問題データ: 239問
2025-06-15 19:17:40,140 - utils - INFO - 4-2専門データ2010年読み込み完了: 239問
2025-06-15 19:17:40,142 - utils - INFO - 問題データ読み込み開始: data/4-2_2011.csv
2025-06-15 19:17:40,144 - utils - INFO - ファイルサイズ: 235229 bytes
2025-06-15 19:17:40,159 - utils - INFO - 読み込み成功: utf-8 エンコーディング
2025-06-15 19:17:40,160 - utils - INFO - データ読み込み完了: 360行, エンコーディング: utf-8
2025-06-15 19:17:40,187 - utils - INFO - 有効な問題データ: 360問
2025-06-15 19:17:40,188 - utils - INFO - 4-2専門データ2011年読み込み完了: 360問
2025-06-15 19:17:40,191 - utils - INFO - 問題データ読み込み開始: data/4-2_2012.csv
2025-06-15 19:17:40,194 - utils - INFO - ファイルサイズ: 199097 bytes
2025-06-15 19:17:40,214 - utils - INFO - 読み込み成功: utf-8 エンコーディング
2025-06-15 19:17:40,215 - utils - INFO - データ読み込み完了: 307行, エンコーディング: utf-8
2025-06-15 19:17:40,237 - utils - INFO - 有効な問題データ: 307問
2025-06-15 19:17:40,238 - utils - INFO - 4-2専門データ2012年読み込み完了: 307問
2025-06-15 19:17:40,240 - utils - INFO - 問題データ読み込み開始: data/4-2_2013.csv
2025-06-15 19:17:40,242 - utils - INFO - ファイルサイズ: 183685 bytes
2025-06-15 19:17:40,256 - utils - INFO - 読み込み成功: utf-8 エンコーディング
2025-06-15 19:17:40,256 - utils - INFO - データ読み込み完了: 300行, エンコーディング: utf-8
2025-06-15 19:17:40,278 - utils - INFO - 有効な問題データ: 300問
2025-06-15 19:17:40,279 - utils - INFO - 4-2専門データ2013年読み込み完了: 300問
2025-06-15 19:17:40,282 - utils - INFO - 問題データ読み込み開始: data/4-2_2014.csv
2025-06-15 19:17:40,285 - utils - INFO - ファイルサイズ: 155568 bytes
2025-06-15 19:17:40,298 - utils - INFO - 読み込み成功: utf-8 エンコーディング
2025-06-15 19:17:40,299 - utils - INFO - データ読み込み完了: 240行, エンコーディング: utf-8
2025-06-15 19:17:40,316 - utils - INFO - 有効な問題データ: 240問
2025-06-15 19:17:40,317 - utils - INFO - 4-2専門データ2014年読み込み完了: 240問
2025-06-15 19:17:40,319 - utils - INFO - 問題データ読み込み開始: data/4-2_2015.csv
2025-06-15 19:17:40,322 - utils - INFO - ファイルサイズ: 272405 bytes
2025-06-15 19:17:40,345 - utils - INFO - 読み込み成功: utf-8 エンコーディング
2025-06-15 19:17:40,345 - utils - INFO - データ読み込み完了: 358行, エンコーディング: utf-8
2025-06-15 19:17:40,374 - utils - INFO - 有効な問題データ: 358問
2025-06-15 19:17:40,375 - utils - INFO - 4-2専門データ2015年読み込み完了: 358問
2025-06-15 19:17:40,376 - utils - INFO - 問題データ読み込み開始: data/4-2_2016.csv
2025-06-15 19:17:40,379 - utils - INFO - ファイルサイズ: 290835 bytes
2025-06-15 19:17:40,399 - utils - INFO - 読み込み成功: utf-8 エンコーディング
2025-06-15 19:17:40,399 - utils - INFO - データ読み込み完了: 361行, エンコーディング: utf-8
2025-06-15 19:17:40,427 - utils - INFO - 有効な問題データ: 361問
2025-06-15 19:17:40,428 - utils - INFO - 4-2専門データ2016年読み込み完了: 361問
2025-06-15 19:17:40,430 - utils - INFO - 問題データ読み込み開始: data/4-2_2017.csv
2025-06-15 19:17:40,433 - utils - INFO - ファイルサイズ: 381560 bytes
2025-06-15 19:17:40,453 - utils - INFO - 読み込み成功: utf-8 エンコーディング
2025-06-15 19:17:40,453 - utils - INFO - データ読み込み完了: 440行, エンコーディング: utf-8
2025-06-15 19:17:40,486 - utils - INFO - 有効な問題データ: 440問
2025-06-15 19:17:40,488 - utils - INFO - 4-2専門データ2017年読み込み完了: 440問
2025-06-15 19:17:40,490 - utils - INFO - 問題データ読み込み開始: data/4-2_2018.csv
2025-06-15 19:17:40,495 - utils - INFO - ファイルサイズ: 310682 bytes
2025-06-15 19:17:40,524 - utils - INFO - 読み込み成功: utf-8 エンコーディング
2025-06-15 19:17:40,524 - utils - INFO - データ読み込み完了: 357行, エンコーディング: utf-8
2025-06-15 19:17:40,555 - utils - INFO - 有効な問題データ: 357問
2025-06-15 19:17:40,557 - utils - INFO - 4-2専門データ2018年読み込み完了: 357問
2025-06-15 19:17:40,560 - utils - INFO - 問題データ読み込み開始: data/questions.csv
2025-06-15 19:17:40,563 - utils - INFO - ファイルサイズ: 387 bytes
2025-06-15 19:17:40,569 - utils - INFO - 読み込み成功: utf-8 エンコーディング
2025-06-15 19:17:40,569 - utils - INFO - データ読み込み完了: 1行, エンコーディング: utf-8
2025-06-15 19:17:40,570 - utils - INFO - 有効な問題データ: 1問
2025-06-15 19:17:40,570 - utils - INFO - レガシーデータ読み込み完了: 1問
2025-06-15 19:17:40,572 - utils - INFO - ID衝突解決: 基礎=203問, 専門=3681問, その他=0問
2025-06-15 19:17:40,572 - utils - INFO - RCCM統合データ読み込み完了: 13ファイル, 総計3884問
2025-06-15 19:17:40,572 - utils - INFO - 4-2専門データ対象年度: [2008, 2009, 2010, 2011, 2012, 2013, 2014, 2015, 2016, 2017, 2018]
2025-06-15 19:17:40,573 - admin_dashboard - INFO - 管理者ダッシュボード初期化: 3884問読み込み完了
2025-06-15 19:17:40,578 - social_learning - INFO - ソーシャル学習機能初期化完了
2025-06-15 19:17:40,583 - api_integration - INFO - プロフェッショナルAPI統合機能初期化完了
2025-06-15 19:17:40,588 - advanced_personalization - INFO - 高度な個人化エンジン初期化完了
2025-06-15 19:17:40,618 - __main__ - INFO - RCCM統合問題データの読み込み開始
2025-06-15 19:17:40,618 - utils - INFO - RCCM統合データ読み込み開始: /mnt/c/Users/z285/Desktop/rccm-quiz-app/rccm-quiz-app/data
2025-06-15 19:17:40,621 - utils - INFO - 問題データ読み込み開始: /mnt/c/Users/z285/Desktop/rccm-quiz-app/rccm-quiz-app/data/4-1.csv
2025-06-15 19:17:40,624 - utils - INFO - ファイルサイズ: 92168 bytes
2025-06-15 19:17:40,637 - utils - INFO - 読み込み成功: utf-8 エンコーディング
2025-06-15 19:17:40,638 - utils - INFO - データ読み込み完了: 202行, エンコーディング: utf-8
2025-06-15 19:17:40,659 - utils - INFO - 有効な問題データ: 202問
2025-06-15 19:17:40,660 - utils - INFO - 4-1基礎データ読み込み完了: 202問
2025-06-15 19:17:40,661 - utils - INFO - 問題データ読み込み開始: /mnt/c/Users/z285/Desktop/rccm-quiz-app/rccm-quiz-app/data/4-2_2008.csv
2025-06-15 19:17:40,664 - utils - INFO - ファイルサイズ: 200456 bytes
2025-06-15 19:17:40,685 - utils - INFO - 読み込み成功: utf-8 エンコーディング
2025-06-15 19:17:40,685 - utils - INFO - データ読み込み完了: 360行, エンコーディング: utf-8
2025-06-15 19:17:40,712 - utils - INFO - 有効な問題データ: 360問
2025-06-15 19:17:40,713 - utils - INFO - 4-2専門データ2008年読み込み完了: 360問
2025-06-15 19:17:40,714 - utils - INFO - 問題データ読み込み開始: /mnt/c/Users/z285/Desktop/rccm-quiz-app/rccm-quiz-app/data/4-2_2009.csv
2025-06-15 19:17:40,715 - utils - INFO - ファイルサイズ: 206977 bytes
2025-06-15 19:17:40,731 - utils - INFO - 読み込み成功: utf-8 エンコーディング
2025-06-15 19:17:40,731 - utils - INFO - データ読み込み完了: 359行, エンコーディング: utf-8
2025-06-15 19:17:40,766 - utils - INFO - 有効な問題データ: 359問
2025-06-15 19:17:40,767 - utils - INFO - 4-2専門データ2009年読み込み完了: 359問
2025-06-15 19:17:40,769 - utils - INFO - 問題データ読み込み開始: /mnt/c/Users/z285/Desktop/rccm-quiz-app/rccm-quiz-app/data/4-2_2010.csv
2025-06-15 19:17:40,771 - utils - INFO - ファイルサイズ: 157993 bytes
2025-06-15 19:17:40,784 - utils - INFO - 読み込み成功: utf-8 エンコーディング
2025-06-15 19:17:40,784 - utils - INFO - データ読み込み完了: 239行, エンコーディング: utf-8
2025-06-15 19:17:40,805 - utils - INFO - 有効な問題データ: 239問
2025-06-15 19:17:40,805 - utils - INFO - 4-2専門データ2010年読み込み完了: 239問
2025-06-15 19:17:40,806 - utils - INFO - 問題データ読み込み開始: /mnt/c/Users/z285/Desktop/rccm-quiz-app/rccm-quiz-app/data/4-2_2011.csv
2025-06-15 19:17:40,807 - utils - INFO - ファイルサイズ: 235229 bytes
2025-06-15 19:17:40,822 - utils - INFO - 読み込み成功: utf-8 エンコーディング
2025-06-15 19:17:40,823 - utils - INFO - データ読み込み完了: 360行, エンコーディング: utf-8
2025-06-15 19:17:40,858 - utils - INFO - 有効な問題データ: 360問
2025-06-15 19:17:40,859 - utils - INFO - 4-2専門データ2011年読み込み完了: 360問
2025-06-15 19:17:40,860 - utils - INFO - 問題データ読み込み開始: /mnt/c/Users/z285/Desktop/rccm-quiz-app/rccm-quiz-app/data/4-2_2012.csv
2025-06-15 19:17:40,863 - utils - INFO - ファイルサイズ: 199097 bytes
2025-06-15 19:17:40,879 - utils - INFO - 読み込み成功: utf-8 エンコーディング
2025-06-15 19:17:40,879 - utils - INFO - データ読み込み完了: 307行, エンコーディング: utf-8
2025-06-15 19:17:40,903 - utils - INFO - 有効な問題データ: 307問
2025-06-15 19:17:40,904 - utils - INFO - 4-2専門データ2012年読み込み完了: 307問
2025-06-15 19:17:40,905 - utils - INFO - 問題データ読み込み開始: /mnt/c/Users/z285/Desktop/rccm-quiz-app/rccm-quiz-app/data/4-2_2013.csv
2025-06-15 19:17:40,908 - utils - INFO - ファイルサイズ: 183685 bytes
2025-06-15 19:17:40,921 - utils - INFO - 読み込み成功: utf-8 エンコーディング
2025-06-15 19:17:40,921 - utils - INFO - データ読み込み完了: 300行, エンコーディング: utf-8
2025-06-15 19:17:40,944 - utils - INFO - 有効な問題データ: 300問
2025-06-15 19:17:40,956 - utils - INFO - 4-2専門データ2013年読み込み完了: 300問
2025-06-15 19:17:40,957 - utils - INFO - 問題データ読み込み開始: /mnt/c/Users/z285/Desktop/rccm-quiz-app/rccm-quiz-app/data/4-2_2014.csv
2025-06-15 19:17:40,959 - utils - INFO - ファイルサイズ: 155568 bytes
2025-06-15 19:17:40,970 - utils - INFO - 読み込み成功: utf-8 エンコーディング
2025-06-15 19:17:40,970 - utils - INFO - データ読み込み完了: 240行, エンコーディング: utf-8
2025-06-15 19:17:40,988 - utils - INFO - 有効な問題データ: 240問
2025-06-15 19:17:40,989 - utils - INFO - 4-2専門データ2014年読み込み完了: 240問
2025-06-15 19:17:40,994 - utils - INFO - 問題データ読み込み開始: /mnt/c/Users/z285/Desktop/rccm-quiz-app/rccm-quiz-app/data/4-2_2015.csv
2025-06-15 19:17:40,997 - utils - INFO - ファイルサイズ: 272405 bytes
2025-06-15 19:17:41,014 - utils - INFO - 読み込み成功: utf-8 エンコーディング
2025-06-15 19:17:41,015 - utils - INFO - データ読み込み完了: 358行, エンコーディング: utf-8
2025-06-15 19:17:41,045 - utils - INFO - 有効な問題データ: 358問
2025-06-15 19:17:41,046 - utils - INFO - 4-2専門データ2015年読み込み完了: 358問
2025-06-15 19:17:41,048 - utils - INFO - 問題データ読み込み開始: /mnt/c/Users/z285/Desktop/rccm-quiz-app/rccm-quiz-app/data/4-2_2016.csv
2025-06-15 19:17:41,050 - utils - INFO - ファイルサイズ: 290835 bytes
2025-06-15 19:17:41,072 - utils - INFO - 読み込み成功: utf-8 エンコーディング
2025-06-15 19:17:41,072 - utils - INFO - データ読み込み完了: 361行, エンコーディング: utf-8
2025-06-15 19:17:41,101 - utils - INFO - 有効な問題データ: 361問
2025-06-15 19:17:41,102 - utils - INFO - 4-2専門データ2016年読み込み完了: 361問
2025-06-15 19:17:41,103 - utils - INFO - 問題データ読み込み開始: /mnt/c/Users/z285/Desktop/rccm-quiz-app/rccm-quiz-app/data/4-2_2017.csv
2025-06-15 19:17:41,105 - utils - INFO - ファイルサイズ: 381560 bytes
2025-06-15 19:17:41,128 - utils - INFO - 読み込み成功: utf-8 エンコーディング
2025-06-15 19:17:41,129 - utils - INFO - データ読み込み完了: 440行, エンコーディング: utf-8
2025-06-15 19:17:41,162 - utils - INFO - 有効な問題データ: 440問
2025-06-15 19:17:41,163 - utils - INFO - 4-2専門データ2017年読み込み完了: 440問
2025-06-15 19:17:41,165 - utils - INFO - 問題データ読み込み開始: /mnt/c/Users/z285/Desktop/rccm-quiz-app/rccm-quiz-app/data/4-2_2018.csv
2025-06-15 19:17:41,168 - utils - INFO - ファイルサイズ: 310682 bytes
2025-06-15 19:17:41,189 - utils - INFO - 読み込み成功: utf-8 エンコーディング
2025-06-15 19:17:41,190 - utils - INFO - データ読み込み完了: 357行, エンコーディング: utf-8
2025-06-15 19:17:41,223 - utils - INFO - 有効な問題データ: 357問
2025-06-15 19:17:41,224 - utils - INFO - 4-2専門データ2018年読み込み完了: 357問
2025-06-15 19:17:41,230 - utils - INFO - 問題データ読み込み開始: /mnt/c/Users/z285/Desktop/rccm-quiz-app/rccm-quiz-app/data/questions.csv
2025-06-15 19:17:41,234 - utils - INFO - ファイルサイズ: 387 bytes
2025-06-15 19:17:41,241 - utils - INFO - 読み込み成功: utf-8 エンコーディング
2025-06-15 19:17:41,242 - utils - INFO - データ読み込み完了: 1行, エンコーディング: utf-8
2025-06-15 19:17:41,242 - utils - INFO - 有効な問題データ: 1問
2025-06-15 19:17:41,243 - utils - INFO - レガシーデータ読み込み完了: 1問
2025-06-15 19:17:41,244 - utils - INFO - ID衝突解決: 基礎=203問, 専門=3681問, その他=0問
2025-06-15 19:17:41,245 - utils - INFO - RCCM統合データ読み込み完了: 13ファイル, 総計3884問
2025-06-15 19:17:41,245 - utils - INFO - 4-2専門データ対象年度: [2008, 2009, 2010, 2011, 2012, 2013, 2014, 2015, 2016, 2017, 2018]
2025-06-15 19:17:41,248 - __main__ - INFO - RCCM統合データ読み込み完了: 3884問 (検証済み)
2025-06-15 19:17:41,248 - __main__ - INFO - 基本アプリケーション初期化完了: 3884問読み込み
2025-06-15 19:17:41,249 - utils - INFO - CSVデータの事前読み込み開始（企業環境最適化）
2025-06-15 19:17:41,254 - utils - INFO - CSVデータ事前読み込み完了: 12/12 ファイル
2025-06-15 19:17:41,255 - __main__ - INFO - 企業環境用データ事前読み込み完了 - 高速アクセス準備完了
2025-06-15 19:17:41,268 - utils - INFO - データ整合性チェック完了: 3884問
2025-06-15 19:17:41,268 - __main__ - INFO - データ整合性チェック: healthy - 総計3884問
2025-06-15 19:17:41,268 - __main__ - INFO - RCCM試験問題集アプリケーション起動中...
2025-06-15 19:17:41,269 - __main__ - INFO - アクセスURL: http://localhost:5003
2025-06-15 19:17:41,279 - werkzeug - WARNING -  * Debugger is active!
2025-06-15 19:17:41,280 - werkzeug - INFO -  * Debugger PIN: 368-620-233
