2025-06-28 10:36:24,111 - __main__ - INFO - 🚀 ウルトラ高速起動モード: 遅延読み込み有効
2025-06-28 10:36:24,119 - __main__ - INFO - ✅ ウルトラ高速起動完了 - データは必要時に読み込まれます
2025-06-28 10:36:24,122 - __main__ - INFO - ⚡ データ事前読み込み実行（起動高速化）
2025-06-28 10:36:24,123 - __main__ - INFO - ⚡ 事前データ読み込み開始（起動高速化）
2025-06-28 10:36:24,124 - utils - INFO - RCCM統合データ読み込み開始: /mnt/c/Users/z285/Desktop/rccm-quiz-app/rccm-quiz-app/data
2025-06-28 10:36:24,126 - utils - INFO - 問題データ読み込み開始: /mnt/c/Users/z285/Desktop/rccm-quiz-app/rccm-quiz-app/data/4-1.csv
2025-06-28 10:36:24,129 - utils - INFO - ファイルサイズ: 92424 bytes
2025-06-28 10:36:24,147 - utils - INFO - 読み込み成功: utf-8 エンコーディング
2025-06-28 10:36:24,148 - utils - INFO - データ読み込み完了: 202行, エンコーディング: utf-8
2025-06-28 10:36:24,150 - utils - INFO - 有効な問題データ: 202問
2025-06-28 10:36:24,151 - utils - INFO - 4-1基礎データ読み込み完了: 202問
2025-06-28 10:36:24,153 - utils - INFO - 問題データ読み込み開始: /mnt/c/Users/z285/Desktop/rccm-quiz-app/rccm-quiz-app/data/4-2_2008.csv
2025-06-28 10:36:24,156 - utils - INFO - ファイルサイズ: 201176 bytes
2025-06-28 10:36:24,177 - utils - INFO - 読み込み成功: utf-8 エンコーディング
2025-06-28 10:36:24,178 - utils - INFO - データ読み込み完了: 360行, エンコーディング: utf-8
2025-06-28 10:36:24,180 - utils - INFO - 有効な問題データ: 360問
2025-06-28 10:36:24,181 - utils - INFO - 4-2専門データ2008年読み込み完了: 360問
2025-06-28 10:36:24,183 - utils - INFO - 問題データ読み込み開始: /mnt/c/Users/z285/Desktop/rccm-quiz-app/rccm-quiz-app/data/4-2_2009.csv
2025-06-28 10:36:24,185 - utils - INFO - ファイルサイズ: 207651 bytes
2025-06-28 10:36:24,203 - utils - INFO - 読み込み成功: utf-8 エンコーディング
2025-06-28 10:36:24,205 - utils - INFO - データ読み込み完了: 359行, エンコーディング: utf-8
2025-06-28 10:36:24,207 - utils - INFO - 有効な問題データ: 359問
2025-06-28 10:36:24,208 - utils - INFO - 4-2専門データ2009年読み込み完了: 359問
2025-06-28 10:36:24,210 - utils - INFO - 問題データ読み込み開始: /mnt/c/Users/z285/Desktop/rccm-quiz-app/rccm-quiz-app/data/4-2_2010.csv
2025-06-28 10:36:24,213 - utils - INFO - ファイルサイズ: 157895 bytes
2025-06-28 10:36:24,228 - utils - INFO - 読み込み成功: utf-8 エンコーディング
2025-06-28 10:36:24,229 - utils - INFO - データ読み込み完了: 239行, エンコーディング: utf-8
2025-06-28 10:36:24,231 - utils - INFO - 有効な問題データ: 239問
2025-06-28 10:36:24,232 - utils - INFO - 4-2専門データ2010年読み込み完了: 239問
2025-06-28 10:36:24,234 - utils - INFO - 問題データ読み込み開始: /mnt/c/Users/z285/Desktop/rccm-quiz-app/rccm-quiz-app/data/4-2_2011.csv
2025-06-28 10:36:24,236 - utils - INFO - ファイルサイズ: 237300 bytes
2025-06-28 10:36:24,259 - utils - INFO - 読み込み成功: utf-8 エンコーディング
2025-06-28 10:36:24,260 - utils - INFO - データ読み込み完了: 360行, エンコーディング: utf-8
2025-06-28 10:36:24,262 - utils - INFO - 有効な問題データ: 360問
2025-06-28 10:36:24,263 - utils - INFO - 4-2専門データ2011年読み込み完了: 360問
2025-06-28 10:36:24,265 - utils - INFO - 問題データ読み込み開始: /mnt/c/Users/z285/Desktop/rccm-quiz-app/rccm-quiz-app/data/4-2_2012.csv
2025-06-28 10:36:24,267 - utils - INFO - ファイルサイズ: 199154 bytes
2025-06-28 10:36:24,295 - utils - INFO - 読み込み成功: utf-8 エンコーディング
2025-06-28 10:36:24,297 - utils - INFO - データ読み込み完了: 307行, エンコーディング: utf-8
2025-06-28 10:36:24,299 - utils - INFO - 有効な問題データ: 307問
2025-06-28 10:36:24,301 - utils - INFO - 4-2専門データ2012年読み込み完了: 307問
2025-06-28 10:36:24,303 - utils - INFO - 問題データ読み込み開始: /mnt/c/Users/z285/Desktop/rccm-quiz-app/rccm-quiz-app/data/4-2_2013.csv
2025-06-28 10:36:24,307 - utils - INFO - ファイルサイズ: 182989 bytes
2025-06-28 10:36:24,332 - utils - INFO - 読み込み成功: utf-8 エンコーディング
2025-06-28 10:36:24,334 - utils - INFO - データ読み込み完了: 300行, エンコーディング: utf-8
2025-06-28 10:36:24,340 - utils - INFO - 有効な問題データ: 300問
2025-06-28 10:36:24,341 - utils - INFO - 4-2専門データ2013年読み込み完了: 300問
2025-06-28 10:36:24,343 - utils - INFO - 問題データ読み込み開始: /mnt/c/Users/z285/Desktop/rccm-quiz-app/rccm-quiz-app/data/4-2_2014.csv
2025-06-28 10:36:24,347 - utils - INFO - ファイルサイズ: 153257 bytes
2025-06-28 10:36:24,363 - utils - INFO - 読み込み成功: utf-8 エンコーディング
2025-06-28 10:36:24,364 - utils - INFO - データ読み込み完了: 240行, エンコーディング: utf-8
2025-06-28 10:36:24,365 - utils - INFO - 有効な問題データ: 240問
2025-06-28 10:36:24,366 - utils - INFO - 4-2専門データ2014年読み込み完了: 240問
2025-06-28 10:36:24,368 - utils - INFO - 問題データ読み込み開始: /mnt/c/Users/z285/Desktop/rccm-quiz-app/rccm-quiz-app/data/4-2_2015.csv
2025-06-28 10:36:24,371 - utils - INFO - ファイルサイズ: 273998 bytes
2025-06-28 10:36:24,394 - utils - INFO - 読み込み成功: utf-8 エンコーディング
2025-06-28 10:36:24,395 - utils - INFO - データ読み込み完了: 358行, エンコーディング: utf-8
2025-06-28 10:36:24,397 - utils - INFO - 有効な問題データ: 358問
2025-06-28 10:36:24,399 - utils - INFO - 4-2専門データ2015年読み込み完了: 358問
2025-06-28 10:36:24,401 - utils - INFO - 問題データ読み込み開始: /mnt/c/Users/z285/Desktop/rccm-quiz-app/rccm-quiz-app/data/4-2_2016.csv
2025-06-28 10:36:24,403 - utils - INFO - ファイルサイズ: 291672 bytes
2025-06-28 10:36:24,427 - utils - INFO - 読み込み成功: utf-8 エンコーディング
2025-06-28 10:36:24,429 - utils - INFO - データ読み込み完了: 361行, エンコーディング: utf-8
2025-06-28 10:36:24,431 - utils - INFO - 有効な問題データ: 361問
2025-06-28 10:36:24,432 - utils - INFO - 4-2専門データ2016年読み込み完了: 361問
2025-06-28 10:36:24,435 - utils - INFO - 問題データ読み込み開始: /mnt/c/Users/z285/Desktop/rccm-quiz-app/rccm-quiz-app/data/4-2_2017.csv
2025-06-28 10:36:24,438 - utils - INFO - ファイルサイズ: 382964 bytes
2025-06-28 10:36:24,469 - utils - INFO - 読み込み成功: utf-8 エンコーディング
2025-06-28 10:36:24,470 - utils - INFO - データ読み込み完了: 440行, エンコーディング: utf-8
2025-06-28 10:36:24,473 - utils - INFO - 有効な問題データ: 440問
2025-06-28 10:36:24,475 - utils - INFO - 4-2専門データ2017年読み込み完了: 440問
2025-06-28 10:36:24,476 - utils - INFO - 問題データ読み込み開始: /mnt/c/Users/z285/Desktop/rccm-quiz-app/rccm-quiz-app/data/4-2_2018.csv
2025-06-28 10:36:24,479 - utils - INFO - ファイルサイズ: 309809 bytes
2025-06-28 10:36:24,502 - utils - INFO - 読み込み成功: utf-8 エンコーディング
2025-06-28 10:36:24,503 - utils - INFO - データ読み込み完了: 357行, エンコーディング: utf-8
2025-06-28 10:36:24,505 - utils - INFO - 有効な問題データ: 357問
2025-06-28 10:36:24,506 - utils - INFO - 4-2専門データ2018年読み込み完了: 357問
2025-06-28 10:36:24,508 - utils - INFO - 問題データ読み込み開始: /mnt/c/Users/z285/Desktop/rccm-quiz-app/rccm-quiz-app/data/4-2_2019.csv
2025-06-28 10:36:24,510 - utils - INFO - ファイルサイズ: 216806 bytes
2025-06-28 10:36:24,528 - utils - INFO - 読み込み成功: utf-8 エンコーディング
2025-06-28 10:36:24,529 - utils - INFO - データ読み込み完了: 356行, エンコーディング: utf-8
2025-06-28 10:36:24,531 - utils - INFO - 有効な問題データ: 356問
2025-06-28 10:36:24,532 - utils - INFO - 4-2専門データ2019年読み込み完了: 356問
2025-06-28 10:36:24,533 - utils - INFO - ID重複解決開始: 入力問題数=4239問
2025-06-28 10:36:24,535 - utils - INFO - ID重複解決処理開始: 361個のIDを重複解決中 (例: ['1', '2', '3', '4', '5', '6', '7', '8', '9', '10'])
2025-06-28 10:36:24,536 - utils - INFO - 問題分類: 基礎=202問, 専門=4037問, その他=0問
2025-06-28 10:36:24,541 - utils - INFO - ✅ ID重複解決完了: 基礎=202問(1-202), 専門=4037問(1001-5037), その他=0問, 総計=4239問
2025-06-28 10:36:24,543 - utils - INFO - 重複解決例: [('basic_1', 1), ('basic_2', 2), ('basic_3', 3), ('basic_4', 4), ('basic_5', 5)]
2025-06-28 10:36:24,544 - utils - INFO - 🚀 企業環境最適化: データキャッシュ完了 - 次回読み込み高速化
2025-06-28 10:36:24,545 - utils - INFO - RCCM統合データ読み込み完了: 13ファイル, 総計4239問
2025-06-28 10:36:24,545 - utils - INFO - 4-2専門データ対象年度: [2008, 2009, 2010, 2011, 2012, 2013, 2014, 2015, 2016, 2017, 2018, 2019]
2025-06-28 10:36:24,549 - __main__ - INFO - ✅ 事前データ読み込み完了: 4239問（キャッシュ済み）
2025-06-28 10:36:24,549 - __main__ - INFO - ✅ 事前読み込み完了 - 初回アクセス時の遅延が解消されます
2025-06-28 10:36:24,550 - __main__ - INFO - RCCM試験問題集アプリケーション起動中...
2025-06-28 10:36:24,551 - __main__ - INFO - アクセスURL: http://172.18.44.152:5003
2025-06-28 10:36:24,552 - __main__ - INFO - アクセスURL: http://localhost:5003
2025-06-28 10:36:24,552 - __main__ - INFO - 🚀 RCCM Ready - Host: 0.0.0.0, Port: 5005
 * Serving Flask app 'app'
 * Debug mode: on
2025-06-28 10:36:24,571 - werkzeug - INFO - [31m[1mWARNING: This is a development server. Do not use it in a production deployment. Use a production WSGI server instead.[0m
 * Running on all addresses (0.0.0.0)
 * Running on http://127.0.0.1:5005
 * Running on http://172.18.44.152:5005
2025-06-28 10:36:24,573 - werkzeug - INFO - [33mPress CTRL+C to quit[0m
2025-06-28 10:36:38,035 - werkzeug - ERROR - 127.0.0.1 - - [28/Jun/2025 10:36:38] code 400, message Bad request syntax ('GET /exam?question_type=specialist&department=é\x80\xa0å\x9c\x92&year=2019 HTTP/1.1')
2025-06-28 10:36:38,037 - werkzeug - INFO - 127.0.0.1 - - [28/Jun/2025 10:36:38] "[35m[1mGET /exam?question_type=specialist&department=é\x80 å\x9c\x92&year=2019 HTTP/1.1[0m" HTTPStatus.BAD_REQUEST -
2025-06-28 10:36:53,913 - __main__ - INFO - exam_question_ids が空 - 新規セッション開始として処理
2025-06-28 10:36:53,915 - utils - INFO - 🚀 企業環境最適化: データ既読み込み済み - スキップ
2025-06-28 10:36:53,917 - __main__ - INFO - カテゴリ英語→日本語変換: None → 全体
2025-06-28 10:36:53,919 - __main__ - INFO - カテゴリデコード結果: 全体
2025-06-28 10:36:53,921 - __main__ - INFO - カテゴリ判定前: requested_category=全体, requested_question_type=specialist, requested_department=造園
2025-06-28 10:36:53,923 - __main__ - INFO - カテゴリ処理後: requested_department=造園, requested_question_type=specialist
2025-06-28 10:36:53,925 - __main__ - INFO - 年度指定: 2019年度の問題を取得
2025-06-28 10:36:53,927 - __main__ - INFO - GET処理: current_no=0, exam_question_ids数=0, is_next=False
2025-06-28 10:36:53,929 - __main__ - INFO - セッション詳細: session keys数=10, exam_current=0
2025-06-28 10:36:53,931 - __main__ - INFO - 問題種別情報: requested_question_type=specialist, session_question_type=None, department=造園
2025-06-28 10:36:53,933 - __main__ - INFO - カテゴリ情報: requested_category=全体, session_category=全体
2025-06-28 10:36:53,935 - __main__ - INFO - リセット判定: is_next=False, exam_ids=False, category_match=True, question_type_match=False, department_match=False, year_match=False, current_no=0, len=0
2025-06-28 10:36:53,937 - __main__ - INFO - 🔥 ULTRA SYNC: need_reset = True (is_next_request=False)
2025-06-28 10:36:53,938 - __main__ - INFO - 問題リセット: セッション完全クリア - ['exam_question_ids', 'exam_current', 'request_history']
2025-06-28 10:36:53,940 - __main__ - INFO - get_mixed_questions呼び出し前: department=造園, question_type=specialist, category=全体
2025-06-28 10:36:53,942 - __main__ - INFO - 専門科目フィルタ適用: 結果 4037問
2025-06-28 10:36:53,942 - __main__ - INFO - 部門フィルタリング: 日本語部門名 造園 をそのまま使用
2025-06-28 10:36:53,944 - __main__ - INFO - 専門科目フィルタ前のカテゴリ一覧: ['上水道及び工業用水道', '造園', '農業土木', '道路', '鋼構造及びコンクリート', '河川、砂防及び海岸・海洋', '森林土木', '建設環境', '施工計画、施工設備及び積算', 'トンネル', '土質及び基礎', '都市計画及び地方計画']
2025-06-28 10:36:53,945 - __main__ - INFO - 専門科目部門マッチング成功: カテゴリ「造園」で 340問
2025-06-28 10:36:53,946 - __main__ - INFO - 🚨 年度フィルタ適用（ウルトラシンク修正）: 2019年度, 340 → 30問
2025-06-28 10:36:53,946 - __main__ - INFO - 最終選択問題のカテゴリ分布: ['造園']
2025-06-28 10:36:53,947 - __main__ - INFO - 🚨 最終選択問題の年度分布: ['2019']
2025-06-28 10:36:53,947 - __main__ - INFO - 問題選択完了: 復習0問, 新規10問, フィルタ:[部門:造園, 種別:4-2 選択科目, 年度:2019]
2025-06-28 10:36:53,948 - __main__ - INFO - 🔥 ULTRA SYNC: 最終問題数確定 10問（10問設定に従って切断）
2025-06-28 10:36:53,948 - __main__ - INFO - 問題選択詳細: requested_size=10, selected_count=10, question_ids_count=10
2025-06-28 10:36:53,949 - __main__ - INFO - 問題ID一覧: [5012, 5029, 5015, 5008, 5013, 5032, 5016, 5024, 5037, 5023]
2025-06-28 10:36:53,949 - __main__ - INFO - 新しい問題セッション開始: 10問, フィルタ: 部門:造園, 種別:4-2 選択科目
2025-06-28 10:36:53,950 - __main__ - INFO - 問題ID取得: current_no=0, question_id=5012
2025-06-28 10:36:53,951 - __main__ - INFO - 問題表示: 1/10 (内部: current_no=0, total_ids=10)
2025-06-28 10:36:53,951 - __main__ - INFO - テンプレート変数: current_no=1 (type:<class 'int'>), total_questions=10
2025-06-28 10:36:53,970 - werkzeug - INFO - 127.0.0.1 - - [28/Jun/2025 10:36:53] "GET /exam?question_type=specialist&department=造園&year=2019 HTTP/1.1" 200 -
