2025-06-15 09:55:11,501 - utils - INFO - RCCM統合データ読み込み開始: data
2025-06-15 09:55:11,503 - utils - INFO - 問題データ読み込み開始: data/4-1.csv
2025-06-15 09:55:11,506 - utils - INFO - ファイルサイズ: 92168 bytes
2025-06-15 09:55:11,519 - utils - INFO - 読み込み成功: utf-8 エンコーディング
2025-06-15 09:55:11,519 - utils - INFO - データ読み込み完了: 202行, エンコーディング: utf-8
2025-06-15 09:55:11,537 - utils - INFO - 有効な問題データ: 202問
2025-06-15 09:55:11,538 - utils - INFO - 4-1基礎データ読み込み完了: 202問
2025-06-15 09:55:11,539 - utils - INFO - 問題データ読み込み開始: data/4-2_2008.csv
2025-06-15 09:55:11,543 - utils - INFO - ファイルサイズ: 200456 bytes
2025-06-15 09:55:11,561 - utils - INFO - 読み込み成功: utf-8 エンコーディング
2025-06-15 09:55:11,562 - utils - INFO - データ読み込み完了: 360行, エンコーディング: utf-8
2025-06-15 09:55:11,594 - utils - INFO - 有効な問題データ: 360問
2025-06-15 09:55:11,595 - utils - INFO - 4-2専門データ2008年読み込み完了: 360問
2025-06-15 09:55:11,596 - utils - INFO - 問題データ読み込み開始: data/4-2_2009.csv
2025-06-15 09:55:11,600 - utils - INFO - ファイルサイズ: 206977 bytes
2025-06-15 09:55:11,620 - utils - INFO - 読み込み成功: utf-8 エンコーディング
2025-06-15 09:55:11,621 - utils - INFO - データ読み込み完了: 359行, エンコーディング: utf-8
2025-06-15 09:55:11,653 - utils - INFO - 有効な問題データ: 359問
2025-06-15 09:55:11,654 - utils - INFO - 4-2専門データ2009年読み込み完了: 359問
2025-06-15 09:55:11,656 - utils - INFO - 問題データ読み込み開始: data/4-2_2010.csv
2025-06-15 09:55:11,658 - utils - INFO - ファイルサイズ: 157993 bytes
2025-06-15 09:55:11,675 - utils - INFO - 読み込み成功: utf-8 エンコーディング
2025-06-15 09:55:11,675 - utils - INFO - データ読み込み完了: 239行, エンコーディング: utf-8
2025-06-15 09:55:11,698 - utils - INFO - 有効な問題データ: 239問
2025-06-15 09:55:11,698 - utils - INFO - 4-2専門データ2010年読み込み完了: 239問
2025-06-15 09:55:11,700 - utils - INFO - 問題データ読み込み開始: data/4-2_2011.csv
2025-06-15 09:55:11,704 - utils - INFO - ファイルサイズ: 235229 bytes
2025-06-15 09:55:11,725 - utils - INFO - 読み込み成功: utf-8 エンコーディング
2025-06-15 09:55:11,726 - utils - INFO - データ読み込み完了: 360行, エンコーディング: utf-8
2025-06-15 09:55:11,774 - utils - INFO - 有効な問題データ: 360問
2025-06-15 09:55:11,775 - utils - INFO - 4-2専門データ2011年読み込み完了: 360問
2025-06-15 09:55:11,776 - utils - INFO - 問題データ読み込み開始: data/4-2_2012.csv
2025-06-15 09:55:11,778 - utils - INFO - ファイルサイズ: 199097 bytes
2025-06-15 09:55:11,797 - utils - INFO - 読み込み成功: utf-8 エンコーディング
2025-06-15 09:55:11,798 - utils - INFO - データ読み込み完了: 307行, エンコーディング: utf-8
2025-06-15 09:55:11,827 - utils - INFO - 有効な問題データ: 307問
2025-06-15 09:55:11,828 - utils - INFO - 4-2専門データ2012年読み込み完了: 307問
2025-06-15 09:55:11,829 - utils - INFO - 問題データ読み込み開始: data/4-2_2013.csv
2025-06-15 09:55:11,831 - utils - INFO - ファイルサイズ: 183685 bytes
2025-06-15 09:55:11,846 - utils - INFO - 読み込み成功: utf-8 エンコーディング
2025-06-15 09:55:11,847 - utils - INFO - データ読み込み完了: 300行, エンコーディング: utf-8
2025-06-15 09:55:11,871 - utils - INFO - 有効な問題データ: 300問
2025-06-15 09:55:11,872 - utils - INFO - 4-2専門データ2013年読み込み完了: 300問
2025-06-15 09:55:11,875 - utils - INFO - 問題データ読み込み開始: data/4-2_2014.csv
2025-06-15 09:55:11,877 - utils - INFO - ファイルサイズ: 155568 bytes
2025-06-15 09:55:11,891 - utils - INFO - 読み込み成功: utf-8 エンコーディング
2025-06-15 09:55:11,891 - utils - INFO - データ読み込み完了: 240行, エンコーディング: utf-8
2025-06-15 09:55:11,911 - utils - INFO - 有効な問題データ: 240問
2025-06-15 09:55:11,912 - utils - INFO - 4-2専門データ2014年読み込み完了: 240問
2025-06-15 09:55:11,913 - utils - INFO - 問題データ読み込み開始: data/4-2_2015.csv
2025-06-15 09:55:11,917 - utils - INFO - ファイルサイズ: 272405 bytes
2025-06-15 09:55:11,940 - utils - INFO - 読み込み成功: utf-8 エンコーディング
2025-06-15 09:55:11,941 - utils - INFO - データ読み込み完了: 358行, エンコーディング: utf-8
2025-06-15 09:55:11,980 - utils - INFO - 有効な問題データ: 358問
2025-06-15 09:55:11,988 - utils - INFO - 4-2専門データ2015年読み込み完了: 358問
2025-06-15 09:55:11,990 - utils - INFO - 問題データ読み込み開始: data/4-2_2016.csv
2025-06-15 09:55:11,993 - utils - INFO - ファイルサイズ: 290835 bytes
2025-06-15 09:55:12,020 - utils - INFO - 読み込み成功: utf-8 エンコーディング
2025-06-15 09:55:12,021 - utils - INFO - データ読み込み完了: 361行, エンコーディング: utf-8
2025-06-15 09:55:12,051 - utils - INFO - 有効な問題データ: 361問
2025-06-15 09:55:12,052 - utils - INFO - 4-2専門データ2016年読み込み完了: 361問
2025-06-15 09:55:12,053 - utils - INFO - 問題データ読み込み開始: data/4-2_2017.csv
2025-06-15 09:55:12,055 - utils - INFO - ファイルサイズ: 381560 bytes
2025-06-15 09:55:12,081 - utils - INFO - 読み込み成功: utf-8 エンコーディング
2025-06-15 09:55:12,082 - utils - INFO - データ読み込み完了: 440行, エンコーディング: utf-8
2025-06-15 09:55:12,121 - utils - INFO - 有効な問題データ: 440問
2025-06-15 09:55:12,121 - utils - INFO - 4-2専門データ2017年読み込み完了: 440問
2025-06-15 09:55:12,123 - utils - INFO - 問題データ読み込み開始: data/4-2_2018.csv
2025-06-15 09:55:12,125 - utils - INFO - ファイルサイズ: 310682 bytes
2025-06-15 09:55:12,146 - utils - INFO - 読み込み成功: utf-8 エンコーディング
2025-06-15 09:55:12,146 - utils - INFO - データ読み込み完了: 357行, エンコーディング: utf-8
2025-06-15 09:55:12,176 - utils - INFO - 有効な問題データ: 357問
2025-06-15 09:55:12,177 - utils - INFO - 4-2専門データ2018年読み込み完了: 357問
2025-06-15 09:55:12,179 - utils - INFO - 問題データ読み込み開始: data/questions.csv
2025-06-15 09:55:12,181 - utils - INFO - ファイルサイズ: 387 bytes
2025-06-15 09:55:12,188 - utils - INFO - 読み込み成功: utf-8 エンコーディング
2025-06-15 09:55:12,188 - utils - INFO - データ読み込み完了: 1行, エンコーディング: utf-8
2025-06-15 09:55:12,188 - utils - INFO - 有効な問題データ: 1問
2025-06-15 09:55:12,189 - utils - INFO - レガシーデータ読み込み完了: 1問
2025-06-15 09:55:12,190 - utils - INFO - RCCM統合データ読み込み完了: 13ファイル, 総計3884問
2025-06-15 09:55:12,190 - utils - INFO - 4-2専門データ対象年度: [2008, 2009, 2010, 2011, 2012, 2013, 2014, 2015, 2016, 2017, 2018]
2025-06-15 09:55:12,190 - admin_dashboard - INFO - 管理者ダッシュボード初期化: 3884問読み込み完了
2025-06-15 09:55:12,196 - social_learning - INFO - ソーシャル学習機能初期化完了
2025-06-15 09:55:12,200 - api_integration - INFO - プロフェッショナルAPI統合機能初期化完了
2025-06-15 09:55:12,205 - advanced_personalization - INFO - 高度な個人化エンジン初期化完了
2025-06-15 09:55:12,227 - __main__ - INFO - RCCM統合問題データの読み込み開始
2025-06-15 09:55:12,228 - utils - INFO - RCCM統合データ読み込み開始: /mnt/c/Users/z285/Desktop/rccm-quiz-app/rccm-quiz-app/data
2025-06-15 09:55:12,229 - utils - INFO - 問題データ読み込み開始: /mnt/c/Users/z285/Desktop/rccm-quiz-app/rccm-quiz-app/data/4-1.csv
2025-06-15 09:55:12,231 - utils - INFO - ファイルサイズ: 92168 bytes
2025-06-15 09:55:12,251 - utils - INFO - 読み込み成功: utf-8 エンコーディング
2025-06-15 09:55:12,252 - utils - INFO - データ読み込み完了: 202行, エンコーディング: utf-8
2025-06-15 09:55:12,271 - utils - INFO - 有効な問題データ: 202問
2025-06-15 09:55:12,271 - utils - INFO - 4-1基礎データ読み込み完了: 202問
2025-06-15 09:55:12,272 - utils - INFO - 問題データ読み込み開始: /mnt/c/Users/z285/Desktop/rccm-quiz-app/rccm-quiz-app/data/4-2_2008.csv
2025-06-15 09:55:12,275 - utils - INFO - ファイルサイズ: 200456 bytes
2025-06-15 09:55:12,292 - utils - INFO - 読み込み成功: utf-8 エンコーディング
2025-06-15 09:55:12,292 - utils - INFO - データ読み込み完了: 360行, エンコーディング: utf-8
2025-06-15 09:55:12,320 - utils - INFO - 有効な問題データ: 360問
2025-06-15 09:55:12,320 - utils - INFO - 4-2専門データ2008年読み込み完了: 360問
2025-06-15 09:55:12,322 - utils - INFO - 問題データ読み込み開始: /mnt/c/Users/z285/Desktop/rccm-quiz-app/rccm-quiz-app/data/4-2_2009.csv
2025-06-15 09:55:12,324 - utils - INFO - ファイルサイズ: 206977 bytes
2025-06-15 09:55:12,339 - utils - INFO - 読み込み成功: utf-8 エンコーディング
2025-06-15 09:55:12,339 - utils - INFO - データ読み込み完了: 359行, エンコーディング: utf-8
2025-06-15 09:55:12,368 - utils - INFO - 有効な問題データ: 359問
2025-06-15 09:55:12,369 - utils - INFO - 4-2専門データ2009年読み込み完了: 359問
2025-06-15 09:55:12,372 - utils - INFO - 問題データ読み込み開始: /mnt/c/Users/z285/Desktop/rccm-quiz-app/rccm-quiz-app/data/4-2_2010.csv
2025-06-15 09:55:12,375 - utils - INFO - ファイルサイズ: 157993 bytes
2025-06-15 09:55:12,391 - utils - INFO - 読み込み成功: utf-8 エンコーディング
2025-06-15 09:55:12,392 - utils - INFO - データ読み込み完了: 239行, エンコーディング: utf-8
2025-06-15 09:55:12,415 - utils - INFO - 有効な問題データ: 239問
2025-06-15 09:55:12,416 - utils - INFO - 4-2専門データ2010年読み込み完了: 239問
2025-06-15 09:55:12,417 - utils - INFO - 問題データ読み込み開始: /mnt/c/Users/z285/Desktop/rccm-quiz-app/rccm-quiz-app/data/4-2_2011.csv
2025-06-15 09:55:12,420 - utils - INFO - ファイルサイズ: 235229 bytes
2025-06-15 09:55:12,439 - utils - INFO - 読み込み成功: utf-8 エンコーディング
2025-06-15 09:55:12,439 - utils - INFO - データ読み込み完了: 360行, エンコーディング: utf-8
2025-06-15 09:55:12,477 - utils - INFO - 有効な問題データ: 360問
2025-06-15 09:55:12,479 - utils - INFO - 4-2専門データ2011年読み込み完了: 360問
2025-06-15 09:55:12,480 - utils - INFO - 問題データ読み込み開始: /mnt/c/Users/z285/Desktop/rccm-quiz-app/rccm-quiz-app/data/4-2_2012.csv
2025-06-15 09:55:12,483 - utils - INFO - ファイルサイズ: 199097 bytes
2025-06-15 09:55:12,501 - utils - INFO - 読み込み成功: utf-8 エンコーディング
2025-06-15 09:55:12,502 - utils - INFO - データ読み込み完了: 307行, エンコーディング: utf-8
2025-06-15 09:55:12,532 - utils - INFO - 有効な問題データ: 307問
2025-06-15 09:55:12,533 - utils - INFO - 4-2専門データ2012年読み込み完了: 307問
2025-06-15 09:55:12,534 - utils - INFO - 問題データ読み込み開始: /mnt/c/Users/z285/Desktop/rccm-quiz-app/rccm-quiz-app/data/4-2_2013.csv
2025-06-15 09:55:12,537 - utils - INFO - ファイルサイズ: 183685 bytes
2025-06-15 09:55:12,555 - utils - INFO - 読み込み成功: utf-8 エンコーディング
2025-06-15 09:55:12,556 - utils - INFO - データ読み込み完了: 300行, エンコーディング: utf-8
2025-06-15 09:55:12,582 - utils - INFO - 有効な問題データ: 300問
2025-06-15 09:55:12,583 - utils - INFO - 4-2専門データ2013年読み込み完了: 300問
2025-06-15 09:55:12,584 - utils - INFO - 問題データ読み込み開始: /mnt/c/Users/z285/Desktop/rccm-quiz-app/rccm-quiz-app/data/4-2_2014.csv
2025-06-15 09:55:12,587 - utils - INFO - ファイルサイズ: 155568 bytes
2025-06-15 09:55:12,602 - utils - INFO - 読み込み成功: utf-8 エンコーディング
2025-06-15 09:55:12,602 - utils - INFO - データ読み込み完了: 240行, エンコーディング: utf-8
2025-06-15 09:55:12,622 - utils - INFO - 有効な問題データ: 240問
2025-06-15 09:55:12,623 - utils - INFO - 4-2専門データ2014年読み込み完了: 240問
2025-06-15 09:55:12,624 - utils - INFO - 問題データ読み込み開始: /mnt/c/Users/z285/Desktop/rccm-quiz-app/rccm-quiz-app/data/4-2_2015.csv
2025-06-15 09:55:12,627 - utils - INFO - ファイルサイズ: 272405 bytes
2025-06-15 09:55:12,649 - utils - INFO - 読み込み成功: utf-8 エンコーディング
2025-06-15 09:55:12,650 - utils - INFO - データ読み込み完了: 358行, エンコーディング: utf-8
2025-06-15 09:55:12,686 - utils - INFO - 有効な問題データ: 358問
2025-06-15 09:55:12,687 - utils - INFO - 4-2専門データ2015年読み込み完了: 358問
2025-06-15 09:55:12,690 - utils - INFO - 問題データ読み込み開始: /mnt/c/Users/z285/Desktop/rccm-quiz-app/rccm-quiz-app/data/4-2_2016.csv
2025-06-15 09:55:12,692 - utils - INFO - ファイルサイズ: 290835 bytes
2025-06-15 09:55:12,722 - utils - INFO - 読み込み成功: utf-8 エンコーディング
2025-06-15 09:55:12,723 - utils - INFO - データ読み込み完了: 361行, エンコーディング: utf-8
2025-06-15 09:55:12,770 - utils - INFO - 有効な問題データ: 361問
2025-06-15 09:55:12,772 - utils - INFO - 4-2専門データ2016年読み込み完了: 361問
2025-06-15 09:55:12,774 - utils - INFO - 問題データ読み込み開始: /mnt/c/Users/z285/Desktop/rccm-quiz-app/rccm-quiz-app/data/4-2_2017.csv
2025-06-15 09:55:12,779 - utils - INFO - ファイルサイズ: 381560 bytes
2025-06-15 09:55:12,833 - utils - INFO - 読み込み成功: utf-8 エンコーディング
2025-06-15 09:55:12,834 - utils - INFO - データ読み込み完了: 440行, エンコーディング: utf-8
2025-06-15 09:55:12,883 - utils - INFO - 有効な問題データ: 440問
2025-06-15 09:55:12,884 - utils - INFO - 4-2専門データ2017年読み込み完了: 440問
2025-06-15 09:55:12,885 - utils - INFO - 問題データ読み込み開始: /mnt/c/Users/z285/Desktop/rccm-quiz-app/rccm-quiz-app/data/4-2_2018.csv
2025-06-15 09:55:12,889 - utils - INFO - ファイルサイズ: 310682 bytes
2025-06-15 09:55:12,911 - utils - INFO - 読み込み成功: utf-8 エンコーディング
2025-06-15 09:55:12,912 - utils - INFO - データ読み込み完了: 357行, エンコーディング: utf-8
2025-06-15 09:55:12,951 - utils - INFO - 有効な問題データ: 357問
2025-06-15 09:55:12,952 - utils - INFO - 4-2専門データ2018年読み込み完了: 357問
2025-06-15 09:55:12,956 - utils - INFO - 問題データ読み込み開始: /mnt/c/Users/z285/Desktop/rccm-quiz-app/rccm-quiz-app/data/questions.csv
2025-06-15 09:55:12,959 - utils - INFO - ファイルサイズ: 387 bytes
2025-06-15 09:55:12,967 - utils - INFO - 読み込み成功: utf-8 エンコーディング
2025-06-15 09:55:12,968 - utils - INFO - データ読み込み完了: 1行, エンコーディング: utf-8
2025-06-15 09:55:12,970 - utils - INFO - 有効な問題データ: 1問
2025-06-15 09:55:12,971 - utils - INFO - レガシーデータ読み込み完了: 1問
2025-06-15 09:55:12,972 - utils - INFO - RCCM統合データ読み込み完了: 13ファイル, 総計3884問
2025-06-15 09:55:12,973 - utils - INFO - 4-2専門データ対象年度: [2008, 2009, 2010, 2011, 2012, 2013, 2014, 2015, 2016, 2017, 2018]
2025-06-15 09:55:12,976 - __main__ - INFO - RCCM統合データ読み込み完了: 3884問 (検証済み)
2025-06-15 09:55:12,977 - __main__ - INFO - アプリケーション初期化完了: 3884問読み込み
 * Serving Flask app 'app'
 * Debug mode: on
2025-06-15 09:55:12,998 - werkzeug - INFO - [31m[1mWARNING: This is a development server. Do not use it in a production deployment. Use a production WSGI server instead.[0m
 * Running on all addresses (0.0.0.0)
 * Running on http://127.0.0.1:5001
 * Running on http://172.18.44.152:5001
2025-06-15 09:55:12,998 - werkzeug - INFO - [33mPress CTRL+C to quit[0m
2025-06-15 09:55:12,999 - werkzeug - INFO -  * Restarting with stat
2025-06-15 09:55:13,612 - utils - INFO - RCCM統合データ読み込み開始: data
2025-06-15 09:55:13,614 - utils - INFO - 問題データ読み込み開始: data/4-1.csv
2025-06-15 09:55:13,615 - utils - INFO - ファイルサイズ: 92168 bytes
2025-06-15 09:55:13,629 - utils - INFO - 読み込み成功: utf-8 エンコーディング
2025-06-15 09:55:13,629 - utils - INFO - データ読み込み完了: 202行, エンコーディング: utf-8
2025-06-15 09:55:13,650 - utils - INFO - 有効な問題データ: 202問
2025-06-15 09:55:13,651 - utils - INFO - 4-1基礎データ読み込み完了: 202問
2025-06-15 09:55:13,652 - utils - INFO - 問題データ読み込み開始: data/4-2_2008.csv
2025-06-15 09:55:13,654 - utils - INFO - ファイルサイズ: 200456 bytes
2025-06-15 09:55:13,672 - utils - INFO - 読み込み成功: utf-8 エンコーディング
2025-06-15 09:55:13,673 - utils - INFO - データ読み込み完了: 360行, エンコーディング: utf-8
2025-06-15 09:55:13,702 - utils - INFO - 有効な問題データ: 360問
2025-06-15 09:55:13,703 - utils - INFO - 4-2専門データ2008年読み込み完了: 360問
2025-06-15 09:55:13,706 - utils - INFO - 問題データ読み込み開始: data/4-2_2009.csv
2025-06-15 09:55:13,708 - utils - INFO - ファイルサイズ: 206977 bytes
2025-06-15 09:55:13,727 - utils - INFO - 読み込み成功: utf-8 エンコーディング
2025-06-15 09:55:13,727 - utils - INFO - データ読み込み完了: 359行, エンコーディング: utf-8
2025-06-15 09:55:13,756 - utils - INFO - 有効な問題データ: 359問
2025-06-15 09:55:13,757 - utils - INFO - 4-2専門データ2009年読み込み完了: 359問
2025-06-15 09:55:13,759 - utils - INFO - 問題データ読み込み開始: data/4-2_2010.csv
2025-06-15 09:55:13,761 - utils - INFO - ファイルサイズ: 157993 bytes
2025-06-15 09:55:13,778 - utils - INFO - 読み込み成功: utf-8 エンコーディング
2025-06-15 09:55:13,778 - utils - INFO - データ読み込み完了: 239行, エンコーディング: utf-8
2025-06-15 09:55:13,798 - utils - INFO - 有効な問題データ: 239問
2025-06-15 09:55:13,799 - utils - INFO - 4-2専門データ2010年読み込み完了: 239問
2025-06-15 09:55:13,801 - utils - INFO - 問題データ読み込み開始: data/4-2_2011.csv
2025-06-15 09:55:13,803 - utils - INFO - ファイルサイズ: 235229 bytes
2025-06-15 09:55:13,820 - utils - INFO - 読み込み成功: utf-8 エンコーディング
2025-06-15 09:55:13,821 - utils - INFO - データ読み込み完了: 360行, エンコーディング: utf-8
2025-06-15 09:55:13,852 - utils - INFO - 有効な問題データ: 360問
2025-06-15 09:55:13,853 - utils - INFO - 4-2専門データ2011年読み込み完了: 360問
2025-06-15 09:55:13,857 - utils - INFO - 問題データ読み込み開始: data/4-2_2012.csv
2025-06-15 09:55:13,862 - utils - INFO - ファイルサイズ: 199097 bytes
2025-06-15 09:55:13,885 - utils - INFO - 読み込み成功: utf-8 エンコーディング
2025-06-15 09:55:13,886 - utils - INFO - データ読み込み完了: 307行, エンコーディング: utf-8
2025-06-15 09:55:13,909 - utils - INFO - 有効な問題データ: 307問
2025-06-15 09:55:13,910 - utils - INFO - 4-2専門データ2012年読み込み完了: 307問
2025-06-15 09:55:13,913 - utils - INFO - 問題データ読み込み開始: data/4-2_2013.csv
2025-06-15 09:55:13,917 - utils - INFO - ファイルサイズ: 183685 bytes
2025-06-15 09:55:13,935 - utils - INFO - 読み込み成功: utf-8 エンコーディング
2025-06-15 09:55:13,936 - utils - INFO - データ読み込み完了: 300行, エンコーディング: utf-8
2025-06-15 09:55:13,961 - utils - INFO - 有効な問題データ: 300問
2025-06-15 09:55:13,962 - utils - INFO - 4-2専門データ2013年読み込み完了: 300問
2025-06-15 09:55:13,966 - utils - INFO - 問題データ読み込み開始: data/4-2_2014.csv
2025-06-15 09:55:13,970 - utils - INFO - ファイルサイズ: 155568 bytes
2025-06-15 09:55:13,991 - utils - INFO - 読み込み成功: utf-8 エンコーディング
2025-06-15 09:55:13,992 - utils - INFO - データ読み込み完了: 240行, エンコーディング: utf-8
2025-06-15 09:55:14,014 - utils - INFO - 有効な問題データ: 240問
2025-06-15 09:55:14,015 - utils - INFO - 4-2専門データ2014年読み込み完了: 240問
2025-06-15 09:55:14,018 - utils - INFO - 問題データ読み込み開始: data/4-2_2015.csv
2025-06-15 09:55:14,026 - utils - INFO - ファイルサイズ: 272405 bytes
2025-06-15 09:55:14,048 - utils - INFO - 読み込み成功: utf-8 エンコーディング
2025-06-15 09:55:14,049 - utils - INFO - データ読み込み完了: 358行, エンコーディング: utf-8
2025-06-15 09:55:14,077 - utils - INFO - 有効な問題データ: 358問
2025-06-15 09:55:14,079 - utils - INFO - 4-2専門データ2015年読み込み完了: 358問
2025-06-15 09:55:14,085 - utils - INFO - 問題データ読み込み開始: data/4-2_2016.csv
2025-06-15 09:55:14,090 - utils - INFO - ファイルサイズ: 290835 bytes
2025-06-15 09:55:14,113 - utils - INFO - 読み込み成功: utf-8 エンコーディング
2025-06-15 09:55:14,114 - utils - INFO - データ読み込み完了: 361行, エンコーディング: utf-8
2025-06-15 09:55:14,141 - utils - INFO - 有効な問題データ: 361問
2025-06-15 09:55:14,143 - utils - INFO - 4-2専門データ2016年読み込み完了: 361問
2025-06-15 09:55:14,147 - utils - INFO - 問題データ読み込み開始: data/4-2_2017.csv
2025-06-15 09:55:14,152 - utils - INFO - ファイルサイズ: 381560 bytes
2025-06-15 09:55:14,186 - utils - INFO - 読み込み成功: utf-8 エンコーディング
2025-06-15 09:55:14,187 - utils - INFO - データ読み込み完了: 440行, エンコーディング: utf-8
2025-06-15 09:55:14,218 - utils - INFO - 有効な問題データ: 440問
2025-06-15 09:55:14,222 - utils - INFO - 4-2専門データ2017年読み込み完了: 440問
2025-06-15 09:55:14,226 - utils - INFO - 問題データ読み込み開始: data/4-2_2018.csv
2025-06-15 09:55:14,233 - utils - INFO - ファイルサイズ: 310682 bytes
2025-06-15 09:55:14,265 - utils - INFO - 読み込み成功: utf-8 エンコーディング
2025-06-15 09:55:14,265 - utils - INFO - データ読み込み完了: 357行, エンコーディング: utf-8
2025-06-15 09:55:14,296 - utils - INFO - 有効な問題データ: 357問
2025-06-15 09:55:14,299 - utils - INFO - 4-2専門データ2018年読み込み完了: 357問
2025-06-15 09:55:14,304 - utils - INFO - 問題データ読み込み開始: data/questions.csv
2025-06-15 09:55:14,312 - utils - INFO - ファイルサイズ: 387 bytes
2025-06-15 09:55:14,321 - utils - INFO - 読み込み成功: utf-8 エンコーディング
2025-06-15 09:55:14,322 - utils - INFO - データ読み込み完了: 1行, エンコーディング: utf-8
2025-06-15 09:55:14,322 - utils - INFO - 有効な問題データ: 1問
2025-06-15 09:55:14,323 - utils - INFO - レガシーデータ読み込み完了: 1問
2025-06-15 09:55:14,324 - utils - INFO - RCCM統合データ読み込み完了: 13ファイル, 総計3884問
2025-06-15 09:55:14,325 - utils - INFO - 4-2専門データ対象年度: [2008, 2009, 2010, 2011, 2012, 2013, 2014, 2015, 2016, 2017, 2018]
2025-06-15 09:55:14,325 - admin_dashboard - INFO - 管理者ダッシュボード初期化: 3884問読み込み完了
2025-06-15 09:55:14,335 - social_learning - INFO - ソーシャル学習機能初期化完了
2025-06-15 09:55:14,347 - api_integration - INFO - プロフェッショナルAPI統合機能初期化完了
2025-06-15 09:55:14,363 - advanced_personalization - INFO - 高度な個人化エンジン初期化完了
2025-06-15 09:55:14,410 - __main__ - INFO - RCCM統合問題データの読み込み開始
2025-06-15 09:55:14,411 - utils - INFO - RCCM統合データ読み込み開始: /mnt/c/Users/z285/Desktop/rccm-quiz-app/rccm-quiz-app/data
2025-06-15 09:55:14,414 - utils - INFO - 問題データ読み込み開始: /mnt/c/Users/z285/Desktop/rccm-quiz-app/rccm-quiz-app/data/4-1.csv
2025-06-15 09:55:14,417 - utils - INFO - ファイルサイズ: 92168 bytes
2025-06-15 09:55:14,449 - utils - INFO - 読み込み成功: utf-8 エンコーディング
2025-06-15 09:55:14,450 - utils - INFO - データ読み込み完了: 202行, エンコーディング: utf-8
2025-06-15 09:55:14,480 - utils - INFO - 有効な問題データ: 202問
2025-06-15 09:55:14,481 - utils - INFO - 4-1基礎データ読み込み完了: 202問
2025-06-15 09:55:14,483 - utils - INFO - 問題データ読み込み開始: /mnt/c/Users/z285/Desktop/rccm-quiz-app/rccm-quiz-app/data/4-2_2008.csv
2025-06-15 09:55:14,485 - utils - INFO - ファイルサイズ: 200456 bytes
2025-06-15 09:55:14,513 - utils - INFO - 読み込み成功: utf-8 エンコーディング
2025-06-15 09:55:14,518 - utils - INFO - データ読み込み完了: 360行, エンコーディング: utf-8
2025-06-15 09:55:14,578 - utils - INFO - 有効な問題データ: 360問
2025-06-15 09:55:14,592 - utils - INFO - 4-2専門データ2008年読み込み完了: 360問
2025-06-15 09:55:14,600 - utils - INFO - 問題データ読み込み開始: /mnt/c/Users/z285/Desktop/rccm-quiz-app/rccm-quiz-app/data/4-2_2009.csv
2025-06-15 09:55:14,603 - utils - INFO - ファイルサイズ: 206977 bytes
2025-06-15 09:55:14,637 - utils - INFO - 読み込み成功: utf-8 エンコーディング
2025-06-15 09:55:14,638 - utils - INFO - データ読み込み完了: 359行, エンコーディング: utf-8
2025-06-15 09:55:14,695 - utils - INFO - 有効な問題データ: 359問
2025-06-15 09:55:14,697 - utils - INFO - 4-2専門データ2009年読み込み完了: 359問
2025-06-15 09:55:14,698 - utils - INFO - 問題データ読み込み開始: /mnt/c/Users/z285/Desktop/rccm-quiz-app/rccm-quiz-app/data/4-2_2010.csv
2025-06-15 09:55:14,703 - utils - INFO - ファイルサイズ: 157993 bytes
2025-06-15 09:55:14,721 - utils - INFO - 読み込み成功: utf-8 エンコーディング
2025-06-15 09:55:14,722 - utils - INFO - データ読み込み完了: 239行, エンコーディング: utf-8
2025-06-15 09:55:14,770 - utils - INFO - 有効な問題データ: 239問
2025-06-15 09:55:14,787 - utils - INFO - 4-2専門データ2010年読み込み完了: 239問
2025-06-15 09:55:14,790 - utils - INFO - 問題データ読み込み開始: /mnt/c/Users/z285/Desktop/rccm-quiz-app/rccm-quiz-app/data/4-2_2011.csv
2025-06-15 09:55:14,806 - utils - INFO - ファイルサイズ: 235229 bytes
2025-06-15 09:55:14,830 - utils - INFO - 読み込み成功: utf-8 エンコーディング
2025-06-15 09:55:14,831 - utils - INFO - データ読み込み完了: 360行, エンコーディング: utf-8
2025-06-15 09:55:14,871 - utils - INFO - 有効な問題データ: 360問
2025-06-15 09:55:14,872 - utils - INFO - 4-2専門データ2011年読み込み完了: 360問
2025-06-15 09:55:14,874 - utils - INFO - 問題データ読み込み開始: /mnt/c/Users/z285/Desktop/rccm-quiz-app/rccm-quiz-app/data/4-2_2012.csv
2025-06-15 09:55:14,877 - utils - INFO - ファイルサイズ: 199097 bytes
2025-06-15 09:55:14,896 - utils - INFO - 読み込み成功: utf-8 エンコーディング
2025-06-15 09:55:14,896 - utils - INFO - データ読み込み完了: 307行, エンコーディング: utf-8
2025-06-15 09:55:14,946 - utils - INFO - 有効な問題データ: 307問
2025-06-15 09:55:14,948 - utils - INFO - 4-2専門データ2012年読み込み完了: 307問
2025-06-15 09:55:14,950 - utils - INFO - 問題データ読み込み開始: /mnt/c/Users/z285/Desktop/rccm-quiz-app/rccm-quiz-app/data/4-2_2013.csv
2025-06-15 09:55:14,954 - utils - INFO - ファイルサイズ: 183685 bytes
2025-06-15 09:55:14,991 - utils - INFO - 読み込み成功: utf-8 エンコーディング
2025-06-15 09:55:14,991 - utils - INFO - データ読み込み完了: 300行, エンコーディング: utf-8
2025-06-15 09:55:15,044 - utils - INFO - 有効な問題データ: 300問
2025-06-15 09:55:15,073 - utils - INFO - 4-2専門データ2013年読み込み完了: 300問
2025-06-15 09:55:15,085 - utils - INFO - 問題データ読み込み開始: /mnt/c/Users/z285/Desktop/rccm-quiz-app/rccm-quiz-app/data/4-2_2014.csv
2025-06-15 09:55:15,134 - utils - INFO - ファイルサイズ: 155568 bytes
2025-06-15 09:55:15,172 - utils - INFO - 読み込み成功: utf-8 エンコーディング
2025-06-15 09:55:15,173 - utils - INFO - データ読み込み完了: 240行, エンコーディング: utf-8
2025-06-15 09:55:15,211 - utils - INFO - 有効な問題データ: 240問
2025-06-15 09:55:15,212 - utils - INFO - 4-2専門データ2014年読み込み完了: 240問
2025-06-15 09:55:15,213 - utils - INFO - 問題データ読み込み開始: /mnt/c/Users/z285/Desktop/rccm-quiz-app/rccm-quiz-app/data/4-2_2015.csv
2025-06-15 09:55:15,216 - utils - INFO - ファイルサイズ: 272405 bytes
2025-06-15 09:55:15,242 - utils - INFO - 読み込み成功: utf-8 エンコーディング
2025-06-15 09:55:15,243 - utils - INFO - データ読み込み完了: 358行, エンコーディング: utf-8
2025-06-15 09:55:15,296 - utils - INFO - 有効な問題データ: 358問
2025-06-15 09:55:15,297 - utils - INFO - 4-2専門データ2015年読み込み完了: 358問
2025-06-15 09:55:15,299 - utils - INFO - 問題データ読み込み開始: /mnt/c/Users/z285/Desktop/rccm-quiz-app/rccm-quiz-app/data/4-2_2016.csv
2025-06-15 09:55:15,307 - utils - INFO - ファイルサイズ: 290835 bytes
2025-06-15 09:55:15,340 - utils - INFO - 読み込み成功: utf-8 エンコーディング
2025-06-15 09:55:15,341 - utils - INFO - データ読み込み完了: 361行, エンコーディング: utf-8
2025-06-15 09:55:15,407 - utils - INFO - 有効な問題データ: 361問
2025-06-15 09:55:15,409 - utils - INFO - 4-2専門データ2016年読み込み完了: 361問
2025-06-15 09:55:15,411 - utils - INFO - 問題データ読み込み開始: /mnt/c/Users/z285/Desktop/rccm-quiz-app/rccm-quiz-app/data/4-2_2017.csv
2025-06-15 09:55:15,414 - utils - INFO - ファイルサイズ: 381560 bytes
2025-06-15 09:55:15,447 - utils - INFO - 読み込み成功: utf-8 エンコーディング
2025-06-15 09:55:15,448 - utils - INFO - データ読み込み完了: 440行, エンコーディング: utf-8
2025-06-15 09:55:15,497 - utils - INFO - 有効な問題データ: 440問
2025-06-15 09:55:15,498 - utils - INFO - 4-2専門データ2017年読み込み完了: 440問
2025-06-15 09:55:15,499 - utils - INFO - 問題データ読み込み開始: /mnt/c/Users/z285/Desktop/rccm-quiz-app/rccm-quiz-app/data/4-2_2018.csv
2025-06-15 09:55:15,504 - utils - INFO - ファイルサイズ: 310682 bytes
2025-06-15 09:55:15,536 - utils - INFO - 読み込み成功: utf-8 エンコーディング
2025-06-15 09:55:15,536 - utils - INFO - データ読み込み完了: 357行, エンコーディング: utf-8
2025-06-15 09:55:15,572 - utils - INFO - 有効な問題データ: 357問
2025-06-15 09:55:15,573 - utils - INFO - 4-2専門データ2018年読み込み完了: 357問
2025-06-15 09:55:15,575 - utils - INFO - 問題データ読み込み開始: /mnt/c/Users/z285/Desktop/rccm-quiz-app/rccm-quiz-app/data/questions.csv
2025-06-15 09:55:15,578 - utils - INFO - ファイルサイズ: 387 bytes
2025-06-15 09:55:15,586 - utils - INFO - 読み込み成功: utf-8 エンコーディング
2025-06-15 09:55:15,587 - utils - INFO - データ読み込み完了: 1行, エンコーディング: utf-8
2025-06-15 09:55:15,588 - utils - INFO - 有効な問題データ: 1問
2025-06-15 09:55:15,588 - utils - INFO - レガシーデータ読み込み完了: 1問
2025-06-15 09:55:15,589 - utils - INFO - RCCM統合データ読み込み完了: 13ファイル, 総計3884問
2025-06-15 09:55:15,590 - utils - INFO - 4-2専門データ対象年度: [2008, 2009, 2010, 2011, 2012, 2013, 2014, 2015, 2016, 2017, 2018]
2025-06-15 09:55:15,594 - __main__ - INFO - RCCM統合データ読み込み完了: 3884問 (検証済み)
2025-06-15 09:55:15,597 - __main__ - INFO - アプリケーション初期化完了: 3884問読み込み
2025-06-15 09:55:15,608 - werkzeug - WARNING -  * Debugger is active!
2025-06-15 09:55:15,610 - werkzeug - INFO -  * Debugger PIN: 368-620-233
