2025-06-16 10:58:30,378 - __main__ - INFO - 🚀 高速化モード: 企業環境用データ読み込み開始
2025-06-16 10:58:30,424 - utils - INFO - RCCM統合データ読み込み開始: data
2025-06-16 10:58:30,426 - utils - INFO - 問題データ読み込み開始: data/4-1.csv
2025-06-16 10:58:30,428 - utils - INFO - ファイルサイズ: 92168 bytes
2025-06-16 10:58:30,441 - utils - INFO - 読み込み成功: utf-8 エンコーディング
2025-06-16 10:58:30,442 - utils - INFO - データ読み込み完了: 202行, エンコーディング: utf-8
2025-06-16 10:58:30,457 - utils - INFO - 有効な問題データ: 202問
2025-06-16 10:58:30,457 - utils - INFO - 4-1基礎データ読み込み完了: 202問
2025-06-16 10:58:30,459 - utils - INFO - 問題データ読み込み開始: data/4-2_2008.csv
2025-06-16 10:58:30,461 - utils - INFO - ファイルサイズ: 200456 bytes
2025-06-16 10:58:30,479 - utils - INFO - 読み込み成功: utf-8 エンコーディング
2025-06-16 10:58:30,479 - utils - INFO - データ読み込み完了: 360行, エンコーディング: utf-8
2025-06-16 10:58:30,507 - utils - INFO - 有効な問題データ: 360問
2025-06-16 10:58:30,508 - utils - INFO - 4-2専門データ2008年読み込み完了: 360問
2025-06-16 10:58:30,510 - utils - INFO - 問題データ読み込み開始: data/4-2_2009.csv
2025-06-16 10:58:30,513 - utils - INFO - ファイルサイズ: 206977 bytes
2025-06-16 10:58:30,533 - utils - INFO - 読み込み成功: utf-8 エンコーディング
2025-06-16 10:58:30,533 - utils - INFO - データ読み込み完了: 359行, エンコーディング: utf-8
2025-06-16 10:58:30,562 - utils - INFO - 有効な問題データ: 359問
2025-06-16 10:58:30,563 - utils - INFO - 4-2専門データ2009年読み込み完了: 359問
2025-06-16 10:58:30,565 - utils - INFO - 問題データ読み込み開始: data/4-2_2010.csv
2025-06-16 10:58:30,568 - utils - INFO - ファイルサイズ: 157993 bytes
2025-06-16 10:58:30,582 - utils - INFO - 読み込み成功: utf-8 エンコーディング
2025-06-16 10:58:30,583 - utils - INFO - データ読み込み完了: 239行, エンコーディング: utf-8
2025-06-16 10:58:30,601 - utils - INFO - 有効な問題データ: 239問
2025-06-16 10:58:30,602 - utils - INFO - 4-2専門データ2010年読み込み完了: 239問
2025-06-16 10:58:30,603 - utils - INFO - 問題データ読み込み開始: data/4-2_2011.csv
2025-06-16 10:58:30,605 - utils - INFO - ファイルサイズ: 235229 bytes
2025-06-16 10:58:30,625 - utils - INFO - 読み込み成功: utf-8 エンコーディング
2025-06-16 10:58:30,626 - utils - INFO - データ読み込み完了: 360行, エンコーディング: utf-8
2025-06-16 10:58:30,655 - utils - INFO - 有効な問題データ: 360問
2025-06-16 10:58:30,656 - utils - INFO - 4-2専門データ2011年読み込み完了: 360問
2025-06-16 10:58:30,659 - utils - INFO - 問題データ読み込み開始: data/4-2_2012.csv
2025-06-16 10:58:30,661 - utils - INFO - ファイルサイズ: 199097 bytes
2025-06-16 10:58:30,681 - utils - INFO - 読み込み成功: utf-8 エンコーディング
2025-06-16 10:58:30,681 - utils - INFO - データ読み込み完了: 307行, エンコーディング: utf-8
2025-06-16 10:58:30,707 - utils - INFO - 有効な問題データ: 307問
2025-06-16 10:58:30,708 - utils - INFO - 4-2専門データ2012年読み込み完了: 307問
2025-06-16 10:58:30,710 - utils - INFO - 問題データ読み込み開始: data/4-2_2013.csv
2025-06-16 10:58:30,712 - utils - INFO - ファイルサイズ: 183685 bytes
2025-06-16 10:58:30,727 - utils - INFO - 読み込み成功: utf-8 エンコーディング
2025-06-16 10:58:30,728 - utils - INFO - データ読み込み完了: 300行, エンコーディング: utf-8
2025-06-16 10:58:30,749 - utils - INFO - 有効な問題データ: 300問
2025-06-16 10:58:30,750 - utils - INFO - 4-2専門データ2013年読み込み完了: 300問
2025-06-16 10:58:30,752 - utils - INFO - 問題データ読み込み開始: data/4-2_2014.csv
2025-06-16 10:58:30,755 - utils - INFO - ファイルサイズ: 155568 bytes
2025-06-16 10:58:30,772 - utils - INFO - 読み込み成功: utf-8 エンコーディング
2025-06-16 10:58:30,773 - utils - INFO - データ読み込み完了: 240行, エンコーディング: utf-8
2025-06-16 10:58:30,792 - utils - INFO - 有効な問題データ: 240問
2025-06-16 10:58:30,793 - utils - INFO - 4-2専門データ2014年読み込み完了: 240問
2025-06-16 10:58:30,798 - utils - INFO - 問題データ読み込み開始: data/4-2_2015.csv
2025-06-16 10:58:30,801 - utils - INFO - ファイルサイズ: 272405 bytes
2025-06-16 10:58:30,824 - utils - INFO - 読み込み成功: utf-8 エンコーディング
2025-06-16 10:58:30,824 - utils - INFO - データ読み込み完了: 358行, エンコーディング: utf-8
2025-06-16 10:58:30,851 - utils - INFO - 有効な問題データ: 358問
2025-06-16 10:58:30,852 - utils - INFO - 4-2専門データ2015年読み込み完了: 358問
2025-06-16 10:58:30,854 - utils - INFO - 問題データ読み込み開始: data/4-2_2016.csv
2025-06-16 10:58:30,857 - utils - INFO - ファイルサイズ: 290835 bytes
2025-06-16 10:58:30,880 - utils - INFO - 読み込み成功: utf-8 エンコーディング
2025-06-16 10:58:30,880 - utils - INFO - データ読み込み完了: 361行, エンコーディング: utf-8
2025-06-16 10:58:30,907 - utils - INFO - 有効な問題データ: 361問
2025-06-16 10:58:30,908 - utils - INFO - 4-2専門データ2016年読み込み完了: 361問
2025-06-16 10:58:30,911 - utils - INFO - 問題データ読み込み開始: data/4-2_2017.csv
2025-06-16 10:58:30,915 - utils - INFO - ファイルサイズ: 381560 bytes
2025-06-16 10:58:30,942 - utils - INFO - 読み込み成功: utf-8 エンコーディング
2025-06-16 10:58:30,943 - utils - INFO - データ読み込み完了: 440行, エンコーディング: utf-8
2025-06-16 10:58:30,976 - utils - INFO - 有効な問題データ: 440問
2025-06-16 10:58:30,978 - utils - INFO - 4-2専門データ2017年読み込み完了: 440問
2025-06-16 10:58:30,980 - utils - INFO - 問題データ読み込み開始: data/4-2_2018.csv
2025-06-16 10:58:30,983 - utils - INFO - ファイルサイズ: 310682 bytes
2025-06-16 10:58:31,005 - utils - INFO - 読み込み成功: utf-8 エンコーディング
2025-06-16 10:58:31,006 - utils - INFO - データ読み込み完了: 357行, エンコーディング: utf-8
2025-06-16 10:58:31,033 - utils - INFO - 有効な問題データ: 357問
2025-06-16 10:58:31,034 - utils - INFO - 4-2専門データ2018年読み込み完了: 357問
2025-06-16 10:58:31,037 - utils - INFO - ID衝突解決: 基礎=202問, 専門=3681問, その他=0問
2025-06-16 10:58:31,038 - utils - INFO - 🚀 企業環境最適化: データキャッシュ完了 - 次回読み込み高速化
2025-06-16 10:58:31,038 - utils - INFO - RCCM統合データ読み込み完了: 12ファイル, 総計3883問
2025-06-16 10:58:31,039 - utils - INFO - 4-2専門データ対象年度: [2008, 2009, 2010, 2011, 2012, 2013, 2014, 2015, 2016, 2017, 2018]
2025-06-16 10:58:31,039 - admin_dashboard - INFO - 管理者ダッシュボード初期化: 3883問読み込み完了
2025-06-16 10:58:31,049 - social_learning - INFO - ソーシャル学習機能初期化完了
2025-06-16 10:58:31,058 - api_integration - INFO - プロフェッショナルAPI統合機能初期化完了
2025-06-16 10:58:31,064 - advanced_personalization - INFO - 高度な個人化エンジン初期化完了
2025-06-16 10:58:31,065 - utils - INFO - CSVデータの事前読み込み開始（企業環境最適化）
2025-06-16 10:58:31,071 - utils - INFO - CSVデータ事前読み込み完了: 12/12 ファイル
2025-06-16 10:58:31,072 - __main__ - INFO - ✅ 企業環境用データ事前読み込み完了 - 高速アクセス準備完了
2025-06-16 10:58:31,086 - utils - INFO - データ整合性チェック完了: 3883問
2025-06-16 10:58:31,086 - __main__ - INFO - 📊 データ整合性チェック: healthy - 総計3883問
2025-06-16 10:58:31,087 - __main__ - INFO - RCCM試験問題集アプリケーション起動中...
2025-06-16 10:58:31,087 - __main__ - INFO - アクセスURL: http://localhost:5003
 * Serving Flask app 'app'
 * Debug mode: on
Address already in use
Port 5003 is in use by another program. Either identify and stop that program, or start the server with a different port.
