2025-06-16 00:05:55,631 - utils - INFO - RCCM統合データ読み込み開始: data
2025-06-16 00:05:55,634 - utils - INFO - 問題データ読み込み開始: data/4-1.csv
2025-06-16 00:05:55,636 - utils - INFO - ファイルサイズ: 92168 bytes
2025-06-16 00:05:55,645 - utils - INFO - 読み込み成功: utf-8 エンコーディング
2025-06-16 00:05:55,645 - utils - INFO - データ読み込み完了: 202行, エンコーディング: utf-8
2025-06-16 00:05:55,660 - utils - INFO - 有効な問題データ: 202問
2025-06-16 00:05:55,661 - utils - INFO - 4-1基礎データ読み込み完了: 202問
2025-06-16 00:05:55,664 - utils - INFO - 問題データ読み込み開始: data/4-2_2008.csv
2025-06-16 00:05:55,668 - utils - INFO - ファイルサイズ: 200456 bytes
2025-06-16 00:05:55,686 - utils - INFO - 読み込み成功: utf-8 エンコーディング
2025-06-16 00:05:55,687 - utils - INFO - データ読み込み完了: 360行, エンコーディング: utf-8
2025-06-16 00:05:55,712 - utils - INFO - 有効な問題データ: 360問
2025-06-16 00:05:55,713 - utils - INFO - 4-2専門データ2008年読み込み完了: 360問
2025-06-16 00:05:55,716 - utils - INFO - 問題データ読み込み開始: data/4-2_2009.csv
2025-06-16 00:05:55,721 - utils - INFO - ファイルサイズ: 206977 bytes
2025-06-16 00:05:55,748 - utils - INFO - 読み込み成功: utf-8 エンコーディング
2025-06-16 00:05:55,749 - utils - INFO - データ読み込み完了: 359行, エンコーディング: utf-8
2025-06-16 00:05:55,774 - utils - INFO - 有効な問題データ: 359問
2025-06-16 00:05:55,775 - utils - INFO - 4-2専門データ2009年読み込み完了: 359問
2025-06-16 00:05:55,780 - utils - INFO - 問題データ読み込み開始: data/4-2_2010.csv
2025-06-16 00:05:55,785 - utils - INFO - ファイルサイズ: 157993 bytes
2025-06-16 00:05:55,802 - utils - INFO - 読み込み成功: utf-8 エンコーディング
2025-06-16 00:05:55,802 - utils - INFO - データ読み込み完了: 239行, エンコーディング: utf-8
2025-06-16 00:05:55,819 - utils - INFO - 有効な問題データ: 239問
2025-06-16 00:05:55,820 - utils - INFO - 4-2専門データ2010年読み込み完了: 239問
2025-06-16 00:05:55,826 - utils - INFO - 問題データ読み込み開始: data/4-2_2011.csv
2025-06-16 00:05:55,833 - utils - INFO - ファイルサイズ: 235229 bytes
2025-06-16 00:05:55,852 - utils - INFO - 読み込み成功: utf-8 エンコーディング
2025-06-16 00:05:55,852 - utils - INFO - データ読み込み完了: 360行, エンコーディング: utf-8
2025-06-16 00:05:55,878 - utils - INFO - 有効な問題データ: 360問
2025-06-16 00:05:55,880 - utils - INFO - 4-2専門データ2011年読み込み完了: 360問
2025-06-16 00:05:55,882 - utils - INFO - 問題データ読み込み開始: data/4-2_2012.csv
2025-06-16 00:05:55,886 - utils - INFO - ファイルサイズ: 199097 bytes
2025-06-16 00:05:55,908 - utils - INFO - 読み込み成功: utf-8 エンコーディング
2025-06-16 00:05:55,908 - utils - INFO - データ読み込み完了: 307行, エンコーディング: utf-8
2025-06-16 00:05:55,932 - utils - INFO - 有効な問題データ: 307問
2025-06-16 00:05:55,934 - utils - INFO - 4-2専門データ2012年読み込み完了: 307問
2025-06-16 00:05:55,936 - utils - INFO - 問題データ読み込み開始: data/4-2_2013.csv
2025-06-16 00:05:55,940 - utils - INFO - ファイルサイズ: 183685 bytes
2025-06-16 00:05:55,955 - utils - INFO - 読み込み成功: utf-8 エンコーディング
2025-06-16 00:05:55,955 - utils - INFO - データ読み込み完了: 300行, エンコーディング: utf-8
2025-06-16 00:05:55,977 - utils - INFO - 有効な問題データ: 300問
2025-06-16 00:05:55,978 - utils - INFO - 4-2専門データ2013年読み込み完了: 300問
2025-06-16 00:05:55,981 - utils - INFO - 問題データ読み込み開始: data/4-2_2014.csv
2025-06-16 00:05:55,986 - utils - INFO - ファイルサイズ: 155568 bytes
2025-06-16 00:05:56,001 - utils - INFO - 読み込み成功: utf-8 エンコーディング
2025-06-16 00:05:56,002 - utils - INFO - データ読み込み完了: 240行, エンコーディング: utf-8
2025-06-16 00:05:56,019 - utils - INFO - 有効な問題データ: 240問
2025-06-16 00:05:56,021 - utils - INFO - 4-2専門データ2014年読み込み完了: 240問
2025-06-16 00:05:56,024 - utils - INFO - 問題データ読み込み開始: data/4-2_2015.csv
2025-06-16 00:05:56,028 - utils - INFO - ファイルサイズ: 272405 bytes
2025-06-16 00:05:56,058 - utils - INFO - 読み込み成功: utf-8 エンコーディング
2025-06-16 00:05:56,059 - utils - INFO - データ読み込み完了: 358行, エンコーディング: utf-8
2025-06-16 00:05:56,087 - utils - INFO - 有効な問題データ: 358問
2025-06-16 00:05:56,089 - utils - INFO - 4-2専門データ2015年読み込み完了: 358問
2025-06-16 00:05:56,093 - utils - INFO - 問題データ読み込み開始: data/4-2_2016.csv
2025-06-16 00:05:56,100 - utils - INFO - ファイルサイズ: 290835 bytes
2025-06-16 00:05:56,127 - utils - INFO - 読み込み成功: utf-8 エンコーディング
2025-06-16 00:05:56,127 - utils - INFO - データ読み込み完了: 361行, エンコーディング: utf-8
2025-06-16 00:05:56,154 - utils - INFO - 有効な問題データ: 361問
2025-06-16 00:05:56,156 - utils - INFO - 4-2専門データ2016年読み込み完了: 361問
2025-06-16 00:05:56,160 - utils - INFO - 問題データ読み込み開始: data/4-2_2017.csv
2025-06-16 00:05:56,165 - utils - INFO - ファイルサイズ: 381560 bytes
2025-06-16 00:05:56,210 - utils - INFO - 読み込み成功: utf-8 エンコーディング
2025-06-16 00:05:56,210 - utils - INFO - データ読み込み完了: 440行, エンコーディング: utf-8
2025-06-16 00:05:56,254 - utils - INFO - 有効な問題データ: 440問
2025-06-16 00:05:56,256 - utils - INFO - 4-2専門データ2017年読み込み完了: 440問
2025-06-16 00:05:56,258 - utils - INFO - 問題データ読み込み開始: data/4-2_2018.csv
2025-06-16 00:05:56,263 - utils - INFO - ファイルサイズ: 310682 bytes
2025-06-16 00:05:56,300 - utils - INFO - 読み込み成功: utf-8 エンコーディング
2025-06-16 00:05:56,300 - utils - INFO - データ読み込み完了: 357行, エンコーディング: utf-8
2025-06-16 00:05:56,343 - utils - INFO - 有効な問題データ: 357問
2025-06-16 00:05:56,344 - utils - INFO - 4-2専門データ2018年読み込み完了: 357問
2025-06-16 00:05:56,349 - utils - INFO - 問題データ読み込み開始: data/questions.csv
2025-06-16 00:05:56,353 - utils - INFO - ファイルサイズ: 387 bytes
2025-06-16 00:05:56,360 - utils - INFO - 読み込み成功: utf-8 エンコーディング
2025-06-16 00:05:56,361 - utils - INFO - データ読み込み完了: 1行, エンコーディング: utf-8
2025-06-16 00:05:56,362 - utils - INFO - 有効な問題データ: 1問
2025-06-16 00:05:56,362 - utils - INFO - レガシーデータ読み込み完了: 1問
2025-06-16 00:05:56,365 - utils - INFO - ID衝突解決: 基礎=203問, 専門=3681問, その他=0問
2025-06-16 00:05:56,367 - utils - INFO - RCCM統合データ読み込み完了: 13ファイル, 総計3884問
2025-06-16 00:05:56,367 - utils - INFO - 4-2専門データ対象年度: [2008, 2009, 2010, 2011, 2012, 2013, 2014, 2015, 2016, 2017, 2018]
2025-06-16 00:05:56,368 - admin_dashboard - INFO - 管理者ダッシュボード初期化: 3884問読み込み完了
2025-06-16 00:05:56,375 - social_learning - INFO - ソーシャル学習機能初期化完了
2025-06-16 00:05:56,383 - api_integration - INFO - プロフェッショナルAPI統合機能初期化完了
2025-06-16 00:05:56,390 - advanced_personalization - INFO - 高度な個人化エンジン初期化完了
2025-06-16 00:05:56,422 - __main__ - INFO - RCCM統合問題データの読み込み開始
2025-06-16 00:05:56,423 - utils - INFO - RCCM統合データ読み込み開始: /mnt/c/Users/z285/Desktop/rccm-quiz-app/rccm-quiz-app/data
2025-06-16 00:05:56,424 - utils - INFO - 問題データ読み込み開始: /mnt/c/Users/z285/Desktop/rccm-quiz-app/rccm-quiz-app/data/4-1.csv
2025-06-16 00:05:56,426 - utils - INFO - ファイルサイズ: 92168 bytes
2025-06-16 00:05:56,440 - utils - INFO - 読み込み成功: utf-8 エンコーディング
2025-06-16 00:05:56,440 - utils - INFO - データ読み込み完了: 202行, エンコーディング: utf-8
2025-06-16 00:05:56,460 - utils - INFO - 有効な問題データ: 202問
2025-06-16 00:05:56,461 - utils - INFO - 4-1基礎データ読み込み完了: 202問
2025-06-16 00:05:56,463 - utils - INFO - 問題データ読み込み開始: /mnt/c/Users/z285/Desktop/rccm-quiz-app/rccm-quiz-app/data/4-2_2008.csv
2025-06-16 00:05:56,467 - utils - INFO - ファイルサイズ: 200456 bytes
2025-06-16 00:05:56,484 - utils - INFO - 読み込み成功: utf-8 エンコーディング
2025-06-16 00:05:56,485 - utils - INFO - データ読み込み完了: 360行, エンコーディング: utf-8
2025-06-16 00:05:56,525 - utils - INFO - 有効な問題データ: 360問
2025-06-16 00:05:56,525 - utils - INFO - 4-2専門データ2008年読み込み完了: 360問
2025-06-16 00:05:56,527 - utils - INFO - 問題データ読み込み開始: /mnt/c/Users/z285/Desktop/rccm-quiz-app/rccm-quiz-app/data/4-2_2009.csv
2025-06-16 00:05:56,530 - utils - INFO - ファイルサイズ: 206977 bytes
2025-06-16 00:05:56,548 - utils - INFO - 読み込み成功: utf-8 エンコーディング
2025-06-16 00:05:56,548 - utils - INFO - データ読み込み完了: 359行, エンコーディング: utf-8
2025-06-16 00:05:56,584 - utils - INFO - 有効な問題データ: 359問
2025-06-16 00:05:56,585 - utils - INFO - 4-2専門データ2009年読み込み完了: 359問
2025-06-16 00:05:56,586 - utils - INFO - 問題データ読み込み開始: /mnt/c/Users/z285/Desktop/rccm-quiz-app/rccm-quiz-app/data/4-2_2010.csv
2025-06-16 00:05:56,589 - utils - INFO - ファイルサイズ: 157993 bytes
2025-06-16 00:05:56,606 - utils - INFO - 読み込み成功: utf-8 エンコーディング
2025-06-16 00:05:56,606 - utils - INFO - データ読み込み完了: 239行, エンコーディング: utf-8
2025-06-16 00:05:56,634 - utils - INFO - 有効な問題データ: 239問
2025-06-16 00:05:56,634 - utils - INFO - 4-2専門データ2010年読み込み完了: 239問
2025-06-16 00:05:56,636 - utils - INFO - 問題データ読み込み開始: /mnt/c/Users/z285/Desktop/rccm-quiz-app/rccm-quiz-app/data/4-2_2011.csv
2025-06-16 00:05:56,638 - utils - INFO - ファイルサイズ: 235229 bytes
2025-06-16 00:05:56,661 - utils - INFO - 読み込み成功: utf-8 エンコーディング
2025-06-16 00:05:56,661 - utils - INFO - データ読み込み完了: 360行, エンコーディング: utf-8
2025-06-16 00:05:56,693 - utils - INFO - 有効な問題データ: 360問
2025-06-16 00:05:56,693 - utils - INFO - 4-2専門データ2011年読み込み完了: 360問
2025-06-16 00:05:56,695 - utils - INFO - 問題データ読み込み開始: /mnt/c/Users/z285/Desktop/rccm-quiz-app/rccm-quiz-app/data/4-2_2012.csv
2025-06-16 00:05:56,698 - utils - INFO - ファイルサイズ: 199097 bytes
2025-06-16 00:05:56,714 - utils - INFO - 読み込み成功: utf-8 エンコーディング
2025-06-16 00:05:56,714 - utils - INFO - データ読み込み完了: 307行, エンコーディング: utf-8
2025-06-16 00:05:56,741 - utils - INFO - 有効な問題データ: 307問
2025-06-16 00:05:56,742 - utils - INFO - 4-2専門データ2012年読み込み完了: 307問
2025-06-16 00:05:56,743 - utils - INFO - 問題データ読み込み開始: /mnt/c/Users/z285/Desktop/rccm-quiz-app/rccm-quiz-app/data/4-2_2013.csv
2025-06-16 00:05:56,747 - utils - INFO - ファイルサイズ: 183685 bytes
2025-06-16 00:05:56,764 - utils - INFO - 読み込み成功: utf-8 エンコーディング
2025-06-16 00:05:56,764 - utils - INFO - データ読み込み完了: 300行, エンコーディング: utf-8
2025-06-16 00:05:56,786 - utils - INFO - 有効な問題データ: 300問
2025-06-16 00:05:56,787 - utils - INFO - 4-2専門データ2013年読み込み完了: 300問
2025-06-16 00:05:56,788 - utils - INFO - 問題データ読み込み開始: /mnt/c/Users/z285/Desktop/rccm-quiz-app/rccm-quiz-app/data/4-2_2014.csv
2025-06-16 00:05:56,791 - utils - INFO - ファイルサイズ: 155568 bytes
2025-06-16 00:05:56,805 - utils - INFO - 読み込み成功: utf-8 エンコーディング
2025-06-16 00:05:56,806 - utils - INFO - データ読み込み完了: 240行, エンコーディング: utf-8
2025-06-16 00:05:56,824 - utils - INFO - 有効な問題データ: 240問
2025-06-16 00:05:56,825 - utils - INFO - 4-2専門データ2014年読み込み完了: 240問
2025-06-16 00:05:56,826 - utils - INFO - 問題データ読み込み開始: /mnt/c/Users/z285/Desktop/rccm-quiz-app/rccm-quiz-app/data/4-2_2015.csv
2025-06-16 00:05:56,828 - utils - INFO - ファイルサイズ: 272405 bytes
2025-06-16 00:05:56,848 - utils - INFO - 読み込み成功: utf-8 エンコーディング
2025-06-16 00:05:56,849 - utils - INFO - データ読み込み完了: 358行, エンコーディング: utf-8
2025-06-16 00:05:56,876 - utils - INFO - 有効な問題データ: 358問
2025-06-16 00:05:56,878 - utils - INFO - 4-2専門データ2015年読み込み完了: 358問
2025-06-16 00:05:56,881 - utils - INFO - 問題データ読み込み開始: /mnt/c/Users/z285/Desktop/rccm-quiz-app/rccm-quiz-app/data/4-2_2016.csv
2025-06-16 00:05:56,884 - utils - INFO - ファイルサイズ: 290835 bytes
2025-06-16 00:05:56,909 - utils - INFO - 読み込み成功: utf-8 エンコーディング
2025-06-16 00:05:56,910 - utils - INFO - データ読み込み完了: 361行, エンコーディング: utf-8
2025-06-16 00:05:56,942 - utils - INFO - 有効な問題データ: 361問
2025-06-16 00:05:56,943 - utils - INFO - 4-2専門データ2016年読み込み完了: 361問
2025-06-16 00:05:56,945 - utils - INFO - 問題データ読み込み開始: /mnt/c/Users/z285/Desktop/rccm-quiz-app/rccm-quiz-app/data/4-2_2017.csv
2025-06-16 00:05:56,947 - utils - INFO - ファイルサイズ: 381560 bytes
2025-06-16 00:05:56,971 - utils - INFO - 読み込み成功: utf-8 エンコーディング
2025-06-16 00:05:56,972 - utils - INFO - データ読み込み完了: 440行, エンコーディング: utf-8
2025-06-16 00:05:57,008 - utils - INFO - 有効な問題データ: 440問
2025-06-16 00:05:57,009 - utils - INFO - 4-2専門データ2017年読み込み完了: 440問
2025-06-16 00:05:57,011 - utils - INFO - 問題データ読み込み開始: /mnt/c/Users/z285/Desktop/rccm-quiz-app/rccm-quiz-app/data/4-2_2018.csv
2025-06-16 00:05:57,013 - utils - INFO - ファイルサイズ: 310682 bytes
2025-06-16 00:05:57,036 - utils - INFO - 読み込み成功: utf-8 エンコーディング
2025-06-16 00:05:57,037 - utils - INFO - データ読み込み完了: 357行, エンコーディング: utf-8
2025-06-16 00:05:57,066 - utils - INFO - 有効な問題データ: 357問
2025-06-16 00:05:57,067 - utils - INFO - 4-2専門データ2018年読み込み完了: 357問
2025-06-16 00:05:57,069 - utils - INFO - 問題データ読み込み開始: /mnt/c/Users/z285/Desktop/rccm-quiz-app/rccm-quiz-app/data/questions.csv
2025-06-16 00:05:57,071 - utils - INFO - ファイルサイズ: 387 bytes
2025-06-16 00:05:57,077 - utils - INFO - 読み込み成功: utf-8 エンコーディング
2025-06-16 00:05:57,077 - utils - INFO - データ読み込み完了: 1行, エンコーディング: utf-8
2025-06-16 00:05:57,078 - utils - INFO - 有効な問題データ: 1問
2025-06-16 00:05:57,078 - utils - INFO - レガシーデータ読み込み完了: 1問
2025-06-16 00:05:57,080 - utils - INFO - ID衝突解決: 基礎=203問, 専門=3681問, その他=0問
2025-06-16 00:05:57,081 - utils - INFO - RCCM統合データ読み込み完了: 13ファイル, 総計3884問
2025-06-16 00:05:57,081 - utils - INFO - 4-2専門データ対象年度: [2008, 2009, 2010, 2011, 2012, 2013, 2014, 2015, 2016, 2017, 2018]
2025-06-16 00:05:57,085 - __main__ - INFO - RCCM統合データ読み込み完了: 3884問 (検証済み)
2025-06-16 00:05:57,085 - __main__ - INFO - 基本アプリケーション初期化完了: 3884問読み込み
2025-06-16 00:05:57,085 - utils - INFO - CSVデータの事前読み込み開始（企業環境最適化）
2025-06-16 00:05:57,091 - utils - INFO - CSVデータ事前読み込み完了: 12/12 ファイル
2025-06-16 00:05:57,091 - __main__ - INFO - 企業環境用データ事前読み込み完了 - 高速アクセス準備完了
2025-06-16 00:05:57,104 - utils - INFO - データ整合性チェック完了: 3884問
2025-06-16 00:05:57,105 - __main__ - INFO - データ整合性チェック: healthy - 総計3884問
2025-06-16 00:05:57,105 - __main__ - INFO - RCCM試験問題集アプリケーション起動中...
2025-06-16 00:05:57,105 - __main__ - INFO - アクセスURL: http://localhost:5003
 * Serving Flask app 'app'
 * Debug mode: on
2025-06-16 00:05:57,152 - werkzeug - INFO - [31m[1mWARNING: This is a development server. Do not use it in a production deployment. Use a production WSGI server instead.[0m
 * Running on all addresses (0.0.0.0)
 * Running on http://127.0.0.1:5003
 * Running on http://172.18.44.152:5003
2025-06-16 00:05:57,153 - werkzeug - INFO - [33mPress CTRL+C to quit[0m
2025-06-16 00:05:57,160 - werkzeug - INFO -  * Restarting with stat
2025-06-16 00:05:57,658 - utils - INFO - RCCM統合データ読み込み開始: data
2025-06-16 00:05:57,659 - utils - INFO - 問題データ読み込み開始: data/4-1.csv
2025-06-16 00:05:57,662 - utils - INFO - ファイルサイズ: 92168 bytes
2025-06-16 00:05:57,673 - utils - INFO - 読み込み成功: utf-8 エンコーディング
2025-06-16 00:05:57,673 - utils - INFO - データ読み込み完了: 202行, エンコーディング: utf-8
2025-06-16 00:05:57,688 - utils - INFO - 有効な問題データ: 202問
2025-06-16 00:05:57,689 - utils - INFO - 4-1基礎データ読み込み完了: 202問
2025-06-16 00:05:57,690 - utils - INFO - 問題データ読み込み開始: data/4-2_2008.csv
2025-06-16 00:05:57,692 - utils - INFO - ファイルサイズ: 200456 bytes
2025-06-16 00:05:57,707 - utils - INFO - 読み込み成功: utf-8 エンコーディング
2025-06-16 00:05:57,707 - utils - INFO - データ読み込み完了: 360行, エンコーディング: utf-8
2025-06-16 00:05:57,733 - utils - INFO - 有効な問題データ: 360問
2025-06-16 00:05:57,734 - utils - INFO - 4-2専門データ2008年読み込み完了: 360問
2025-06-16 00:05:57,736 - utils - INFO - 問題データ読み込み開始: data/4-2_2009.csv
2025-06-16 00:05:57,739 - utils - INFO - ファイルサイズ: 206977 bytes
2025-06-16 00:05:57,757 - utils - INFO - 読み込み成功: utf-8 エンコーディング
2025-06-16 00:05:57,758 - utils - INFO - データ読み込み完了: 359行, エンコーディング: utf-8
2025-06-16 00:05:57,785 - utils - INFO - 有効な問題データ: 359問
2025-06-16 00:05:57,786 - utils - INFO - 4-2専門データ2009年読み込み完了: 359問
2025-06-16 00:05:57,787 - utils - INFO - 問題データ読み込み開始: data/4-2_2010.csv
2025-06-16 00:05:57,790 - utils - INFO - ファイルサイズ: 157993 bytes
2025-06-16 00:05:57,805 - utils - INFO - 読み込み成功: utf-8 エンコーディング
2025-06-16 00:05:57,806 - utils - INFO - データ読み込み完了: 239行, エンコーディング: utf-8
2025-06-16 00:05:57,825 - utils - INFO - 有効な問題データ: 239問
2025-06-16 00:05:57,826 - utils - INFO - 4-2専門データ2010年読み込み完了: 239問
2025-06-16 00:05:57,828 - utils - INFO - 問題データ読み込み開始: data/4-2_2011.csv
2025-06-16 00:05:57,831 - utils - INFO - ファイルサイズ: 235229 bytes
2025-06-16 00:05:57,847 - utils - INFO - 読み込み成功: utf-8 エンコーディング
2025-06-16 00:05:57,848 - utils - INFO - データ読み込み完了: 360行, エンコーディング: utf-8
2025-06-16 00:05:57,876 - utils - INFO - 有効な問題データ: 360問
2025-06-16 00:05:57,877 - utils - INFO - 4-2専門データ2011年読み込み完了: 360問
2025-06-16 00:05:57,879 - utils - INFO - 問題データ読み込み開始: data/4-2_2012.csv
2025-06-16 00:05:57,881 - utils - INFO - ファイルサイズ: 199097 bytes
2025-06-16 00:05:57,898 - utils - INFO - 読み込み成功: utf-8 エンコーディング
2025-06-16 00:05:57,898 - utils - INFO - データ読み込み完了: 307行, エンコーディング: utf-8
2025-06-16 00:05:57,920 - utils - INFO - 有効な問題データ: 307問
2025-06-16 00:05:57,921 - utils - INFO - 4-2専門データ2012年読み込み完了: 307問
2025-06-16 00:05:57,923 - utils - INFO - 問題データ読み込み開始: data/4-2_2013.csv
2025-06-16 00:05:57,926 - utils - INFO - ファイルサイズ: 183685 bytes
2025-06-16 00:05:57,941 - utils - INFO - 読み込み成功: utf-8 エンコーディング
2025-06-16 00:05:57,942 - utils - INFO - データ読み込み完了: 300行, エンコーディング: utf-8
2025-06-16 00:05:57,965 - utils - INFO - 有効な問題データ: 300問
2025-06-16 00:05:57,967 - utils - INFO - 4-2専門データ2013年読み込み完了: 300問
2025-06-16 00:05:57,969 - utils - INFO - 問題データ読み込み開始: data/4-2_2014.csv
2025-06-16 00:05:57,972 - utils - INFO - ファイルサイズ: 155568 bytes
2025-06-16 00:05:57,990 - utils - INFO - 読み込み成功: utf-8 エンコーディング
2025-06-16 00:05:57,990 - utils - INFO - データ読み込み完了: 240行, エンコーディング: utf-8
2025-06-16 00:05:58,011 - utils - INFO - 有効な問題データ: 240問
2025-06-16 00:05:58,012 - utils - INFO - 4-2専門データ2014年読み込み完了: 240問
2025-06-16 00:05:58,015 - utils - INFO - 問題データ読み込み開始: data/4-2_2015.csv
2025-06-16 00:05:58,018 - utils - INFO - ファイルサイズ: 272405 bytes
2025-06-16 00:05:58,038 - utils - INFO - 読み込み成功: utf-8 エンコーディング
2025-06-16 00:05:58,038 - utils - INFO - データ読み込み完了: 358行, エンコーディング: utf-8
2025-06-16 00:05:58,068 - utils - INFO - 有効な問題データ: 358問
2025-06-16 00:05:58,069 - utils - INFO - 4-2専門データ2015年読み込み完了: 358問
2025-06-16 00:05:58,071 - utils - INFO - 問題データ読み込み開始: data/4-2_2016.csv
2025-06-16 00:05:58,073 - utils - INFO - ファイルサイズ: 290835 bytes
2025-06-16 00:05:58,092 - utils - INFO - 読み込み成功: utf-8 エンコーディング
2025-06-16 00:05:58,093 - utils - INFO - データ読み込み完了: 361行, エンコーディング: utf-8
2025-06-16 00:05:58,123 - utils - INFO - 有効な問題データ: 361問
2025-06-16 00:05:58,124 - utils - INFO - 4-2専門データ2016年読み込み完了: 361問
2025-06-16 00:05:58,126 - utils - INFO - 問題データ読み込み開始: data/4-2_2017.csv
2025-06-16 00:05:58,128 - utils - INFO - ファイルサイズ: 381560 bytes
2025-06-16 00:05:58,150 - utils - INFO - 読み込み成功: utf-8 エンコーディング
2025-06-16 00:05:58,151 - utils - INFO - データ読み込み完了: 440行, エンコーディング: utf-8
2025-06-16 00:05:58,189 - utils - INFO - 有効な問題データ: 440問
2025-06-16 00:05:58,190 - utils - INFO - 4-2専門データ2017年読み込み完了: 440問
2025-06-16 00:05:58,191 - utils - INFO - 問題データ読み込み開始: data/4-2_2018.csv
2025-06-16 00:05:58,194 - utils - INFO - ファイルサイズ: 310682 bytes
2025-06-16 00:05:58,217 - utils - INFO - 読み込み成功: utf-8 エンコーディング
2025-06-16 00:05:58,217 - utils - INFO - データ読み込み完了: 357行, エンコーディング: utf-8
2025-06-16 00:05:58,248 - utils - INFO - 有効な問題データ: 357問
2025-06-16 00:05:58,249 - utils - INFO - 4-2専門データ2018年読み込み完了: 357問
2025-06-16 00:05:58,250 - utils - INFO - 問題データ読み込み開始: data/questions.csv
2025-06-16 00:05:58,252 - utils - INFO - ファイルサイズ: 387 bytes
2025-06-16 00:05:58,258 - utils - INFO - 読み込み成功: utf-8 エンコーディング
2025-06-16 00:05:58,259 - utils - INFO - データ読み込み完了: 1行, エンコーディング: utf-8
2025-06-16 00:05:58,259 - utils - INFO - 有効な問題データ: 1問
2025-06-16 00:05:58,259 - utils - INFO - レガシーデータ読み込み完了: 1問
2025-06-16 00:05:58,262 - utils - INFO - ID衝突解決: 基礎=203問, 専門=3681問, その他=0問
2025-06-16 00:05:58,262 - utils - INFO - RCCM統合データ読み込み完了: 13ファイル, 総計3884問
2025-06-16 00:05:58,263 - utils - INFO - 4-2専門データ対象年度: [2008, 2009, 2010, 2011, 2012, 2013, 2014, 2015, 2016, 2017, 2018]
2025-06-16 00:05:58,263 - admin_dashboard - INFO - 管理者ダッシュボード初期化: 3884問読み込み完了
2025-06-16 00:05:58,268 - social_learning - INFO - ソーシャル学習機能初期化完了
2025-06-16 00:05:58,273 - api_integration - INFO - プロフェッショナルAPI統合機能初期化完了
2025-06-16 00:05:58,278 - advanced_personalization - INFO - 高度な個人化エンジン初期化完了
2025-06-16 00:05:58,304 - __main__ - INFO - RCCM統合問題データの読み込み開始
2025-06-16 00:05:58,305 - utils - INFO - RCCM統合データ読み込み開始: /mnt/c/Users/z285/Desktop/rccm-quiz-app/rccm-quiz-app/data
2025-06-16 00:05:58,306 - utils - INFO - 問題データ読み込み開始: /mnt/c/Users/z285/Desktop/rccm-quiz-app/rccm-quiz-app/data/4-1.csv
2025-06-16 00:05:58,308 - utils - INFO - ファイルサイズ: 92168 bytes
2025-06-16 00:05:58,319 - utils - INFO - 読み込み成功: utf-8 エンコーディング
2025-06-16 00:05:58,320 - utils - INFO - データ読み込み完了: 202行, エンコーディング: utf-8
2025-06-16 00:05:58,335 - utils - INFO - 有効な問題データ: 202問
2025-06-16 00:05:58,336 - utils - INFO - 4-1基礎データ読み込み完了: 202問
2025-06-16 00:05:58,337 - utils - INFO - 問題データ読み込み開始: /mnt/c/Users/z285/Desktop/rccm-quiz-app/rccm-quiz-app/data/4-2_2008.csv
2025-06-16 00:05:58,340 - utils - INFO - ファイルサイズ: 200456 bytes
2025-06-16 00:05:58,357 - utils - INFO - 読み込み成功: utf-8 エンコーディング
2025-06-16 00:05:58,357 - utils - INFO - データ読み込み完了: 360行, エンコーディング: utf-8
2025-06-16 00:05:58,402 - utils - INFO - 有効な問題データ: 360問
2025-06-16 00:05:58,403 - utils - INFO - 4-2専門データ2008年読み込み完了: 360問
2025-06-16 00:05:58,406 - utils - INFO - 問題データ読み込み開始: /mnt/c/Users/z285/Desktop/rccm-quiz-app/rccm-quiz-app/data/4-2_2009.csv
2025-06-16 00:05:58,409 - utils - INFO - ファイルサイズ: 206977 bytes
2025-06-16 00:05:58,426 - utils - INFO - 読み込み成功: utf-8 エンコーディング
2025-06-16 00:05:58,427 - utils - INFO - データ読み込み完了: 359行, エンコーディング: utf-8
2025-06-16 00:05:58,458 - utils - INFO - 有効な問題データ: 359問
2025-06-16 00:05:58,459 - utils - INFO - 4-2専門データ2009年読み込み完了: 359問
2025-06-16 00:05:58,461 - utils - INFO - 問題データ読み込み開始: /mnt/c/Users/z285/Desktop/rccm-quiz-app/rccm-quiz-app/data/4-2_2010.csv
2025-06-16 00:05:58,463 - utils - INFO - ファイルサイズ: 157993 bytes
2025-06-16 00:05:58,477 - utils - INFO - 読み込み成功: utf-8 エンコーディング
2025-06-16 00:05:58,478 - utils - INFO - データ読み込み完了: 239行, エンコーディング: utf-8
2025-06-16 00:05:58,495 - utils - INFO - 有効な問題データ: 239問
2025-06-16 00:05:58,496 - utils - INFO - 4-2専門データ2010年読み込み完了: 239問
2025-06-16 00:05:58,497 - utils - INFO - 問題データ読み込み開始: /mnt/c/Users/z285/Desktop/rccm-quiz-app/rccm-quiz-app/data/4-2_2011.csv
2025-06-16 00:05:58,500 - utils - INFO - ファイルサイズ: 235229 bytes
2025-06-16 00:05:58,516 - utils - INFO - 読み込み成功: utf-8 エンコーディング
2025-06-16 00:05:58,517 - utils - INFO - データ読み込み完了: 360行, エンコーディング: utf-8
2025-06-16 00:05:58,551 - utils - INFO - 有効な問題データ: 360問
2025-06-16 00:05:58,552 - utils - INFO - 4-2専門データ2011年読み込み完了: 360問
2025-06-16 00:05:58,553 - utils - INFO - 問題データ読み込み開始: /mnt/c/Users/z285/Desktop/rccm-quiz-app/rccm-quiz-app/data/4-2_2012.csv
2025-06-16 00:05:58,556 - utils - INFO - ファイルサイズ: 199097 bytes
2025-06-16 00:05:58,572 - utils - INFO - 読み込み成功: utf-8 エンコーディング
2025-06-16 00:05:58,572 - utils - INFO - データ読み込み完了: 307行, エンコーディング: utf-8
2025-06-16 00:05:58,600 - utils - INFO - 有効な問題データ: 307問
2025-06-16 00:05:58,601 - utils - INFO - 4-2専門データ2012年読み込み完了: 307問
2025-06-16 00:05:58,602 - utils - INFO - 問題データ読み込み開始: /mnt/c/Users/z285/Desktop/rccm-quiz-app/rccm-quiz-app/data/4-2_2013.csv
2025-06-16 00:05:58,605 - utils - INFO - ファイルサイズ: 183685 bytes
2025-06-16 00:05:58,620 - utils - INFO - 読み込み成功: utf-8 エンコーディング
2025-06-16 00:05:58,621 - utils - INFO - データ読み込み完了: 300行, エンコーディング: utf-8
2025-06-16 00:05:58,644 - utils - INFO - 有効な問題データ: 300問
2025-06-16 00:05:58,644 - utils - INFO - 4-2専門データ2013年読み込み完了: 300問
2025-06-16 00:05:58,646 - utils - INFO - 問題データ読み込み開始: /mnt/c/Users/z285/Desktop/rccm-quiz-app/rccm-quiz-app/data/4-2_2014.csv
2025-06-16 00:05:58,648 - utils - INFO - ファイルサイズ: 155568 bytes
2025-06-16 00:05:58,661 - utils - INFO - 読み込み成功: utf-8 エンコーディング
2025-06-16 00:05:58,661 - utils - INFO - データ読み込み完了: 240行, エンコーディング: utf-8
2025-06-16 00:05:58,679 - utils - INFO - 有効な問題データ: 240問
2025-06-16 00:05:58,680 - utils - INFO - 4-2専門データ2014年読み込み完了: 240問
2025-06-16 00:05:58,681 - utils - INFO - 問題データ読み込み開始: /mnt/c/Users/z285/Desktop/rccm-quiz-app/rccm-quiz-app/data/4-2_2015.csv
2025-06-16 00:05:58,683 - utils - INFO - ファイルサイズ: 272405 bytes
2025-06-16 00:05:58,702 - utils - INFO - 読み込み成功: utf-8 エンコーディング
2025-06-16 00:05:58,703 - utils - INFO - データ読み込み完了: 358行, エンコーディング: utf-8
2025-06-16 00:05:58,730 - utils - INFO - 有効な問題データ: 358問
2025-06-16 00:05:58,732 - utils - INFO - 4-2専門データ2015年読み込み完了: 358問
2025-06-16 00:05:58,733 - utils - INFO - 問題データ読み込み開始: /mnt/c/Users/z285/Desktop/rccm-quiz-app/rccm-quiz-app/data/4-2_2016.csv
2025-06-16 00:05:58,735 - utils - INFO - ファイルサイズ: 290835 bytes
2025-06-16 00:05:58,756 - utils - INFO - 読み込み成功: utf-8 エンコーディング
2025-06-16 00:05:58,756 - utils - INFO - データ読み込み完了: 361行, エンコーディング: utf-8
2025-06-16 00:05:58,784 - utils - INFO - 有効な問題データ: 361問
2025-06-16 00:05:58,785 - utils - INFO - 4-2専門データ2016年読み込み完了: 361問
2025-06-16 00:05:58,786 - utils - INFO - 問題データ読み込み開始: /mnt/c/Users/z285/Desktop/rccm-quiz-app/rccm-quiz-app/data/4-2_2017.csv
2025-06-16 00:05:58,788 - utils - INFO - ファイルサイズ: 381560 bytes
2025-06-16 00:05:58,810 - utils - INFO - 読み込み成功: utf-8 エンコーディング
2025-06-16 00:05:58,811 - utils - INFO - データ読み込み完了: 440行, エンコーディング: utf-8
2025-06-16 00:05:58,846 - utils - INFO - 有効な問題データ: 440問
2025-06-16 00:05:58,848 - utils - INFO - 4-2専門データ2017年読み込み完了: 440問
2025-06-16 00:05:58,851 - utils - INFO - 問題データ読み込み開始: /mnt/c/Users/z285/Desktop/rccm-quiz-app/rccm-quiz-app/data/4-2_2018.csv
2025-06-16 00:05:58,854 - utils - INFO - ファイルサイズ: 310682 bytes
2025-06-16 00:05:58,876 - utils - INFO - 読み込み成功: utf-8 エンコーディング
2025-06-16 00:05:58,876 - utils - INFO - データ読み込み完了: 357行, エンコーディング: utf-8
2025-06-16 00:05:58,907 - utils - INFO - 有効な問題データ: 357問
2025-06-16 00:05:58,908 - utils - INFO - 4-2専門データ2018年読み込み完了: 357問
2025-06-16 00:05:58,912 - utils - INFO - 問題データ読み込み開始: /mnt/c/Users/z285/Desktop/rccm-quiz-app/rccm-quiz-app/data/questions.csv
2025-06-16 00:05:58,919 - utils - INFO - ファイルサイズ: 387 bytes
2025-06-16 00:05:58,932 - utils - INFO - 読み込み成功: utf-8 エンコーディング
2025-06-16 00:05:58,932 - utils - INFO - データ読み込み完了: 1行, エンコーディング: utf-8
2025-06-16 00:05:58,933 - utils - INFO - 有効な問題データ: 1問
2025-06-16 00:05:58,934 - utils - INFO - レガシーデータ読み込み完了: 1問
2025-06-16 00:05:58,935 - utils - INFO - ID衝突解決: 基礎=203問, 専門=3681問, その他=0問
2025-06-16 00:05:58,936 - utils - INFO - RCCM統合データ読み込み完了: 13ファイル, 総計3884問
2025-06-16 00:05:58,937 - utils - INFO - 4-2専門データ対象年度: [2008, 2009, 2010, 2011, 2012, 2013, 2014, 2015, 2016, 2017, 2018]
2025-06-16 00:05:58,940 - __main__ - INFO - RCCM統合データ読み込み完了: 3884問 (検証済み)
2025-06-16 00:05:58,941 - __main__ - INFO - 基本アプリケーション初期化完了: 3884問読み込み
2025-06-16 00:05:58,942 - utils - INFO - CSVデータの事前読み込み開始（企業環境最適化）
2025-06-16 00:05:58,949 - utils - INFO - CSVデータ事前読み込み完了: 12/12 ファイル
2025-06-16 00:05:58,950 - __main__ - INFO - 企業環境用データ事前読み込み完了 - 高速アクセス準備完了
2025-06-16 00:05:58,962 - utils - INFO - データ整合性チェック完了: 3884問
2025-06-16 00:05:58,962 - __main__ - INFO - データ整合性チェック: healthy - 総計3884問
2025-06-16 00:05:58,963 - __main__ - INFO - RCCM試験問題集アプリケーション起動中...
2025-06-16 00:05:58,963 - __main__ - INFO - アクセスURL: http://localhost:5003
2025-06-16 00:05:58,971 - werkzeug - WARNING -  * Debugger is active!
2025-06-16 00:05:58,971 - werkzeug - INFO -  * Debugger PIN: 112-136-207
2025-06-16 00:12:33,307 - __main__ - INFO - ホームページアクセス - 未認証ユーザー
2025-06-16 00:12:33,331 - werkzeug - INFO - 172.18.44.152 - - [16/Jun/2025 00:12:33] "GET / HTTP/1.1" 200 -
2025-06-16 00:12:44,918 - werkzeug - ERROR - 172.18.44.152 - - [16/Jun/2025 00:12:44] code 400, message Bad request syntax ('GET /exam?question_type=basic&category=å\x85¨ä½\x93 HTTP/1.1')
2025-06-16 00:12:44,919 - werkzeug - INFO - 172.18.44.152 - - [16/Jun/2025 00:12:44] "[35m[1mGET /exam?question_type=basic&category=å\x85¨ä½\x93 HTTP/1.1[0m" HTTPStatus.BAD_REQUEST -
2025-06-16 00:14:08,180 - werkzeug - INFO -  * Detected change in '/mnt/c/Users/z285/Desktop/rccm-quiz-app/rccm-quiz-app/app.py', reloading
2025-06-16 00:14:08,272 - werkzeug - INFO -  * Restarting with stat
2025-06-16 00:14:08,814 - utils - INFO - RCCM統合データ読み込み開始: data
2025-06-16 00:14:08,816 - utils - INFO - 問題データ読み込み開始: data/4-1.csv
2025-06-16 00:14:08,820 - utils - INFO - ファイルサイズ: 92168 bytes
2025-06-16 00:14:08,833 - utils - INFO - 読み込み成功: utf-8 エンコーディング
2025-06-16 00:14:08,833 - utils - INFO - データ読み込み完了: 202行, エンコーディング: utf-8
2025-06-16 00:14:08,852 - utils - INFO - 有効な問題データ: 202問
2025-06-16 00:14:08,853 - utils - INFO - 4-1基礎データ読み込み完了: 202問
2025-06-16 00:14:08,854 - utils - INFO - 問題データ読み込み開始: data/4-2_2008.csv
2025-06-16 00:14:08,857 - utils - INFO - ファイルサイズ: 200456 bytes
2025-06-16 00:14:08,873 - utils - INFO - 読み込み成功: utf-8 エンコーディング
2025-06-16 00:14:08,873 - utils - INFO - データ読み込み完了: 360行, エンコーディング: utf-8
2025-06-16 00:14:08,901 - utils - INFO - 有効な問題データ: 360問
2025-06-16 00:14:08,902 - utils - INFO - 4-2専門データ2008年読み込み完了: 360問
2025-06-16 00:14:08,904 - utils - INFO - 問題データ読み込み開始: data/4-2_2009.csv
2025-06-16 00:14:08,907 - utils - INFO - ファイルサイズ: 206977 bytes
2025-06-16 00:14:08,925 - utils - INFO - 読み込み成功: utf-8 エンコーディング
2025-06-16 00:14:08,926 - utils - INFO - データ読み込み完了: 359行, エンコーディング: utf-8
2025-06-16 00:14:08,954 - utils - INFO - 有効な問題データ: 359問
2025-06-16 00:14:08,955 - utils - INFO - 4-2専門データ2009年読み込み完了: 359問
2025-06-16 00:14:08,956 - utils - INFO - 問題データ読み込み開始: data/4-2_2010.csv
2025-06-16 00:14:08,959 - utils - INFO - ファイルサイズ: 157993 bytes
2025-06-16 00:14:08,974 - utils - INFO - 読み込み成功: utf-8 エンコーディング
2025-06-16 00:14:08,975 - utils - INFO - データ読み込み完了: 239行, エンコーディング: utf-8
2025-06-16 00:14:08,995 - utils - INFO - 有効な問題データ: 239問
2025-06-16 00:14:08,996 - utils - INFO - 4-2専門データ2010年読み込み完了: 239問
2025-06-16 00:14:08,997 - utils - INFO - 問題データ読み込み開始: data/4-2_2011.csv
2025-06-16 00:14:09,000 - utils - INFO - ファイルサイズ: 235229 bytes
2025-06-16 00:14:09,019 - utils - INFO - 読み込み成功: utf-8 エンコーディング
2025-06-16 00:14:09,019 - utils - INFO - データ読み込み完了: 360行, エンコーディング: utf-8
2025-06-16 00:14:09,047 - utils - INFO - 有効な問題データ: 360問
2025-06-16 00:14:09,048 - utils - INFO - 4-2専門データ2011年読み込み完了: 360問
2025-06-16 00:14:09,049 - utils - INFO - 問題データ読み込み開始: data/4-2_2012.csv
2025-06-16 00:14:09,052 - utils - INFO - ファイルサイズ: 199097 bytes
2025-06-16 00:14:09,069 - utils - INFO - 読み込み成功: utf-8 エンコーディング
2025-06-16 00:14:09,070 - utils - INFO - データ読み込み完了: 307行, エンコーディング: utf-8
2025-06-16 00:14:09,098 - utils - INFO - 有効な問題データ: 307問
2025-06-16 00:14:09,099 - utils - INFO - 4-2専門データ2012年読み込み完了: 307問
2025-06-16 00:14:09,101 - utils - INFO - 問題データ読み込み開始: data/4-2_2013.csv
2025-06-16 00:14:09,104 - utils - INFO - ファイルサイズ: 183685 bytes
2025-06-16 00:14:09,122 - utils - INFO - 読み込み成功: utf-8 エンコーディング
2025-06-16 00:14:09,123 - utils - INFO - データ読み込み完了: 300行, エンコーディング: utf-8
2025-06-16 00:14:09,150 - utils - INFO - 有効な問題データ: 300問
2025-06-16 00:14:09,151 - utils - INFO - 4-2専門データ2013年読み込み完了: 300問
2025-06-16 00:14:09,152 - utils - INFO - 問題データ読み込み開始: data/4-2_2014.csv
2025-06-16 00:14:09,156 - utils - INFO - ファイルサイズ: 155568 bytes
2025-06-16 00:14:09,170 - utils - INFO - 読み込み成功: utf-8 エンコーディング
2025-06-16 00:14:09,171 - utils - INFO - データ読み込み完了: 240行, エンコーディング: utf-8
2025-06-16 00:14:09,189 - utils - INFO - 有効な問題データ: 240問
2025-06-16 00:14:09,191 - utils - INFO - 4-2専門データ2014年読み込み完了: 240問
2025-06-16 00:14:09,192 - utils - INFO - 問題データ読み込み開始: data/4-2_2015.csv
2025-06-16 00:14:09,194 - utils - INFO - ファイルサイズ: 272405 bytes
2025-06-16 00:14:09,215 - utils - INFO - 読み込み成功: utf-8 エンコーディング
2025-06-16 00:14:09,215 - utils - INFO - データ読み込み完了: 358行, エンコーディング: utf-8
2025-06-16 00:14:09,242 - utils - INFO - 有効な問題データ: 358問
2025-06-16 00:14:09,243 - utils - INFO - 4-2専門データ2015年読み込み完了: 358問
2025-06-16 00:14:09,245 - utils - INFO - 問題データ読み込み開始: data/4-2_2016.csv
2025-06-16 00:14:09,247 - utils - INFO - ファイルサイズ: 290835 bytes
2025-06-16 00:14:09,271 - utils - INFO - 読み込み成功: utf-8 エンコーディング
2025-06-16 00:14:09,271 - utils - INFO - データ読み込み完了: 361行, エンコーディング: utf-8
2025-06-16 00:14:09,302 - utils - INFO - 有効な問題データ: 361問
2025-06-16 00:14:09,304 - utils - INFO - 4-2専門データ2016年読み込み完了: 361問
2025-06-16 00:14:09,305 - utils - INFO - 問題データ読み込み開始: data/4-2_2017.csv
2025-06-16 00:14:09,308 - utils - INFO - ファイルサイズ: 381560 bytes
2025-06-16 00:14:09,336 - utils - INFO - 読み込み成功: utf-8 エンコーディング
2025-06-16 00:14:09,336 - utils - INFO - データ読み込み完了: 440行, エンコーディング: utf-8
2025-06-16 00:14:09,369 - utils - INFO - 有効な問題データ: 440問
2025-06-16 00:14:09,371 - utils - INFO - 4-2専門データ2017年読み込み完了: 440問
2025-06-16 00:14:09,373 - utils - INFO - 問題データ読み込み開始: data/4-2_2018.csv
2025-06-16 00:14:09,376 - utils - INFO - ファイルサイズ: 310682 bytes
2025-06-16 00:14:09,398 - utils - INFO - 読み込み成功: utf-8 エンコーディング
2025-06-16 00:14:09,399 - utils - INFO - データ読み込み完了: 357行, エンコーディング: utf-8
2025-06-16 00:14:09,430 - utils - INFO - 有効な問題データ: 357問
2025-06-16 00:14:09,431 - utils - INFO - 4-2専門データ2018年読み込み完了: 357問
2025-06-16 00:14:09,432 - utils - INFO - 問題データ読み込み開始: data/questions.csv
2025-06-16 00:14:09,435 - utils - INFO - ファイルサイズ: 387 bytes
2025-06-16 00:14:09,442 - utils - INFO - 読み込み成功: utf-8 エンコーディング
2025-06-16 00:14:09,443 - utils - INFO - データ読み込み完了: 1行, エンコーディング: utf-8
2025-06-16 00:14:09,443 - utils - INFO - 有効な問題データ: 1問
2025-06-16 00:14:09,444 - utils - INFO - レガシーデータ読み込み完了: 1問
2025-06-16 00:14:09,445 - utils - INFO - ID衝突解決: 基礎=203問, 専門=3681問, その他=0問
2025-06-16 00:14:09,446 - utils - INFO - RCCM統合データ読み込み完了: 13ファイル, 総計3884問
2025-06-16 00:14:09,446 - utils - INFO - 4-2専門データ対象年度: [2008, 2009, 2010, 2011, 2012, 2013, 2014, 2015, 2016, 2017, 2018]
2025-06-16 00:14:09,446 - admin_dashboard - INFO - 管理者ダッシュボード初期化: 3884問読み込み完了
2025-06-16 00:14:09,452 - social_learning - INFO - ソーシャル学習機能初期化完了
2025-06-16 00:14:09,458 - api_integration - INFO - プロフェッショナルAPI統合機能初期化完了
2025-06-16 00:14:09,463 - advanced_personalization - INFO - 高度な個人化エンジン初期化完了
2025-06-16 00:14:09,492 - __main__ - INFO - RCCM統合問題データの読み込み開始
2025-06-16 00:14:09,493 - utils - INFO - RCCM統合データ読み込み開始: /mnt/c/Users/z285/Desktop/rccm-quiz-app/rccm-quiz-app/data
2025-06-16 00:14:09,494 - utils - INFO - 問題データ読み込み開始: /mnt/c/Users/z285/Desktop/rccm-quiz-app/rccm-quiz-app/data/4-1.csv
2025-06-16 00:14:09,496 - utils - INFO - ファイルサイズ: 92168 bytes
2025-06-16 00:14:09,507 - utils - INFO - 読み込み成功: utf-8 エンコーディング
2025-06-16 00:14:09,508 - utils - INFO - データ読み込み完了: 202行, エンコーディング: utf-8
2025-06-16 00:14:09,524 - utils - INFO - 有効な問題データ: 202問
2025-06-16 00:14:09,525 - utils - INFO - 4-1基礎データ読み込み完了: 202問
2025-06-16 00:14:09,526 - utils - INFO - 問題データ読み込み開始: /mnt/c/Users/z285/Desktop/rccm-quiz-app/rccm-quiz-app/data/4-2_2008.csv
2025-06-16 00:14:09,528 - utils - INFO - ファイルサイズ: 200456 bytes
2025-06-16 00:14:09,545 - utils - INFO - 読み込み成功: utf-8 エンコーディング
2025-06-16 00:14:09,545 - utils - INFO - データ読み込み完了: 360行, エンコーディング: utf-8
2025-06-16 00:14:09,572 - utils - INFO - 有効な問題データ: 360問
2025-06-16 00:14:09,574 - utils - INFO - 4-2専門データ2008年読み込み完了: 360問
2025-06-16 00:14:09,575 - utils - INFO - 問題データ読み込み開始: /mnt/c/Users/z285/Desktop/rccm-quiz-app/rccm-quiz-app/data/4-2_2009.csv
2025-06-16 00:14:09,577 - utils - INFO - ファイルサイズ: 206977 bytes
2025-06-16 00:14:09,594 - utils - INFO - 読み込み成功: utf-8 エンコーディング
2025-06-16 00:14:09,595 - utils - INFO - データ読み込み完了: 359行, エンコーディング: utf-8
2025-06-16 00:14:09,624 - utils - INFO - 有効な問題データ: 359問
2025-06-16 00:14:09,625 - utils - INFO - 4-2専門データ2009年読み込み完了: 359問
2025-06-16 00:14:09,626 - utils - INFO - 問題データ読み込み開始: /mnt/c/Users/z285/Desktop/rccm-quiz-app/rccm-quiz-app/data/4-2_2010.csv
2025-06-16 00:14:09,629 - utils - INFO - ファイルサイズ: 157993 bytes
2025-06-16 00:14:09,644 - utils - INFO - 読み込み成功: utf-8 エンコーディング
2025-06-16 00:14:09,644 - utils - INFO - データ読み込み完了: 239行, エンコーディング: utf-8
2025-06-16 00:14:09,663 - utils - INFO - 有効な問題データ: 239問
2025-06-16 00:14:09,663 - utils - INFO - 4-2専門データ2010年読み込み完了: 239問
2025-06-16 00:14:09,665 - utils - INFO - 問題データ読み込み開始: /mnt/c/Users/z285/Desktop/rccm-quiz-app/rccm-quiz-app/data/4-2_2011.csv
2025-06-16 00:14:09,667 - utils - INFO - ファイルサイズ: 235229 bytes
2025-06-16 00:14:09,687 - utils - INFO - 読み込み成功: utf-8 エンコーディング
2025-06-16 00:14:09,687 - utils - INFO - データ読み込み完了: 360行, エンコーディング: utf-8
2025-06-16 00:14:09,726 - utils - INFO - 有効な問題データ: 360問
2025-06-16 00:14:09,727 - utils - INFO - 4-2専門データ2011年読み込み完了: 360問
2025-06-16 00:14:09,729 - utils - INFO - 問題データ読み込み開始: /mnt/c/Users/z285/Desktop/rccm-quiz-app/rccm-quiz-app/data/4-2_2012.csv
2025-06-16 00:14:09,731 - utils - INFO - ファイルサイズ: 199097 bytes
2025-06-16 00:14:09,749 - utils - INFO - 読み込み成功: utf-8 エンコーディング
2025-06-16 00:14:09,750 - utils - INFO - データ読み込み完了: 307行, エンコーディング: utf-8
2025-06-16 00:14:09,779 - utils - INFO - 有効な問題データ: 307問
2025-06-16 00:14:09,781 - utils - INFO - 4-2専門データ2012年読み込み完了: 307問
2025-06-16 00:14:09,782 - utils - INFO - 問題データ読み込み開始: /mnt/c/Users/z285/Desktop/rccm-quiz-app/rccm-quiz-app/data/4-2_2013.csv
2025-06-16 00:14:09,785 - utils - INFO - ファイルサイズ: 183685 bytes
2025-06-16 00:14:09,801 - utils - INFO - 読み込み成功: utf-8 エンコーディング
2025-06-16 00:14:09,802 - utils - INFO - データ読み込み完了: 300行, エンコーディング: utf-8
2025-06-16 00:14:09,830 - utils - INFO - 有効な問題データ: 300問
2025-06-16 00:14:09,831 - utils - INFO - 4-2専門データ2013年読み込み完了: 300問
2025-06-16 00:14:09,833 - utils - INFO - 問題データ読み込み開始: /mnt/c/Users/z285/Desktop/rccm-quiz-app/rccm-quiz-app/data/4-2_2014.csv
2025-06-16 00:14:09,837 - utils - INFO - ファイルサイズ: 155568 bytes
2025-06-16 00:14:09,852 - utils - INFO - 読み込み成功: utf-8 エンコーディング
2025-06-16 00:14:09,852 - utils - INFO - データ読み込み完了: 240行, エンコーディング: utf-8
2025-06-16 00:14:09,872 - utils - INFO - 有効な問題データ: 240問
2025-06-16 00:14:09,873 - utils - INFO - 4-2専門データ2014年読み込み完了: 240問
2025-06-16 00:14:09,875 - utils - INFO - 問題データ読み込み開始: /mnt/c/Users/z285/Desktop/rccm-quiz-app/rccm-quiz-app/data/4-2_2015.csv
2025-06-16 00:14:09,878 - utils - INFO - ファイルサイズ: 272405 bytes
2025-06-16 00:14:09,899 - utils - INFO - 読み込み成功: utf-8 エンコーディング
2025-06-16 00:14:09,899 - utils - INFO - データ読み込み完了: 358行, エンコーディング: utf-8
2025-06-16 00:14:09,929 - utils - INFO - 有効な問題データ: 358問
2025-06-16 00:14:09,930 - utils - INFO - 4-2専門データ2015年読み込み完了: 358問
2025-06-16 00:14:09,932 - utils - INFO - 問題データ読み込み開始: /mnt/c/Users/z285/Desktop/rccm-quiz-app/rccm-quiz-app/data/4-2_2016.csv
2025-06-16 00:14:09,935 - utils - INFO - ファイルサイズ: 290835 bytes
2025-06-16 00:14:09,973 - utils - INFO - 読み込み成功: utf-8 エンコーディング
2025-06-16 00:14:09,973 - utils - INFO - データ読み込み完了: 361行, エンコーディング: utf-8
2025-06-16 00:14:10,005 - utils - INFO - 有効な問題データ: 361問
2025-06-16 00:14:10,006 - utils - INFO - 4-2専門データ2016年読み込み完了: 361問
2025-06-16 00:14:10,007 - utils - INFO - 問題データ読み込み開始: /mnt/c/Users/z285/Desktop/rccm-quiz-app/rccm-quiz-app/data/4-2_2017.csv
2025-06-16 00:14:10,009 - utils - INFO - ファイルサイズ: 381560 bytes
2025-06-16 00:14:10,035 - utils - INFO - 読み込み成功: utf-8 エンコーディング
2025-06-16 00:14:10,036 - utils - INFO - データ読み込み完了: 440行, エンコーディング: utf-8
2025-06-16 00:14:10,066 - utils - INFO - 有効な問題データ: 440問
2025-06-16 00:14:10,068 - utils - INFO - 4-2専門データ2017年読み込み完了: 440問
2025-06-16 00:14:10,069 - utils - INFO - 問題データ読み込み開始: /mnt/c/Users/z285/Desktop/rccm-quiz-app/rccm-quiz-app/data/4-2_2018.csv
2025-06-16 00:14:10,073 - utils - INFO - ファイルサイズ: 310682 bytes
2025-06-16 00:14:10,097 - utils - INFO - 読み込み成功: utf-8 エンコーディング
2025-06-16 00:14:10,097 - utils - INFO - データ読み込み完了: 357行, エンコーディング: utf-8
2025-06-16 00:14:10,125 - utils - INFO - 有効な問題データ: 357問
2025-06-16 00:14:10,126 - utils - INFO - 4-2専門データ2018年読み込み完了: 357問
2025-06-16 00:14:10,128 - utils - INFO - 問題データ読み込み開始: /mnt/c/Users/z285/Desktop/rccm-quiz-app/rccm-quiz-app/data/questions.csv
2025-06-16 00:14:10,131 - utils - INFO - ファイルサイズ: 387 bytes
2025-06-16 00:14:10,137 - utils - INFO - 読み込み成功: utf-8 エンコーディング
2025-06-16 00:14:10,138 - utils - INFO - データ読み込み完了: 1行, エンコーディング: utf-8
2025-06-16 00:14:10,138 - utils - INFO - 有効な問題データ: 1問
2025-06-16 00:14:10,139 - utils - INFO - レガシーデータ読み込み完了: 1問
2025-06-16 00:14:10,140 - utils - INFO - ID衝突解決: 基礎=203問, 専門=3681問, その他=0問
2025-06-16 00:14:10,141 - utils - INFO - RCCM統合データ読み込み完了: 13ファイル, 総計3884問
2025-06-16 00:14:10,141 - utils - INFO - 4-2専門データ対象年度: [2008, 2009, 2010, 2011, 2012, 2013, 2014, 2015, 2016, 2017, 2018]
2025-06-16 00:14:10,144 - __main__ - INFO - RCCM統合データ読み込み完了: 3884問 (検証済み)
2025-06-16 00:14:10,144 - __main__ - INFO - 基本アプリケーション初期化完了: 3884問読み込み
2025-06-16 00:14:10,145 - utils - INFO - CSVデータの事前読み込み開始（企業環境最適化）
2025-06-16 00:14:10,151 - utils - INFO - CSVデータ事前読み込み完了: 12/12 ファイル
2025-06-16 00:14:10,152 - __main__ - INFO - 企業環境用データ事前読み込み完了 - 高速アクセス準備完了
2025-06-16 00:14:10,166 - utils - INFO - データ整合性チェック完了: 3884問
2025-06-16 00:14:10,166 - __main__ - INFO - データ整合性チェック: healthy - 総計3884問
2025-06-16 00:14:10,166 - __main__ - INFO - RCCM試験問題集アプリケーション起動中...
2025-06-16 00:14:10,167 - __main__ - INFO - アクセスURL: http://localhost:5003
2025-06-16 00:14:10,176 - werkzeug - WARNING -  * Debugger is active!
2025-06-16 00:14:10,177 - werkzeug - INFO -  * Debugger PIN: 112-136-207
2025-06-16 00:14:19,388 - werkzeug - INFO -  * Detected change in '/mnt/c/Users/z285/Desktop/rccm-quiz-app/rccm-quiz-app/app.py', reloading
2025-06-16 00:14:19,470 - werkzeug - INFO -  * Restarting with stat
  File "/mnt/c/Users/z285/Desktop/rccm-quiz-app/rccm-quiz-app/app.py", line 840
    if '%' in str(raw_category) or any(ord(c) > 127 for c in str(raw_category)):
    ^
IndentationError: expected an indented block after 'elif' statement on line 838
