2025-06-29 09:44:12,735 - __main__ - INFO - 🔍 Ultra Sync Memory Optimizer 初期化完了
2025-06-29 09:44:12,740 - memory_leak_monitor - INFO - Memory Leak Monitor initialized
2025-06-29 09:44:12,741 - memory_leak_monitor - INFO - Memory leak monitoring started
2025-06-29 09:44:12,742 - memory_leak_monitor - INFO - Memory leak monitoring initialized successfully
2025-06-29 09:44:12,743 - __main__ - INFO - 🔍 Memory Leak Monitor 初期化完了
2025-06-29 09:44:12,748 - session_auto_recovery - INFO - Session auto-recovery system initialized successfully
2025-06-29 09:44:12,748 - __main__ - INFO - 🔧 Session Auto Recovery System 初期化完了
2025-06-29 09:44:12,762 - __main__ - INFO - 📊 Ultra Sync Performance Optimizer 初期化完了
2025-06-29 09:44:12,767 - ultra_sync_error_loop_prevention - INFO - 🛡️ Ultra Sync Error Loop Prevention System initialized
2025-06-29 09:44:12,767 - __main__ - INFO - 🛡️ Ultra Sync Error Loop Prevention System 初期化完了
2025-06-29 09:44:12,774 - session_timeout_enhancement - INFO - セッションタイムアウトマネージャー初期化完了: 有効期限=3600秒
2025-06-29 09:44:12,776 - __main__ - INFO - 🔍 Memory Leak Monitoring routes registered successfully
2025-06-29 09:44:12,778 - __main__ - INFO - 🔧 Session Auto Recovery routes registered successfully
2025-06-29 09:44:12,778 - ultra_sync_error_loop_prevention - INFO - 🛡️ Ultra Sync unified error handlers registered
2025-06-29 09:44:12,779 - __main__ - INFO - 🛡️ Ultra Sync unified error handlers registered successfully
2025-06-29 09:44:12,808 - __main__ - INFO - 🚀 ウルトラ高速起動モード: 遅延読み込み有効
2025-06-29 09:44:12,833 - __main__ - INFO - ✅ ウルトラ高速起動完了 - データは必要時に読み込まれます
2025-06-29 09:44:12,837 - __main__ - INFO - ⚡ データ事前読み込み実行（起動高速化）
2025-06-29 09:44:12,838 - __main__ - INFO - ⚡ 事前データ読み込み開始（起動高速化）
2025-06-29 09:44:12,839 - utils - INFO - RCCM統合データ読み込み開始: /mnt/c/Users/z285/Desktop/rccm-quiz-app/rccm-quiz-app/data
2025-06-29 09:44:12,841 - utils - INFO - 問題データ読み込み開始: /mnt/c/Users/z285/Desktop/rccm-quiz-app/rccm-quiz-app/data/4-1.csv
2025-06-29 09:44:12,843 - utils - INFO - ファイルサイズ: 92424 bytes
2025-06-29 09:44:12,856 - utils - INFO - 読み込み成功: utf-8 エンコーディング
2025-06-29 09:44:12,857 - utils - INFO - データ読み込み完了: 202行, エンコーディング: utf-8
2025-06-29 09:44:12,858 - utils - INFO - 有効な問題データ: 202問
2025-06-29 09:44:12,859 - utils - INFO - 4-1基礎データ読み込み完了: 202問
2025-06-29 09:44:12,861 - utils - INFO - 問題データ読み込み開始: /mnt/c/Users/z285/Desktop/rccm-quiz-app/rccm-quiz-app/data/4-2_2008.csv
2025-06-29 09:44:12,863 - utils - INFO - ファイルサイズ: 201176 bytes
2025-06-29 09:44:12,884 - utils - INFO - 読み込み成功: utf-8 エンコーディング
2025-06-29 09:44:12,885 - utils - INFO - データ読み込み完了: 360行, エンコーディング: utf-8
2025-06-29 09:44:12,887 - utils - INFO - 有効な問題データ: 360問
2025-06-29 09:44:12,889 - utils - INFO - 4-2専門データ2008年読み込み完了: 360問
2025-06-29 09:44:12,890 - utils - INFO - 問題データ読み込み開始: /mnt/c/Users/z285/Desktop/rccm-quiz-app/rccm-quiz-app/data/4-2_2009.csv
2025-06-29 09:44:12,893 - utils - INFO - ファイルサイズ: 207651 bytes
2025-06-29 09:44:12,913 - utils - INFO - 読み込み成功: utf-8 エンコーディング
2025-06-29 09:44:12,914 - utils - INFO - データ読み込み完了: 359行, エンコーディング: utf-8
2025-06-29 09:44:12,916 - utils - INFO - 有効な問題データ: 359問
2025-06-29 09:44:12,917 - utils - INFO - 4-2専門データ2009年読み込み完了: 359問
2025-06-29 09:44:12,919 - utils - INFO - 問題データ読み込み開始: /mnt/c/Users/z285/Desktop/rccm-quiz-app/rccm-quiz-app/data/4-2_2010.csv
2025-06-29 09:44:12,922 - utils - INFO - ファイルサイズ: 157895 bytes
2025-06-29 09:44:12,937 - utils - INFO - 読み込み成功: utf-8 エンコーディング
2025-06-29 09:44:12,938 - utils - INFO - データ読み込み完了: 239行, エンコーディング: utf-8
2025-06-29 09:44:12,939 - utils - INFO - 有効な問題データ: 239問
2025-06-29 09:44:12,941 - utils - INFO - 4-2専門データ2010年読み込み完了: 239問
2025-06-29 09:44:12,942 - utils - INFO - 問題データ読み込み開始: /mnt/c/Users/z285/Desktop/rccm-quiz-app/rccm-quiz-app/data/4-2_2011.csv
2025-06-29 09:44:12,945 - utils - INFO - ファイルサイズ: 237300 bytes
2025-06-29 09:44:12,965 - utils - INFO - 読み込み成功: utf-8 エンコーディング
2025-06-29 09:44:12,966 - utils - INFO - データ読み込み完了: 360行, エンコーディング: utf-8
2025-06-29 09:44:12,968 - utils - INFO - 有効な問題データ: 360問
2025-06-29 09:44:12,969 - utils - INFO - 4-2専門データ2011年読み込み完了: 360問
2025-06-29 09:44:12,971 - utils - INFO - 問題データ読み込み開始: /mnt/c/Users/z285/Desktop/rccm-quiz-app/rccm-quiz-app/data/4-2_2012.csv
2025-06-29 09:44:12,974 - utils - INFO - ファイルサイズ: 199154 bytes
2025-06-29 09:44:12,992 - utils - INFO - 読み込み成功: utf-8 エンコーディング
2025-06-29 09:44:12,993 - utils - INFO - データ読み込み完了: 307行, エンコーディング: utf-8
2025-06-29 09:44:12,994 - utils - INFO - 有効な問題データ: 307問
2025-06-29 09:44:12,995 - utils - INFO - 4-2専門データ2012年読み込み完了: 307問
2025-06-29 09:44:12,997 - utils - INFO - 問題データ読み込み開始: /mnt/c/Users/z285/Desktop/rccm-quiz-app/rccm-quiz-app/data/4-2_2013.csv
2025-06-29 09:44:13,000 - utils - INFO - ファイルサイズ: 193861 bytes
2025-06-29 09:44:13,019 - utils - INFO - 読み込み成功: utf-8 エンコーディング
2025-06-29 09:44:13,020 - utils - INFO - データ読み込み完了: 320行, エンコーディング: utf-8
2025-06-29 09:44:13,022 - utils - WARNING - データ検証エラー 行308: 正解選択肢が無効: 鋼材のポアソン比は約0.5である
2025-06-29 09:44:13,023 - utils - WARNING - 検証エラーのある行: 1件
2025-06-29 09:44:13,024 - utils - WARNING - 行308: 正解選択肢が無効: 鋼材のポアソン比は約0.5である
2025-06-29 09:44:13,024 - utils - INFO - 有効な問題データ: 319問
2025-06-29 09:44:13,025 - utils - INFO - 4-2専門データ2013年読み込み完了: 319問
2025-06-29 09:44:13,028 - utils - INFO - 問題データ読み込み開始: /mnt/c/Users/z285/Desktop/rccm-quiz-app/rccm-quiz-app/data/4-2_2014.csv
2025-06-29 09:44:13,031 - utils - INFO - ファイルサイズ: 153257 bytes
2025-06-29 09:44:13,048 - utils - INFO - 読み込み成功: utf-8 エンコーディング
2025-06-29 09:44:13,049 - utils - INFO - データ読み込み完了: 240行, エンコーディング: utf-8
2025-06-29 09:44:13,050 - utils - INFO - 有効な問題データ: 240問
2025-06-29 09:44:13,051 - utils - INFO - 4-2専門データ2014年読み込み完了: 240問
2025-06-29 09:44:13,053 - utils - INFO - 問題データ読み込み開始: /mnt/c/Users/z285/Desktop/rccm-quiz-app/rccm-quiz-app/data/4-2_2015.csv
2025-06-29 09:44:13,055 - utils - INFO - ファイルサイズ: 273998 bytes
2025-06-29 09:44:13,077 - utils - INFO - 読み込み成功: utf-8 エンコーディング
2025-06-29 09:44:13,078 - utils - INFO - データ読み込み完了: 358行, エンコーディング: utf-8
2025-06-29 09:44:13,080 - utils - INFO - 有効な問題データ: 358問
2025-06-29 09:44:13,081 - utils - INFO - 4-2専門データ2015年読み込み完了: 358問
2025-06-29 09:44:13,083 - utils - INFO - 問題データ読み込み開始: /mnt/c/Users/z285/Desktop/rccm-quiz-app/rccm-quiz-app/data/4-2_2016.csv
2025-06-29 09:44:13,086 - utils - INFO - ファイルサイズ: 291672 bytes
2025-06-29 09:44:13,109 - utils - INFO - 読み込み成功: utf-8 エンコーディング
2025-06-29 09:44:13,111 - utils - INFO - データ読み込み完了: 361行, エンコーディング: utf-8
2025-06-29 09:44:13,112 - utils - INFO - 有効な問題データ: 361問
2025-06-29 09:44:13,114 - utils - INFO - 4-2専門データ2016年読み込み完了: 361問
2025-06-29 09:44:13,115 - utils - INFO - 問題データ読み込み開始: /mnt/c/Users/z285/Desktop/rccm-quiz-app/rccm-quiz-app/data/4-2_2017.csv
2025-06-29 09:44:13,118 - utils - INFO - ファイルサイズ: 382964 bytes
2025-06-29 09:44:13,145 - utils - INFO - 読み込み成功: utf-8 エンコーディング
2025-06-29 09:44:13,147 - utils - INFO - データ読み込み完了: 440行, エンコーディング: utf-8
2025-06-29 09:44:13,149 - utils - INFO - 有効な問題データ: 440問
2025-06-29 09:44:13,150 - utils - INFO - 4-2専門データ2017年読み込み完了: 440問
2025-06-29 09:44:13,153 - utils - INFO - 問題データ読み込み開始: /mnt/c/Users/z285/Desktop/rccm-quiz-app/rccm-quiz-app/data/4-2_2018.csv
2025-06-29 09:44:13,156 - utils - INFO - ファイルサイズ: 309809 bytes
2025-06-29 09:44:13,179 - utils - INFO - 読み込み成功: utf-8 エンコーディング
2025-06-29 09:44:13,181 - utils - INFO - データ読み込み完了: 357行, エンコーディング: utf-8
2025-06-29 09:44:13,182 - utils - INFO - 有効な問題データ: 357問
2025-06-29 09:44:13,184 - utils - INFO - 4-2専門データ2018年読み込み完了: 357問
2025-06-29 09:44:13,186 - utils - INFO - 問題データ読み込み開始: /mnt/c/Users/z285/Desktop/rccm-quiz-app/rccm-quiz-app/data/4-2_2019.csv
2025-06-29 09:44:13,189 - utils - INFO - ファイルサイズ: 216806 bytes
2025-06-29 09:44:13,207 - utils - INFO - 読み込み成功: utf-8 エンコーディング
2025-06-29 09:44:13,209 - utils - INFO - データ読み込み完了: 356行, エンコーディング: utf-8
2025-06-29 09:44:13,211 - utils - INFO - 有効な問題データ: 356問
2025-06-29 09:44:13,212 - utils - INFO - 4-2専門データ2019年読み込み完了: 356問
2025-06-29 09:44:13,213 - utils - INFO - ID重複解決開始: 入力問題数=4258問
2025-06-29 09:44:13,215 - utils - INFO - ID重複解決処理開始: 379個のIDを重複解決中 (例: ['1', '2', '3', '4', '5', '6', '7', '8', '9', '10'])
2025-06-29 09:44:13,230 - utils - INFO - 問題分類: 基礎=202問, 専門=4056問, その他=0問
2025-06-29 09:44:13,235 - utils - INFO - ✅ ID重複解決完了: 基礎=202問(1-202), 専門=4056問(1001-5056), その他=0問, 総計=4258問
2025-06-29 09:44:13,237 - utils - INFO - 重複解決例: [('basic_1', 1), ('basic_2', 2), ('basic_3', 3), ('basic_4', 4), ('basic_5', 5)]
2025-06-29 09:44:13,238 - utils - INFO - 🚀 企業環境最適化: データキャッシュ完了 - 次回読み込み高速化
2025-06-29 09:44:13,239 - utils - INFO - RCCM統合データ読み込み完了: 13ファイル, 総計4258問
2025-06-29 09:44:13,239 - utils - INFO - 4-2専門データ対象年度: [2008, 2009, 2010, 2011, 2012, 2013, 2014, 2015, 2016, 2017, 2018, 2019]
2025-06-29 09:44:13,243 - __main__ - INFO - 📊 高性能インデックス構築開始...
2025-06-29 09:44:13,244 - ultra_sync_performance_optimization - INFO - 🔥 高性能インデックス構築開始...
2025-06-29 09:44:13,248 - ultra_sync_performance_optimization - INFO - ✅ 高性能インデックス構築完了: 4258問
2025-06-29 09:44:13,249 - ultra_sync_performance_optimization - INFO - 📊 インデックス統計:
2025-06-29 09:44:13,249 - ultra_sync_performance_optimization - INFO -   - 基本インデックス: 4258問
2025-06-29 09:44:13,250 - ultra_sync_performance_optimization - INFO -   - カテゴリ: 13種類
2025-06-29 09:44:13,251 - ultra_sync_performance_optimization - INFO -   - 部門: 13種類
2025-06-29 09:44:13,252 - ultra_sync_performance_optimization - INFO -   - 年度: 12年分
2025-06-29 09:44:13,253 - ultra_sync_performance_optimization - INFO -   - タイプ: 2種類
2025-06-29 09:44:13,253 - ultra_sync_performance_optimization - INFO - ⚡ 構築時間: 0.004秒
2025-06-29 09:44:13,254 - __main__ - INFO - ✅ 高性能インデックス構築完了 - O(1)検索が利用可能
2025-06-29 09:44:13,255 - __main__ - INFO - ✅ 事前データ読み込み完了: 4258問（キャッシュ済み）
2025-06-29 09:44:13,255 - __main__ - INFO - ✅ 事前読み込み完了 - 初回アクセス時の遅延が解消されます
2025-06-29 09:44:13,256 - __main__ - INFO - RCCM試験問題集アプリケーション起動中...
2025-06-29 09:44:13,257 - __main__ - INFO - アクセスURL: http://172.18.44.152:5003
2025-06-29 09:44:13,257 - __main__ - INFO - アクセスURL: http://localhost:5003
2025-06-29 09:44:13,258 - __main__ - INFO - 🚀 RCCM Ready - Host: 0.0.0.0, Port: 5005
 * Serving Flask app 'app'
 * Debug mode: on
2025-06-29 09:44:13,273 - werkzeug - INFO - [31m[1mWARNING: This is a development server. Do not use it in a production deployment. Use a production WSGI server instead.[0m
 * Running on all addresses (0.0.0.0)
 * Running on http://127.0.0.1:5005
 * Running on http://172.18.44.152:5005
2025-06-29 09:44:13,274 - werkzeug - INFO - [33mPress CTRL+C to quit[0m
2025-06-29 09:44:21,767 - __main__ - INFO - 🔍 セッション状態チェック: session_id=760524c6acf37fb93f0703c0dfdea6dc, data_loaded=False, exam_ids_count=0
2025-06-29 09:44:21,768 - __main__ - WARNING - 🚨 セッション初期化実行: session_id=760524c6acf37fb93f0703c0dfdea6dc - 継続性確保のため新規初期化
2025-06-29 09:44:21,769 - session_timeout_enhancement - WARNING - セッション状態ヘッダー追加失敗: can't subtract offset-naive and offset-aware datetimes
2025-06-29 09:44:21,771 - werkzeug - INFO - 127.0.0.1 - - [29/Jun/2025 09:44:21] "GET /debug/session HTTP/1.1" 200 -
2025-06-29 09:44:26,964 - __main__ - INFO - 🔍 セッション状態チェック: session_id=692e572fb08808a90ae9711556fd3d6e, data_loaded=False, exam_ids_count=0
2025-06-29 09:44:26,965 - __main__ - WARNING - 🚨 セッション初期化実行: session_id=692e572fb08808a90ae9711556fd3d6e - 継続性確保のため新規初期化
2025-06-29 09:44:26,966 - session_timeout_enhancement - WARNING - セッション状態ヘッダー追加失敗: can't subtract offset-naive and offset-aware datetimes
2025-06-29 09:44:26,967 - werkzeug - INFO - 127.0.0.1 - - [29/Jun/2025 09:44:26] "GET /debug/session HTTP/1.1" 200 -
2025-06-29 09:44:26,971 - __main__ - INFO - 🔍 セッション状態チェック: session_id=692e572fb08808a90ae9711556fd3d6e, data_loaded=True, exam_ids_count=0
2025-06-29 09:44:26,972 - __main__ - WARNING - 🚨 セッション初期化実行: session_id=692e572fb08808a90ae9711556fd3d6e - 継続性確保のため新規初期化
2025-06-29 09:44:26,973 - session_auto_recovery - INFO - 🔍 Session corruption check: CORRUPTED
2025-06-29 09:44:26,974 - session_auto_recovery - WARNING -    Severity: major
2025-06-29 09:44:26,975 - session_auto_recovery - WARNING -    Types: ['missing_required_keys']
2025-06-29 09:44:26,976 - session_auto_recovery - WARNING - 🚨 Session corruption detected in exam: major
2025-06-29 09:44:26,978 - session_auto_recovery - INFO - 🔧 Starting auto-recovery for session corruption (severity: major)
2025-06-29 09:44:26,984 - session_auto_recovery - INFO - 📁 Recovery backup created: recovery_backup_20250629_094426_0f061371
2025-06-29 09:44:26,985 - session_auto_recovery - INFO - ✅ Recovery action completed: initialize_missing_keys
2025-06-29 09:44:26,986 - session_auto_recovery - INFO - 🔍 Session corruption check: CLEAN
2025-06-29 09:44:26,987 - session_auto_recovery - INFO - 🎉 Session auto-recovery completed successfully
2025-06-29 09:44:26,987 - session_auto_recovery - INFO - 🔧 Auto-recovery completed in 9.9ms
2025-06-29 09:44:26,988 - session_auto_recovery - INFO - ✅ Session auto-recovery completed for exam
2025-06-29 09:44:26,989 - __main__ - INFO - exam_question_ids が空 - 新規セッション開始として処理
2025-06-29 09:44:26,989 - __main__ - INFO - 📊 セッション状態 (初期化前): 問題数=0, 現在位置=0, カテゴリ=unknown
2025-06-29 09:44:26,990 - __main__ - WARNING - ⚠️ exam_question_ids が空です - セッション初期化が必要
2025-06-29 09:44:26,991 - __main__ - INFO - 📊 セッション状態 (初期化後): 問題数=0, 現在位置=0, カテゴリ=unknown
2025-06-29 09:44:26,992 - __main__ - WARNING - ⚠️ exam_question_ids が空です - セッション初期化が必要
2025-06-29 09:44:26,993 - __main__ - INFO - ✅ セッション初期化完了 - 新規セッション状態に設定
2025-06-29 09:44:26,993 - utils - INFO - 🚀 企業環境最適化: データ既読み込み済み - スキップ
2025-06-29 09:44:26,994 - __main__ - INFO - カテゴリ英語→日本語変換: None → 全体
2025-06-29 09:44:26,995 - __main__ - INFO - カテゴリデコード結果: 全体
2025-06-29 09:44:26,996 - __main__ - INFO - カテゴリ判定前: requested_category=全体, requested_question_type=basic, requested_department=
2025-06-29 09:44:26,997 - __main__ - INFO - カテゴリ処理後: requested_department=, requested_question_type=basic
2025-06-29 09:44:26,997 - __main__ - INFO - ULTRA SYNC: URLパラメータcount=10をセッションに適用
2025-06-29 09:44:26,998 - __main__ - INFO - GET処理: current_no=0, exam_question_ids数=0, is_next=False
2025-06-29 09:44:26,999 - __main__ - INFO - セッション詳細: session keys数=17, exam_current=MISSING
2025-06-29 09:44:26,999 - __main__ - INFO - 問題種別情報: requested_question_type=basic, session_question_type=None, department=
2025-06-29 09:44:27,000 - __main__ - INFO - カテゴリ情報: requested_category=全体, session_category=全体
2025-06-29 09:44:27,001 - __main__ - INFO - リセット判定: is_next=False, exam_ids=False, category_match=True, question_type_match=False, department_match=False, year_match=False, current_no=0, len=0
2025-06-29 09:44:27,002 - __main__ - INFO - 🔥 ULTRA SYNC: need_reset = True (is_next_request=False)
2025-06-29 09:44:27,002 - __main__ - INFO - 問題リセット: セッション完全クリア - ['request_history']
2025-06-29 09:44:27,003 - __main__ - INFO - get_mixed_questions呼び出し前: department=, question_type=basic, category=全体
2025-06-29 09:44:27,004 - __main__ - INFO - 基礎科目フィルタ適用: 結果 202問
2025-06-29 09:44:27,005 - __main__ - INFO - 問題選択完了: 復習0問, 新規10問, フィルタ:[種別:4-1 必須科目]
2025-06-29 09:44:27,006 - __main__ - INFO - 🔥 ULTRA SYNC: 最終問題数確定 10問（10問設定に従って切断）
2025-06-29 09:44:27,006 - __main__ - INFO - 問題選択詳細: requested_size=10, selected_count=10, question_ids_count=10
2025-06-29 09:44:27,007 - __main__ - INFO - 問題ID一覧: [169, 37, 124, 198, 35, 104, 23, 77, 105, 125]
2025-06-29 09:44:27,008 - __main__ - INFO - 新しい問題セッション開始: 10問, フィルタ: 種別:4-1 必須科目
2025-06-29 09:44:27,009 - __main__ - INFO - 問題ID取得: current_no=0, question_id=169
2025-06-29 09:44:27,009 - __main__ - INFO - 問題表示: 1/10 (内部: current_no=0, total_ids=10)
2025-06-29 09:44:27,010 - __main__ - INFO - テンプレート変数: current_no=1 (type:<class 'int'>), total_questions=10
2025-06-29 09:44:27,028 - session_timeout_enhancement - WARNING - セッション状態ヘッダー追加失敗: can't subtract offset-naive and offset-aware datetimes
2025-06-29 09:44:27,029 - werkzeug - INFO - 127.0.0.1 - - [29/Jun/2025 09:44:27] "GET /exam?question_type=basic&count=10 HTTP/1.1" 200 -
2025-06-29 09:44:27,032 - __main__ - INFO - 🔍 セッション状態チェック: session_id=692e572fb08808a90ae9711556fd3d6e, data_loaded=True, exam_ids_count=10
2025-06-29 09:44:27,033 - __main__ - INFO - ✅ セッション継続確認: data_loaded=True, exam_ids=10問
2025-06-29 09:44:27,035 - session_timeout_enhancement - WARNING - セッション状態ヘッダー追加失敗: can't subtract offset-naive and offset-aware datetimes
2025-06-29 09:44:27,036 - werkzeug - INFO - 127.0.0.1 - - [29/Jun/2025 09:44:27] "GET /debug/session HTTP/1.1" 200 -
2025-06-29 09:44:27,039 - __main__ - INFO - 🔍 セッション状態チェック: session_id=692e572fb08808a90ae9711556fd3d6e, data_loaded=True, exam_ids_count=10
2025-06-29 09:44:27,041 - __main__ - INFO - ✅ セッション継続確認: data_loaded=True, exam_ids=10問
2025-06-29 09:44:27,041 - __main__ - INFO - DEBUG: exam_current更新 0 → 8
2025-06-29 09:44:27,042 - session_timeout_enhancement - WARNING - セッション状態ヘッダー追加失敗: can't subtract offset-naive and offset-aware datetimes
2025-06-29 09:44:27,043 - werkzeug - INFO - 127.0.0.1 - - [29/Jun/2025 09:44:27] "POST /debug/set_current HTTP/1.1" 200 -
2025-06-29 09:44:28,050 - __main__ - INFO - 🔍 セッション状態チェック: session_id=692e572fb08808a90ae9711556fd3d6e, data_loaded=True, exam_ids_count=10
2025-06-29 09:44:28,052 - __main__ - INFO - ✅ セッション継続確認: data_loaded=True, exam_ids=10問
2025-06-29 09:44:28,055 - session_auto_recovery - INFO - 🔍 Session corruption check: CLEAN
2025-06-29 09:44:28,058 - utils - INFO - 🚀 企業環境最適化: データ既読み込み済み - スキップ
2025-06-29 09:44:28,060 - __main__ - INFO - カテゴリ英語→日本語変換: None → 全体
2025-06-29 09:44:28,062 - __main__ - INFO - カテゴリデコード結果: 全体
2025-06-29 09:44:28,063 - __main__ - INFO - カテゴリ判定前: requested_category=全体, requested_question_type=basic, requested_department=
2025-06-29 09:44:28,066 - __main__ - INFO - カテゴリ処理後: requested_department=, requested_question_type=basic
2025-06-29 09:44:28,068 - __main__ - INFO - GET処理: current_no=8, exam_question_ids数=10, is_next=False
2025-06-29 09:44:28,069 - __main__ - INFO - セッション詳細: session keys数=21, exam_current=8
2025-06-29 09:44:28,071 - __main__ - INFO - 問題種別情報: requested_question_type=basic, session_question_type=basic, department=
2025-06-29 09:44:28,073 - __main__ - INFO - カテゴリ情報: requested_category=全体, session_category=全体
2025-06-29 09:44:28,080 - session_timeout_enhancement - WARNING - セッション状態ヘッダー追加失敗: can't subtract offset-naive and offset-aware datetimes
2025-06-29 09:44:28,083 - werkzeug - INFO - 127.0.0.1 - - [29/Jun/2025 09:44:28] "GET /exam?qid=105 HTTP/1.1" 200 -
2025-06-29 09:44:28,088 - __main__ - INFO - 🔍 セッション状態チェック: session_id=692e572fb08808a90ae9711556fd3d6e, data_loaded=True, exam_ids_count=10
2025-06-29 09:44:28,090 - __main__ - INFO - ✅ セッション継続確認: data_loaded=True, exam_ids=10問
2025-06-29 09:44:28,091 - session_auto_recovery - INFO - 🔍 Session corruption check: CLEAN
2025-06-29 09:44:28,093 - utils - INFO - 🚀 企業環境最適化: データ既読み込み済み - スキップ
2025-06-29 09:44:28,095 - __main__ - INFO - === POST処理開始 - セッション状態デバッグ ===
2025-06-29 09:44:28,096 - __main__ - INFO - セッションキー数: 21
2025-06-29 09:44:28,097 - __main__ - INFO - exam_question_ids数: 10
2025-06-29 09:44:28,099 - __main__ - INFO - exam_current: 8
2025-06-29 09:44:28,100 - __main__ - INFO - exam_category: 共通
2025-06-29 09:44:28,100 - __main__ - INFO - selected_question_type: basic
2025-06-29 09:44:28,101 - __main__ - INFO - selected_department: MISSING
2025-06-29 09:44:28,101 - __main__ - INFO - session_id存在: Yes
2025-06-29 09:44:28,102 - __main__ - INFO - data_loaded: True
2025-06-29 09:44:28,102 - __main__ - INFO - ==========================================
2025-06-29 09:44:28,103 - __main__ - INFO - 正誤判定: 問題ID=105, ユーザー回答='A', 正解='C', 判定=False
2025-06-29 09:44:28,104 - __main__ - INFO - SRS更新: 問題105 - 正解:0, 間違い:1, 難易度:6.0, マスター:False
2025-06-29 09:44:28,105 - __main__ - INFO - 復習リスト処理前: bookmarks=[], is_correct=False
2025-06-29 09:44:28,105 - __main__ - INFO - ❌ 不正解により復習リストに追加: 問題ID 105
2025-06-29 09:44:28,106 - __main__ - INFO - 復習リスト処理後: bookmark数=1
2025-06-29 09:44:28,107 - __main__ - INFO - SRS更新: 問題105 - 正解:0, 間違い:2, 難易度:7.0, マスター:False
2025-06-29 09:44:28,113 - __main__ - INFO - 履歴保存: 問題105, 合計履歴1件, 直後確認1件
2025-06-29 09:44:28,114 - __main__ - INFO - 🔄 モジュール遅延読み込み開始...
2025-06-29 09:44:28,158 - utils - INFO - 🚀 企業環境最適化: データ既読み込み済み - スキップ
2025-06-29 09:44:28,158 - admin_dashboard - INFO - 管理者ダッシュボード初期化: 4258問読み込み完了
2025-06-29 09:44:28,163 - social_learning - INFO - ソーシャル学習機能初期化完了
2025-06-29 09:44:28,168 - api_integration - INFO - プロフェッショナルAPI統合機能初期化完了
2025-06-29 09:44:28,174 - advanced_personalization - INFO - 高度な個人化エンジン初期化完了
2025-06-29 09:44:28,175 - __main__ - INFO - ✅ モジュール遅延読み込み完了: 0.06秒
2025-06-29 09:44:28,176 - gamification - INFO - ストリーク更新: 1日連続
2025-06-29 09:44:28,176 - gamification - INFO - 新しいバッジ獲得: ['first_mondai']
2025-06-29 09:44:28,177 - __main__ - INFO - === 回答処理デバッグ情報 ===
2025-06-29 09:44:28,177 - __main__ - INFO - 問題ID: 105, 回答: A, 正否: False
2025-06-29 09:44:28,178 - __main__ - INFO - セッション状態: current_no=8, next_no=9
2025-06-29 09:44:28,178 - __main__ - INFO - 安全値: safe_current_no=8, safe_next_no=9
2025-06-29 09:44:28,179 - __main__ - INFO - セッション設定: session_size=10, total_questions=10
2025-06-29 09:44:28,179 - __main__ - INFO - 完了判定計算: safe_next_no(9) >= session_size(10) = False
2025-06-29 09:44:28,180 - __main__ - INFO - 問題リスト: 長さ=10, IDs=[169, 37, 124]...
2025-06-29 09:44:28,180 - __main__ - INFO - 最終判定: is_last=False, next_index=9
2025-06-29 09:44:28,181 - __main__ - INFO - セッションキー: ['_permanent', 'backup_history', 'bookmarks', 'data_loaded', 'exam_category', 'exam_current', 'exam_question_ids', 'history', 'last_activity', 'last_auto_save', 'quiz_current', 'quiz_question_ids', 'quiz_settings', 'recovery_metadata', 'request_history', 'selected_question_type', 'session_id', 'session_version', 'srs_data', 'total_requests', 'user_name', 'advanced_srs', 'last_history_update', 'category_stats', 'study_streak', 'max_study_streak', 'last_study_date', 'earned_badges']
2025-06-29 09:44:28,181 - __main__ - INFO - =========================
2025-06-29 09:44:28,182 - __main__ - INFO - セッション保存確認: exam_current = 9 (safe_next_no = 9)
2025-06-29 09:44:28,182 - __main__ - INFO - 🔥 CRITICAL: exam_question_ids保存確認 = 10問 [169, 37, 124, 198, 35]
2025-06-29 09:44:28,183 - __main__ - INFO - 回答処理完了: 問題105, 正答False, レベル0, ストリーク1日
2025-06-29 09:44:28,183 - __main__ - INFO - フィードバック変数: is_last_question=False, next_question_index=9, current_question_number=9, total_questions=10
2025-06-29 09:44:28,199 - session_timeout_enhancement - WARNING - セッション状態ヘッダー追加失敗: can't subtract offset-naive and offset-aware datetimes
2025-06-29 09:44:28,201 - werkzeug - INFO - 127.0.0.1 - - [29/Jun/2025 09:44:28] "POST /exam HTTP/1.1" 200 -
2025-06-29 09:44:28,218 - __main__ - INFO - 🔍 セッション状態チェック: session_id=692e572fb08808a90ae9711556fd3d6e, data_loaded=True, exam_ids_count=10
2025-06-29 09:44:28,220 - __main__ - INFO - ✅ セッション継続確認: data_loaded=True, exam_ids=10問
2025-06-29 09:44:28,222 - session_timeout_enhancement - WARNING - セッション状態ヘッダー追加失敗: can't subtract offset-naive and offset-aware datetimes
2025-06-29 09:44:28,224 - werkzeug - INFO - 127.0.0.1 - - [29/Jun/2025 09:44:28] "GET /debug/clear_session HTTP/1.1" 200 -
2025-06-29 09:44:29,230 - __main__ - INFO - 🔍 セッション状態チェック: session_id=692e572fb08808a90ae9711556fd3d6e, data_loaded=True, exam_ids_count=0
2025-06-29 09:44:29,233 - __main__ - WARNING - 🚨 セッション初期化実行: session_id=692e572fb08808a90ae9711556fd3d6e - 継続性確保のため新規初期化
2025-06-29 09:44:29,236 - session_auto_recovery - INFO - 🔍 Session corruption check: CLEAN
2025-06-29 09:44:29,239 - __main__ - INFO - exam_question_ids が空 - 新規セッション開始として処理
2025-06-29 09:44:29,241 - __main__ - INFO - 📊 セッション状態 (初期化前): 問題数=0, 現在位置=0, カテゴリ=unknown
2025-06-29 09:44:29,242 - __main__ - WARNING - ⚠️ exam_question_ids が空です - セッション初期化が必要
2025-06-29 09:44:29,243 - __main__ - INFO - 📊 セッション状態 (初期化後): 問題数=0, 現在位置=0, カテゴリ=unknown
2025-06-29 09:44:29,245 - __main__ - WARNING - ⚠️ exam_question_ids が空です - セッション初期化が必要
2025-06-29 09:44:29,246 - __main__ - INFO - ✅ セッション初期化完了 - 新規セッション状態に設定
2025-06-29 09:44:29,247 - utils - INFO - 🚀 企業環境最適化: データ既読み込み済み - スキップ
2025-06-29 09:44:29,248 - __main__ - INFO - カテゴリ英語→日本語変換: None → 全体
2025-06-29 09:44:29,248 - __main__ - INFO - カテゴリデコード結果: 全体
2025-06-29 09:44:29,249 - __main__ - INFO - カテゴリ判定前: requested_category=全体, requested_question_type=basic, requested_department=
2025-06-29 09:44:29,249 - __main__ - INFO - カテゴリ処理後: requested_department=, requested_question_type=basic
2025-06-29 09:44:29,250 - __main__ - INFO - ULTRA SYNC: URLパラメータcount=10をセッションに適用
2025-06-29 09:44:29,251 - __main__ - INFO - GET処理: current_no=0, exam_question_ids数=0, is_next=False
2025-06-29 09:44:29,251 - __main__ - INFO - セッション詳細: session keys数=24, exam_current=MISSING
2025-06-29 09:44:29,252 - __main__ - INFO - 問題種別情報: requested_question_type=basic, session_question_type=basic, department=
2025-06-29 09:44:29,253 - __main__ - INFO - カテゴリ情報: requested_category=全体, session_category=全体
2025-06-29 09:44:29,254 - __main__ - INFO - リセット判定: is_next=False, exam_ids=False, category_match=True, question_type_match=True, department_match=False, year_match=False, current_no=0, len=0
2025-06-29 09:44:29,255 - __main__ - INFO - 🔥 ULTRA SYNC: need_reset = True (is_next_request=False)
2025-06-29 09:44:29,255 - __main__ - INFO - 問題リセット: セッション完全クリア - ['selected_question_type', 'request_history']
2025-06-29 09:44:29,256 - __main__ - INFO - get_mixed_questions呼び出し前: department=, question_type=basic, category=全体
2025-06-29 09:44:29,257 - __main__ - INFO - 基礎科目フィルタ適用: 結果 202問
2025-06-29 09:44:29,258 - __main__ - INFO - 問題選択完了: 復習0問, 新規10問, フィルタ:[種別:4-1 必須科目]
2025-06-29 09:44:29,259 - __main__ - INFO - 🔥 ULTRA SYNC: 最終問題数確定 10問（10問設定に従って切断）
2025-06-29 09:44:29,261 - __main__ - INFO - 問題選択詳細: requested_size=10, selected_count=10, question_ids_count=10
2025-06-29 09:44:29,262 - __main__ - INFO - 問題ID一覧: [12, 69, 138, 53, 119, 88, 139, 193, 55, 60]
2025-06-29 09:44:29,263 - __main__ - INFO - 新しい問題セッション開始: 10問, フィルタ: 種別:4-1 必須科目
2025-06-29 09:44:29,264 - __main__ - INFO - 問題ID取得: current_no=0, question_id=12
2025-06-29 09:44:29,264 - __main__ - INFO - 問題表示: 1/10 (内部: current_no=0, total_ids=10)
2025-06-29 09:44:29,265 - __main__ - INFO - テンプレート変数: current_no=1 (type:<class 'int'>), total_questions=10
2025-06-29 09:44:29,268 - session_timeout_enhancement - WARNING - セッション状態ヘッダー追加失敗: can't subtract offset-naive and offset-aware datetimes
2025-06-29 09:44:29,270 - werkzeug - INFO - 127.0.0.1 - - [29/Jun/2025 09:44:29] "GET /exam?question_type=basic&count=10 HTTP/1.1" 200 -
2025-06-29 09:44:29,273 - __main__ - INFO - 🔍 セッション状態チェック: session_id=692e572fb08808a90ae9711556fd3d6e, data_loaded=True, exam_ids_count=10
2025-06-29 09:44:29,274 - __main__ - INFO - ✅ セッション継続確認: data_loaded=True, exam_ids=10問
2025-06-29 09:44:29,275 - session_timeout_enhancement - WARNING - セッション状態ヘッダー追加失敗: can't subtract offset-naive and offset-aware datetimes
2025-06-29 09:44:29,277 - werkzeug - INFO - 127.0.0.1 - - [29/Jun/2025 09:44:29] "GET /debug/session HTTP/1.1" 200 -
2025-06-29 09:44:29,281 - __main__ - INFO - 🔍 セッション状態チェック: session_id=692e572fb08808a90ae9711556fd3d6e, data_loaded=True, exam_ids_count=10
2025-06-29 09:44:29,282 - __main__ - INFO - ✅ セッション継続確認: data_loaded=True, exam_ids=10問
2025-06-29 09:44:29,283 - __main__ - INFO - DEBUG: exam_current更新 0 → 8
2025-06-29 09:44:29,284 - session_timeout_enhancement - WARNING - セッション状態ヘッダー追加失敗: can't subtract offset-naive and offset-aware datetimes
2025-06-29 09:44:29,286 - werkzeug - INFO - 127.0.0.1 - - [29/Jun/2025 09:44:29] "POST /debug/set_current HTTP/1.1" 200 -
2025-06-29 09:44:30,291 - __main__ - INFO - 🔍 セッション状態チェック: session_id=692e572fb08808a90ae9711556fd3d6e, data_loaded=True, exam_ids_count=10
2025-06-29 09:44:30,294 - __main__ - INFO - ✅ セッション継続確認: data_loaded=True, exam_ids=10問
2025-06-29 09:44:30,297 - session_auto_recovery - INFO - 🔍 Session corruption check: CLEAN
2025-06-29 09:44:30,299 - utils - INFO - 🚀 企業環境最適化: データ既読み込み済み - スキップ
2025-06-29 09:44:30,301 - __main__ - INFO - === POST処理開始 - セッション状態デバッグ ===
2025-06-29 09:44:30,303 - __main__ - INFO - セッションキー数: 28
2025-06-29 09:44:30,304 - __main__ - INFO - exam_question_ids数: 10
2025-06-29 09:44:30,306 - __main__ - INFO - exam_current: 8
2025-06-29 09:44:30,307 - __main__ - INFO - exam_category: 全体
2025-06-29 09:44:30,307 - __main__ - INFO - selected_question_type: basic
2025-06-29 09:44:30,308 - __main__ - INFO - selected_department: MISSING
2025-06-29 09:44:30,309 - __main__ - INFO - session_id存在: Yes
2025-06-29 09:44:30,310 - __main__ - INFO - data_loaded: True
2025-06-29 09:44:30,310 - __main__ - INFO - ==========================================
2025-06-29 09:44:30,311 - __main__ - INFO - 正誤判定: 問題ID=55, ユーザー回答='A', 正解='C', 判定=False
2025-06-29 09:44:30,312 - __main__ - INFO - SRS更新: 問題55 - 正解:0, 間違い:1, 難易度:6.0, マスター:False
2025-06-29 09:44:30,312 - __main__ - INFO - 復習リスト処理前: bookmarks=[], is_correct=False
2025-06-29 09:44:30,313 - __main__ - INFO - ❌ 不正解により復習リストに追加: 問題ID 55
2025-06-29 09:44:30,313 - __main__ - INFO - 復習リスト処理後: bookmark数=1
2025-06-29 09:44:30,314 - __main__ - INFO - SRS更新: 問題55 - 正解:0, 間違い:2, 難易度:7.0, マスター:False
2025-06-29 09:44:30,314 - __main__ - INFO - 履歴保存: 問題55, 合計履歴2件, 直後確認2件
2025-06-29 09:44:30,315 - gamification - INFO - ストリーク更新: 1日連続
2025-06-29 09:44:30,315 - __main__ - INFO - === 回答処理デバッグ情報 ===
2025-06-29 09:44:30,316 - __main__ - INFO - 問題ID: 55, 回答: A, 正否: False
2025-06-29 09:44:30,317 - __main__ - INFO - セッション状態: current_no=8, next_no=9
2025-06-29 09:44:30,317 - __main__ - INFO - 安全値: safe_current_no=8, safe_next_no=9
2025-06-29 09:44:30,318 - __main__ - INFO - セッション設定: session_size=10, total_questions=10
2025-06-29 09:44:30,318 - __main__ - INFO - 完了判定計算: safe_next_no(9) >= session_size(10) = False
2025-06-29 09:44:30,319 - __main__ - INFO - 問題リスト: 長さ=10, IDs=[12, 69, 138]...
2025-06-29 09:44:30,319 - __main__ - INFO - 最終判定: is_last=False, next_index=9
2025-06-29 09:44:30,320 - __main__ - INFO - セッションキー: ['_permanent', 'backup_history', 'bookmarks', 'category_stats', 'data_loaded', 'earned_badges', 'exam_category', 'exam_current', 'exam_question_ids', 'history', 'last_activity', 'last_auto_save', 'last_history_update', 'last_study_date', 'last_update', 'max_study_streak', 'quiz_current', 'quiz_question_ids', 'quiz_settings', 'recovery_metadata', 'selected_question_type', 'session_id', 'session_version', 'srs_data', 'study_streak', 'total_requests', 'user_name', 'request_history', 'advanced_srs']
2025-06-29 09:44:30,320 - __main__ - INFO - =========================
2025-06-29 09:44:30,321 - __main__ - INFO - セッション保存確認: exam_current = 9 (safe_next_no = 9)
2025-06-29 09:44:30,322 - __main__ - INFO - 🔥 CRITICAL: exam_question_ids保存確認 = 10問 [12, 69, 138, 53, 119]
2025-06-29 09:44:30,322 - __main__ - INFO - 回答処理完了: 問題55, 正答False, レベル0, ストリーク1日
2025-06-29 09:44:30,323 - __main__ - INFO - フィードバック変数: is_last_question=False, next_question_index=9, current_question_number=9, total_questions=10
2025-06-29 09:44:30,326 - session_timeout_enhancement - WARNING - セッション状態ヘッダー追加失敗: can't subtract offset-naive and offset-aware datetimes
2025-06-29 09:44:30,327 - werkzeug - INFO - 127.0.0.1 - - [29/Jun/2025 09:44:30] "POST /exam HTTP/1.1" 200 -
2025-06-29 09:44:30,330 - __main__ - INFO - 🔍 セッション状態チェック: session_id=692e572fb08808a90ae9711556fd3d6e, data_loaded=True, exam_ids_count=10
2025-06-29 09:44:30,331 - __main__ - INFO - ✅ セッション継続確認: data_loaded=True, exam_ids=10問
2025-06-29 09:44:30,332 - session_timeout_enhancement - WARNING - セッション状態ヘッダー追加失敗: can't subtract offset-naive and offset-aware datetimes
2025-06-29 09:44:30,333 - werkzeug - INFO - 127.0.0.1 - - [29/Jun/2025 09:44:30] "GET /debug/clear_session HTTP/1.1" 200 -
2025-06-29 09:44:31,338 - __main__ - INFO - 🔍 セッション状態チェック: session_id=692e572fb08808a90ae9711556fd3d6e, data_loaded=True, exam_ids_count=0
2025-06-29 09:44:31,341 - __main__ - WARNING - 🚨 セッション初期化実行: session_id=692e572fb08808a90ae9711556fd3d6e - 継続性確保のため新規初期化
2025-06-29 09:44:31,343 - session_auto_recovery - INFO - 🔍 Session corruption check: CLEAN
2025-06-29 09:44:31,345 - __main__ - INFO - exam_question_ids が空 - 新規セッション開始として処理
2025-06-29 09:44:31,347 - __main__ - INFO - 📊 セッション状態 (初期化前): 問題数=0, 現在位置=0, カテゴリ=unknown
2025-06-29 09:44:31,348 - __main__ - WARNING - ⚠️ exam_question_ids が空です - セッション初期化が必要
2025-06-29 09:44:31,350 - __main__ - INFO - 📊 セッション状態 (初期化後): 問題数=0, 現在位置=0, カテゴリ=unknown
2025-06-29 09:44:31,352 - __main__ - WARNING - ⚠️ exam_question_ids が空です - セッション初期化が必要
2025-06-29 09:44:31,352 - __main__ - INFO - ✅ セッション初期化完了 - 新規セッション状態に設定
2025-06-29 09:44:31,353 - utils - INFO - 🚀 企業環境最適化: データ既読み込み済み - スキップ
2025-06-29 09:44:31,354 - __main__ - INFO - カテゴリ英語→日本語変換: None → 全体
2025-06-29 09:44:31,354 - __main__ - INFO - カテゴリデコード結果: 全体
2025-06-29 09:44:31,355 - __main__ - INFO - カテゴリ判定前: requested_category=全体, requested_question_type=specialist, requested_department=
2025-06-29 09:44:31,355 - __main__ - INFO - カテゴリ処理後: requested_department=, requested_question_type=specialist
2025-06-29 09:44:31,356 - __main__ - INFO - ULTRA SYNC: URLパラメータcount=10をセッションに適用
2025-06-29 09:44:31,356 - __main__ - INFO - GET処理: current_no=0, exam_question_ids数=0, is_next=False
2025-06-29 09:44:31,357 - __main__ - INFO - セッション詳細: session keys数=24, exam_current=MISSING
2025-06-29 09:44:31,358 - __main__ - INFO - 問題種別情報: requested_question_type=specialist, session_question_type=basic, department=
2025-06-29 09:44:31,359 - __main__ - INFO - カテゴリ情報: requested_category=全体, session_category=全体
2025-06-29 09:44:31,360 - __main__ - INFO - リセット判定: is_next=False, exam_ids=False, category_match=True, question_type_match=False, department_match=False, year_match=False, current_no=0, len=0
2025-06-29 09:44:31,360 - __main__ - INFO - 🔥 ULTRA SYNC: need_reset = True (is_next_request=False)
2025-06-29 09:44:31,361 - __main__ - INFO - 問題リセット: セッション完全クリア - ['selected_question_type', 'request_history']
2025-06-29 09:44:31,361 - __main__ - INFO - get_mixed_questions呼び出し前: department=, question_type=specialist, category=全体
2025-06-29 09:44:31,362 - __main__ - INFO - 専門科目フィルタ適用: 結果 4056問
2025-06-29 09:44:31,364 - __main__ - INFO - 問題選択完了: 復習0問, 新規10問, フィルタ:[種別:4-2 選択科目]
2025-06-29 09:44:31,365 - __main__ - INFO - 🔥 ULTRA SYNC: 最終問題数確定 10問（10問設定に従って切断）
2025-06-29 09:44:31,366 - __main__ - INFO - 問題選択詳細: requested_size=10, selected_count=10, question_ids_count=10
2025-06-29 09:44:31,366 - __main__ - INFO - 問題ID一覧: [4211, 4627, 2423, 2016, 3687, 3982, 2170, 2904, 3319, 3142]
2025-06-29 09:44:31,367 - __main__ - INFO - 新しい問題セッション開始: 10問, フィルタ: 種別:4-2 選択科目
2025-06-29 09:44:31,367 - __main__ - INFO - 問題ID取得: current_no=0, question_id=4211
2025-06-29 09:44:31,368 - __main__ - INFO - 問題表示: 1/10 (内部: current_no=0, total_ids=10)
2025-06-29 09:44:31,368 - __main__ - INFO - テンプレート変数: current_no=1 (type:<class 'int'>), total_questions=10
2025-06-29 09:44:31,371 - session_timeout_enhancement - WARNING - セッション状態ヘッダー追加失敗: can't subtract offset-naive and offset-aware datetimes
2025-06-29 09:44:31,372 - werkzeug - INFO - 127.0.0.1 - - [29/Jun/2025 09:44:31] "GET /exam?question_type=specialist&count=10 HTTP/1.1" 200 -
2025-06-29 09:44:31,375 - __main__ - INFO - 🔍 セッション状態チェック: session_id=692e572fb08808a90ae9711556fd3d6e, data_loaded=True, exam_ids_count=10
2025-06-29 09:44:31,376 - __main__ - INFO - ✅ セッション継続確認: data_loaded=True, exam_ids=10問
2025-06-29 09:44:31,377 - session_timeout_enhancement - WARNING - セッション状態ヘッダー追加失敗: can't subtract offset-naive and offset-aware datetimes
2025-06-29 09:44:31,378 - werkzeug - INFO - 127.0.0.1 - - [29/Jun/2025 09:44:31] "GET /debug/session HTTP/1.1" 200 -
2025-06-29 09:44:31,381 - __main__ - INFO - 🔍 セッション状態チェック: session_id=692e572fb08808a90ae9711556fd3d6e, data_loaded=True, exam_ids_count=10
2025-06-29 09:44:31,382 - __main__ - INFO - ✅ セッション継続確認: data_loaded=True, exam_ids=10問
2025-06-29 09:44:31,383 - __main__ - INFO - DEBUG: exam_current更新 0 → 8
2025-06-29 09:44:31,384 - session_timeout_enhancement - WARNING - セッション状態ヘッダー追加失敗: can't subtract offset-naive and offset-aware datetimes
2025-06-29 09:44:31,385 - werkzeug - INFO - 127.0.0.1 - - [29/Jun/2025 09:44:31] "POST /debug/set_current HTTP/1.1" 200 -
2025-06-29 09:44:32,390 - __main__ - INFO - 🔍 セッション状態チェック: session_id=692e572fb08808a90ae9711556fd3d6e, data_loaded=True, exam_ids_count=10
2025-06-29 09:44:32,392 - __main__ - INFO - ✅ セッション継続確認: data_loaded=True, exam_ids=10問
2025-06-29 09:44:32,394 - session_auto_recovery - INFO - 🔍 Session corruption check: CLEAN
2025-06-29 09:44:32,397 - utils - INFO - 🚀 企業環境最適化: データ既読み込み済み - スキップ
2025-06-29 09:44:32,399 - __main__ - INFO - === POST処理開始 - セッション状態デバッグ ===
2025-06-29 09:44:32,400 - __main__ - INFO - セッションキー数: 28
2025-06-29 09:44:32,402 - __main__ - INFO - exam_question_ids数: 10
2025-06-29 09:44:32,403 - __main__ - INFO - exam_current: 8
2025-06-29 09:44:32,405 - __main__ - INFO - exam_category: 全体
2025-06-29 09:44:32,405 - __main__ - INFO - selected_question_type: specialist
2025-06-29 09:44:32,406 - __main__ - INFO - selected_department: MISSING
2025-06-29 09:44:32,406 - __main__ - INFO - session_id存在: Yes
2025-06-29 09:44:32,407 - __main__ - INFO - data_loaded: True
2025-06-29 09:44:32,408 - __main__ - INFO - ==========================================
2025-06-29 09:44:32,409 - __main__ - INFO - 正誤判定: 問題ID=3319, ユーザー回答='A', 正解='B', 判定=False
2025-06-29 09:44:32,409 - __main__ - INFO - SRS更新: 問題3319 - 正解:0, 間違い:1, 難易度:6.0, マスター:False
2025-06-29 09:44:32,410 - __main__ - INFO - 復習リスト処理前: bookmarks=[], is_correct=False
2025-06-29 09:44:32,410 - __main__ - INFO - ❌ 不正解により復習リストに追加: 問題ID 3319
2025-06-29 09:44:32,411 - __main__ - INFO - 復習リスト処理後: bookmark数=1
2025-06-29 09:44:32,412 - __main__ - INFO - SRS更新: 問題3319 - 正解:0, 間違い:2, 難易度:7.0, マスター:False
2025-06-29 09:44:32,413 - __main__ - INFO - 履歴保存: 問題3319, 合計履歴3件, 直後確認3件
2025-06-29 09:44:32,413 - gamification - INFO - ストリーク更新: 1日連続
2025-06-29 09:44:32,414 - __main__ - INFO - === 回答処理デバッグ情報 ===
2025-06-29 09:44:32,414 - __main__ - INFO - 問題ID: 3319, 回答: A, 正否: False
2025-06-29 09:44:32,415 - __main__ - INFO - セッション状態: current_no=8, next_no=9
2025-06-29 09:44:32,415 - __main__ - INFO - 安全値: safe_current_no=8, safe_next_no=9
2025-06-29 09:44:32,416 - __main__ - INFO - セッション設定: session_size=10, total_questions=10
2025-06-29 09:44:32,416 - __main__ - INFO - 完了判定計算: safe_next_no(9) >= session_size(10) = False
2025-06-29 09:44:32,417 - __main__ - INFO - 問題リスト: 長さ=10, IDs=[4211, 4627, 2423]...
2025-06-29 09:44:32,417 - __main__ - INFO - 最終判定: is_last=False, next_index=9
2025-06-29 09:44:32,418 - __main__ - INFO - セッションキー: ['_permanent', 'backup_history', 'bookmarks', 'category_stats', 'data_loaded', 'earned_badges', 'exam_category', 'exam_current', 'exam_question_ids', 'history', 'last_activity', 'last_auto_save', 'last_history_update', 'last_study_date', 'last_update', 'max_study_streak', 'quiz_current', 'quiz_question_ids', 'quiz_settings', 'recovery_metadata', 'selected_question_type', 'session_id', 'session_version', 'srs_data', 'study_streak', 'total_requests', 'user_name', 'request_history', 'advanced_srs']
2025-06-29 09:44:32,418 - __main__ - INFO - =========================
2025-06-29 09:44:32,419 - __main__ - INFO - セッション保存確認: exam_current = 9 (safe_next_no = 9)
2025-06-29 09:44:32,419 - __main__ - INFO - 🔥 CRITICAL: exam_question_ids保存確認 = 10問 [4211, 4627, 2423, 2016, 3687]
2025-06-29 09:44:32,420 - __main__ - INFO - 回答処理完了: 問題3319, 正答False, レベル0, ストリーク1日
2025-06-29 09:44:32,421 - __main__ - INFO - フィードバック変数: is_last_question=False, next_question_index=9, current_question_number=9, total_questions=10
2025-06-29 09:44:32,423 - session_timeout_enhancement - WARNING - セッション状態ヘッダー追加失敗: can't subtract offset-naive and offset-aware datetimes
2025-06-29 09:44:32,424 - werkzeug - INFO - 127.0.0.1 - - [29/Jun/2025 09:44:32] "POST /exam HTTP/1.1" 200 -
2025-06-29 09:44:32,427 - __main__ - INFO - 🔍 セッション状態チェック: session_id=692e572fb08808a90ae9711556fd3d6e, data_loaded=True, exam_ids_count=10
2025-06-29 09:44:32,428 - __main__ - INFO - ✅ セッション継続確認: data_loaded=True, exam_ids=10問
2025-06-29 09:44:32,429 - session_timeout_enhancement - WARNING - セッション状態ヘッダー追加失敗: can't subtract offset-naive and offset-aware datetimes
2025-06-29 09:44:32,430 - werkzeug - INFO - 127.0.0.1 - - [29/Jun/2025 09:44:32] "GET /debug/clear_session HTTP/1.1" 200 -
2025-06-29 09:44:33,434 - __main__ - INFO - 🔍 セッション状態チェック: session_id=692e572fb08808a90ae9711556fd3d6e, data_loaded=True, exam_ids_count=0
2025-06-29 09:44:33,436 - __main__ - WARNING - 🚨 セッション初期化実行: session_id=692e572fb08808a90ae9711556fd3d6e - 継続性確保のため新規初期化
2025-06-29 09:44:33,437 - session_auto_recovery - INFO - 🔍 Session corruption check: CLEAN
2025-06-29 09:44:33,439 - __main__ - INFO - exam_question_ids が空 - 新規セッション開始として処理
2025-06-29 09:44:33,441 - __main__ - INFO - 📊 セッション状態 (初期化前): 問題数=0, 現在位置=0, カテゴリ=unknown
2025-06-29 09:44:33,443 - __main__ - WARNING - ⚠️ exam_question_ids が空です - セッション初期化が必要
2025-06-29 09:44:33,444 - __main__ - INFO - 📊 セッション状態 (初期化後): 問題数=0, 現在位置=0, カテゴリ=unknown
2025-06-29 09:44:33,445 - __main__ - WARNING - ⚠️ exam_question_ids が空です - セッション初期化が必要
2025-06-29 09:44:33,446 - __main__ - INFO - ✅ セッション初期化完了 - 新規セッション状態に設定
2025-06-29 09:44:33,446 - utils - INFO - 🚀 企業環境最適化: データ既読み込み済み - スキップ
2025-06-29 09:44:33,447 - __main__ - INFO - カテゴリ英語→日本語変換: None → 全体
2025-06-29 09:44:33,447 - __main__ - INFO - カテゴリデコード結果: 全体
2025-06-29 09:44:33,448 - __main__ - INFO - カテゴリ判定前: requested_category=全体, requested_question_type=basic, requested_department=
2025-06-29 09:44:33,448 - __main__ - INFO - カテゴリ処理後: requested_department=, requested_question_type=basic
2025-06-29 09:44:33,449 - __main__ - INFO - ULTRA SYNC: URLパラメータcount=20をセッションに適用
2025-06-29 09:44:33,449 - __main__ - INFO - GET処理: current_no=0, exam_question_ids数=0, is_next=False
2025-06-29 09:44:33,450 - __main__ - INFO - セッション詳細: session keys数=24, exam_current=MISSING
2025-06-29 09:44:33,450 - __main__ - INFO - 問題種別情報: requested_question_type=basic, session_question_type=specialist, department=
2025-06-29 09:44:33,451 - __main__ - INFO - カテゴリ情報: requested_category=全体, session_category=全体
2025-06-29 09:44:33,452 - __main__ - INFO - リセット判定: is_next=False, exam_ids=False, category_match=True, question_type_match=False, department_match=False, year_match=False, current_no=0, len=0
2025-06-29 09:44:33,453 - __main__ - INFO - 🔥 ULTRA SYNC: need_reset = True (is_next_request=False)
2025-06-29 09:44:33,453 - __main__ - INFO - 問題リセット: セッション完全クリア - ['selected_question_type', 'request_history']
2025-06-29 09:44:33,454 - __main__ - INFO - get_mixed_questions呼び出し前: department=, question_type=basic, category=全体
2025-06-29 09:44:33,456 - __main__ - INFO - 基礎科目フィルタ適用: 結果 202問
2025-06-29 09:44:33,456 - __main__ - INFO - 問題選択完了: 復習0問, 新規20問, フィルタ:[種別:4-1 必須科目]
2025-06-29 09:44:33,457 - __main__ - INFO - 🔥 ULTRA SYNC: 最終問題数確定 20問（20問設定に従って切断）
2025-06-29 09:44:33,458 - __main__ - INFO - 問題選択詳細: requested_size=20, selected_count=20, question_ids_count=20
2025-06-29 09:44:33,458 - __main__ - INFO - 問題ID一覧: [125, 70, 143, 80, 39, 108, 166, 179, 51, 20, 43, 113, 130, 138, 168, 133, 185, 33, 93, 167]
2025-06-29 09:44:33,459 - __main__ - INFO - 新しい問題セッション開始: 20問, フィルタ: 種別:4-1 必須科目
2025-06-29 09:44:33,460 - __main__ - INFO - 問題ID取得: current_no=0, question_id=125
2025-06-29 09:44:33,460 - __main__ - INFO - 問題表示: 1/20 (内部: current_no=0, total_ids=20)
2025-06-29 09:44:33,461 - __main__ - INFO - テンプレート変数: current_no=1 (type:<class 'int'>), total_questions=20
2025-06-29 09:44:33,463 - session_timeout_enhancement - WARNING - セッション状態ヘッダー追加失敗: can't subtract offset-naive and offset-aware datetimes
2025-06-29 09:44:33,464 - werkzeug - INFO - 127.0.0.1 - - [29/Jun/2025 09:44:33] "GET /exam?question_type=basic&count=20 HTTP/1.1" 200 -
2025-06-29 09:44:33,467 - __main__ - INFO - 🔍 セッション状態チェック: session_id=692e572fb08808a90ae9711556fd3d6e, data_loaded=True, exam_ids_count=20
2025-06-29 09:44:33,468 - __main__ - INFO - ✅ セッション継続確認: data_loaded=True, exam_ids=20問
2025-06-29 09:44:33,469 - session_timeout_enhancement - WARNING - セッション状態ヘッダー追加失敗: can't subtract offset-naive and offset-aware datetimes
2025-06-29 09:44:33,470 - werkzeug - INFO - 127.0.0.1 - - [29/Jun/2025 09:44:33] "GET /debug/session HTTP/1.1" 200 -
2025-06-29 09:44:33,473 - __main__ - INFO - 🔍 セッション状態チェック: session_id=692e572fb08808a90ae9711556fd3d6e, data_loaded=True, exam_ids_count=20
2025-06-29 09:44:33,474 - __main__ - INFO - ✅ セッション継続確認: data_loaded=True, exam_ids=20問
2025-06-29 09:44:33,474 - __main__ - INFO - DEBUG: exam_current更新 0 → 18
2025-06-29 09:44:33,475 - session_timeout_enhancement - WARNING - セッション状態ヘッダー追加失敗: can't subtract offset-naive and offset-aware datetimes
2025-06-29 09:44:33,477 - werkzeug - INFO - 127.0.0.1 - - [29/Jun/2025 09:44:33] "POST /debug/set_current HTTP/1.1" 200 -
2025-06-29 09:44:34,481 - __main__ - INFO - 🔍 セッション状態チェック: session_id=692e572fb08808a90ae9711556fd3d6e, data_loaded=True, exam_ids_count=20
2025-06-29 09:44:34,482 - __main__ - INFO - ✅ セッション継続確認: data_loaded=True, exam_ids=20問
2025-06-29 09:44:34,483 - session_auto_recovery - INFO - 🔍 Session corruption check: CLEAN
2025-06-29 09:44:34,485 - utils - INFO - 🚀 企業環境最適化: データ既読み込み済み - スキップ
2025-06-29 09:44:34,486 - __main__ - INFO - === POST処理開始 - セッション状態デバッグ ===
2025-06-29 09:44:34,488 - __main__ - INFO - セッションキー数: 28
2025-06-29 09:44:34,488 - __main__ - INFO - exam_question_ids数: 20
2025-06-29 09:44:34,489 - __main__ - INFO - exam_current: 18
2025-06-29 09:44:34,490 - __main__ - INFO - exam_category: 全体
2025-06-29 09:44:34,491 - __main__ - INFO - selected_question_type: basic
2025-06-29 09:44:34,491 - __main__ - INFO - selected_department: MISSING
2025-06-29 09:44:34,492 - __main__ - INFO - session_id存在: Yes
2025-06-29 09:44:34,493 - __main__ - INFO - data_loaded: True
2025-06-29 09:44:34,494 - __main__ - INFO - ==========================================
2025-06-29 09:44:34,496 - __main__ - INFO - 正誤判定: 問題ID=93, ユーザー回答='A', 正解='D', 判定=False
2025-06-29 09:44:34,497 - __main__ - INFO - SRS更新: 問題93 - 正解:0, 間違い:1, 難易度:6.0, マスター:False
2025-06-29 09:44:34,498 - __main__ - INFO - 復習リスト処理前: bookmarks=[], is_correct=False
2025-06-29 09:44:34,498 - __main__ - INFO - ❌ 不正解により復習リストに追加: 問題ID 93
2025-06-29 09:44:34,499 - __main__ - INFO - 復習リスト処理後: bookmark数=1
2025-06-29 09:44:34,500 - __main__ - INFO - SRS更新: 問題93 - 正解:0, 間違い:2, 難易度:7.0, マスター:False
2025-06-29 09:44:34,502 - __main__ - INFO - 履歴保存: 問題93, 合計履歴4件, 直後確認4件
2025-06-29 09:44:34,503 - gamification - INFO - ストリーク更新: 1日連続
2025-06-29 09:44:34,504 - __main__ - INFO - === 回答処理デバッグ情報 ===
2025-06-29 09:44:34,505 - __main__ - INFO - 問題ID: 93, 回答: A, 正否: False
2025-06-29 09:44:34,507 - __main__ - INFO - セッション状態: current_no=18, next_no=19
2025-06-29 09:44:34,508 - __main__ - INFO - 安全値: safe_current_no=18, safe_next_no=19
2025-06-29 09:44:34,510 - __main__ - INFO - セッション設定: session_size=20, total_questions=20
2025-06-29 09:44:34,511 - __main__ - INFO - 完了判定計算: safe_next_no(19) >= session_size(20) = False
2025-06-29 09:44:34,512 - __main__ - INFO - 問題リスト: 長さ=20, IDs=[125, 70, 143]...
2025-06-29 09:44:34,513 - __main__ - INFO - 最終判定: is_last=False, next_index=19
2025-06-29 09:44:34,513 - __main__ - INFO - セッションキー: ['_permanent', 'backup_history', 'bookmarks', 'category_stats', 'data_loaded', 'earned_badges', 'exam_category', 'exam_current', 'exam_question_ids', 'history', 'last_activity', 'last_auto_save', 'last_history_update', 'last_study_date', 'last_update', 'max_study_streak', 'quiz_current', 'quiz_question_ids', 'quiz_settings', 'recovery_metadata', 'selected_question_type', 'session_id', 'session_version', 'srs_data', 'study_streak', 'total_requests', 'user_name', 'request_history', 'advanced_srs']
2025-06-29 09:44:34,514 - __main__ - INFO - =========================
2025-06-29 09:44:34,516 - __main__ - INFO - セッション保存確認: exam_current = 19 (safe_next_no = 19)
2025-06-29 09:44:34,517 - __main__ - INFO - 🔥 CRITICAL: exam_question_ids保存確認 = 20問 [125, 70, 143, 80, 39]
2025-06-29 09:44:34,518 - __main__ - INFO - 回答処理完了: 問題93, 正答False, レベル0, ストリーク1日
2025-06-29 09:44:34,519 - __main__ - INFO - フィードバック変数: is_last_question=False, next_question_index=19, current_question_number=19, total_questions=20
2025-06-29 09:44:34,523 - session_timeout_enhancement - WARNING - セッション状態ヘッダー追加失敗: can't subtract offset-naive and offset-aware datetimes
2025-06-29 09:44:34,525 - werkzeug - INFO - 127.0.0.1 - - [29/Jun/2025 09:44:34] "POST /exam HTTP/1.1" 200 -
2025-06-29 09:45:01,644 - __main__ - INFO - 🔍 セッション状態チェック: session_id=ce9a89e2b0fa0921be1428e6c63dbafd, data_loaded=False, exam_ids_count=0
2025-06-29 09:45:01,646 - __main__ - WARNING - 🚨 セッション初期化実行: session_id=ce9a89e2b0fa0921be1428e6c63dbafd - 継続性確保のため新規初期化
2025-06-29 09:45:01,648 - session_timeout_enhancement - WARNING - セッション状態ヘッダー追加失敗: can't subtract offset-naive and offset-aware datetimes
2025-06-29 09:45:01,651 - werkzeug - INFO - 127.0.0.1 - - [29/Jun/2025 09:45:01] "GET /debug/session HTTP/1.1" 200 -
2025-06-29 09:45:01,655 - __main__ - INFO - 🔍 セッション状態チェック: session_id=ce9a89e2b0fa0921be1428e6c63dbafd, data_loaded=True, exam_ids_count=0
2025-06-29 09:45:01,658 - __main__ - WARNING - 🚨 セッション初期化実行: session_id=ce9a89e2b0fa0921be1428e6c63dbafd - 継続性確保のため新規初期化
2025-06-29 09:45:01,660 - session_auto_recovery - INFO - 🔍 Session corruption check: CORRUPTED
2025-06-29 09:45:01,661 - session_auto_recovery - WARNING -    Severity: major
2025-06-29 09:45:01,662 - session_auto_recovery - WARNING -    Types: ['missing_required_keys']
2025-06-29 09:45:01,663 - session_auto_recovery - WARNING - 🚨 Session corruption detected in exam: major
2025-06-29 09:45:01,664 - session_auto_recovery - INFO - 🔧 Starting auto-recovery for session corruption (severity: major)
2025-06-29 09:45:01,670 - session_auto_recovery - INFO - 📁 Recovery backup created: recovery_backup_20250629_094501_8980522c
2025-06-29 09:45:01,671 - session_auto_recovery - INFO - ✅ Recovery action completed: initialize_missing_keys
2025-06-29 09:45:01,672 - session_auto_recovery - INFO - 🔍 Session corruption check: CLEAN
2025-06-29 09:45:01,673 - session_auto_recovery - INFO - 🎉 Session auto-recovery completed successfully
2025-06-29 09:45:01,674 - session_auto_recovery - INFO - 🔧 Auto-recovery completed in 9.3ms
2025-06-29 09:45:01,675 - session_auto_recovery - INFO - ✅ Session auto-recovery completed for exam
2025-06-29 09:45:01,676 - __main__ - INFO - exam_question_ids が空 - 新規セッション開始として処理
2025-06-29 09:45:01,676 - __main__ - INFO - 📊 セッション状態 (初期化前): 問題数=0, 現在位置=0, カテゴリ=unknown
2025-06-29 09:45:01,677 - __main__ - WARNING - ⚠️ exam_question_ids が空です - セッション初期化が必要
2025-06-29 09:45:01,678 - __main__ - INFO - 📊 セッション状態 (初期化後): 問題数=0, 現在位置=0, カテゴリ=unknown
2025-06-29 09:45:01,679 - __main__ - WARNING - ⚠️ exam_question_ids が空です - セッション初期化が必要
2025-06-29 09:45:01,679 - __main__ - INFO - ✅ セッション初期化完了 - 新規セッション状態に設定
2025-06-29 09:45:01,680 - utils - INFO - 🚀 企業環境最適化: データ既読み込み済み - スキップ
2025-06-29 09:45:01,680 - __main__ - INFO - カテゴリ英語→日本語変換: None → 全体
2025-06-29 09:45:01,681 - __main__ - INFO - カテゴリデコード結果: 全体
2025-06-29 09:45:01,681 - __main__ - INFO - カテゴリ判定前: requested_category=全体, requested_question_type=basic, requested_department=
2025-06-29 09:45:01,682 - __main__ - INFO - カテゴリ処理後: requested_department=, requested_question_type=basic
2025-06-29 09:45:01,682 - __main__ - INFO - ULTRA SYNC: URLパラメータcount=10をセッションに適用
2025-06-29 09:45:01,683 - __main__ - INFO - GET処理: current_no=0, exam_question_ids数=0, is_next=False
2025-06-29 09:45:01,684 - __main__ - INFO - セッション詳細: session keys数=17, exam_current=MISSING
2025-06-29 09:45:01,684 - __main__ - INFO - 問題種別情報: requested_question_type=basic, session_question_type=None, department=
2025-06-29 09:45:01,685 - __main__ - INFO - カテゴリ情報: requested_category=全体, session_category=全体
2025-06-29 09:45:01,685 - __main__ - INFO - リセット判定: is_next=False, exam_ids=False, category_match=True, question_type_match=False, department_match=False, year_match=False, current_no=0, len=0
2025-06-29 09:45:01,686 - __main__ - INFO - 🔥 ULTRA SYNC: need_reset = True (is_next_request=False)
2025-06-29 09:45:01,686 - __main__ - INFO - 問題リセット: セッション完全クリア - ['request_history']
2025-06-29 09:45:01,687 - __main__ - INFO - get_mixed_questions呼び出し前: department=, question_type=basic, category=全体
2025-06-29 09:45:01,688 - __main__ - INFO - 基礎科目フィルタ適用: 結果 202問
2025-06-29 09:45:01,688 - __main__ - INFO - 問題選択完了: 復習0問, 新規10問, フィルタ:[種別:4-1 必須科目]
2025-06-29 09:45:01,689 - __main__ - INFO - 🔥 ULTRA SYNC: 最終問題数確定 10問（10問設定に従って切断）
2025-06-29 09:45:01,690 - __main__ - INFO - 問題選択詳細: requested_size=10, selected_count=10, question_ids_count=10
2025-06-29 09:45:01,690 - __main__ - INFO - 問題ID一覧: [73, 134, 78, 12, 50, 40, 76, 189, 186, 91]
2025-06-29 09:45:01,691 - __main__ - INFO - 新しい問題セッション開始: 10問, フィルタ: 種別:4-1 必須科目
2025-06-29 09:45:01,692 - __main__ - INFO - 問題ID取得: current_no=0, question_id=73
2025-06-29 09:45:01,693 - __main__ - INFO - 問題表示: 1/10 (内部: current_no=0, total_ids=10)
2025-06-29 09:45:01,693 - __main__ - INFO - テンプレート変数: current_no=1 (type:<class 'int'>), total_questions=10
2025-06-29 09:45:01,696 - session_timeout_enhancement - WARNING - セッション状態ヘッダー追加失敗: can't subtract offset-naive and offset-aware datetimes
2025-06-29 09:45:01,697 - werkzeug - INFO - 127.0.0.1 - - [29/Jun/2025 09:45:01] "GET /exam?question_type=basic&count=10 HTTP/1.1" 200 -
2025-06-29 09:45:01,701 - __main__ - INFO - 🔍 セッション状態チェック: session_id=ce9a89e2b0fa0921be1428e6c63dbafd, data_loaded=True, exam_ids_count=10
2025-06-29 09:45:01,701 - __main__ - INFO - ✅ セッション継続確認: data_loaded=True, exam_ids=10問
2025-06-29 09:45:01,702 - session_timeout_enhancement - WARNING - セッション状態ヘッダー追加失敗: can't subtract offset-naive and offset-aware datetimes
2025-06-29 09:45:01,703 - werkzeug - INFO - 127.0.0.1 - - [29/Jun/2025 09:45:01] "GET /debug/session HTTP/1.1" 200 -
2025-06-29 09:45:01,706 - __main__ - INFO - 🔍 セッション状態チェック: session_id=ce9a89e2b0fa0921be1428e6c63dbafd, data_loaded=True, exam_ids_count=10
2025-06-29 09:45:01,707 - __main__ - INFO - ✅ セッション継続確認: data_loaded=True, exam_ids=10問
2025-06-29 09:45:01,708 - __main__ - INFO - DEBUG: exam_current更新 0 → 8
2025-06-29 09:45:01,709 - session_timeout_enhancement - WARNING - セッション状態ヘッダー追加失敗: can't subtract offset-naive and offset-aware datetimes
2025-06-29 09:45:01,710 - werkzeug - INFO - 127.0.0.1 - - [29/Jun/2025 09:45:01] "POST /debug/set_current HTTP/1.1" 200 -
2025-06-29 09:45:02,714 - __main__ - INFO - 🔍 セッション状態チェック: session_id=ce9a89e2b0fa0921be1428e6c63dbafd, data_loaded=True, exam_ids_count=10
2025-06-29 09:45:02,716 - __main__ - INFO - ✅ セッション継続確認: data_loaded=True, exam_ids=10問
2025-06-29 09:45:02,717 - session_auto_recovery - INFO - 🔍 Session corruption check: CLEAN
2025-06-29 09:45:02,718 - utils - INFO - 🚀 企業環境最適化: データ既読み込み済み - スキップ
2025-06-29 09:45:02,719 - __main__ - INFO - カテゴリ英語→日本語変換: None → 全体
2025-06-29 09:45:02,720 - __main__ - INFO - カテゴリデコード結果: 全体
2025-06-29 09:45:02,721 - __main__ - INFO - カテゴリ判定前: requested_category=全体, requested_question_type=basic, requested_department=
2025-06-29 09:45:02,722 - __main__ - INFO - カテゴリ処理後: requested_department=, requested_question_type=basic
2025-06-29 09:45:02,723 - __main__ - INFO - GET処理: current_no=8, exam_question_ids数=10, is_next=False
2025-06-29 09:45:02,723 - __main__ - INFO - セッション詳細: session keys数=21, exam_current=8
2025-06-29 09:45:02,724 - __main__ - INFO - 問題種別情報: requested_question_type=basic, session_question_type=basic, department=
2025-06-29 09:45:02,725 - __main__ - INFO - カテゴリ情報: requested_category=全体, session_category=全体
2025-06-29 09:45:02,727 - session_timeout_enhancement - WARNING - セッション状態ヘッダー追加失敗: can't subtract offset-naive and offset-aware datetimes
2025-06-29 09:45:02,728 - werkzeug - INFO - 127.0.0.1 - - [29/Jun/2025 09:45:02] "GET /exam?qid=186 HTTP/1.1" 200 -
2025-06-29 09:45:02,732 - __main__ - INFO - 🔍 セッション状態チェック: session_id=ce9a89e2b0fa0921be1428e6c63dbafd, data_loaded=True, exam_ids_count=10
2025-06-29 09:45:02,733 - __main__ - INFO - ✅ セッション継続確認: data_loaded=True, exam_ids=10問
2025-06-29 09:45:02,734 - session_auto_recovery - INFO - 🔍 Session corruption check: CLEAN
2025-06-29 09:45:02,734 - utils - INFO - 🚀 企業環境最適化: データ既読み込み済み - スキップ
2025-06-29 09:45:02,735 - __main__ - INFO - === POST処理開始 - セッション状態デバッグ ===
2025-06-29 09:45:02,736 - __main__ - INFO - セッションキー数: 21
2025-06-29 09:45:02,737 - __main__ - INFO - exam_question_ids数: 10
2025-06-29 09:45:02,738 - __main__ - INFO - exam_current: 8
2025-06-29 09:45:02,739 - __main__ - INFO - exam_category: 共通
2025-06-29 09:45:02,739 - __main__ - INFO - selected_question_type: basic
2025-06-29 09:45:02,740 - __main__ - INFO - selected_department: MISSING
2025-06-29 09:45:02,740 - __main__ - INFO - session_id存在: Yes
2025-06-29 09:45:02,741 - __main__ - INFO - data_loaded: True
2025-06-29 09:45:02,741 - __main__ - INFO - ==========================================
2025-06-29 09:45:02,742 - __main__ - INFO - 正誤判定: 問題ID=186, ユーザー回答='A', 正解='B', 判定=False
2025-06-29 09:45:02,743 - __main__ - INFO - SRS更新: 問題186 - 正解:0, 間違い:1, 難易度:6.0, マスター:False
2025-06-29 09:45:02,743 - __main__ - INFO - 復習リスト処理前: bookmarks=[], is_correct=False
2025-06-29 09:45:02,744 - __main__ - INFO - ❌ 不正解により復習リストに追加: 問題ID 186
2025-06-29 09:45:02,745 - __main__ - INFO - 復習リスト処理後: bookmark数=1
2025-06-29 09:45:02,745 - __main__ - INFO - SRS更新: 問題186 - 正解:0, 間違い:2, 難易度:7.0, マスター:False
2025-06-29 09:45:02,746 - __main__ - INFO - 履歴保存: 問題186, 合計履歴1件, 直後確認1件
2025-06-29 09:45:02,747 - gamification - INFO - ストリーク更新: 1日連続
2025-06-29 09:45:02,748 - gamification - INFO - 新しいバッジ獲得: ['first_mondai']
2025-06-29 09:45:02,749 - __main__ - INFO - === 回答処理デバッグ情報 ===
2025-06-29 09:45:02,749 - __main__ - INFO - 問題ID: 186, 回答: A, 正否: False
2025-06-29 09:45:02,750 - __main__ - INFO - セッション状態: current_no=8, next_no=9
2025-06-29 09:45:02,751 - __main__ - INFO - 安全値: safe_current_no=8, safe_next_no=9
2025-06-29 09:45:02,751 - __main__ - INFO - セッション設定: session_size=10, total_questions=10
2025-06-29 09:45:02,752 - __main__ - INFO - 完了判定計算: safe_next_no(9) >= session_size(10) = False
2025-06-29 09:45:02,753 - __main__ - INFO - 問題リスト: 長さ=10, IDs=[73, 134, 78]...
2025-06-29 09:45:02,754 - __main__ - INFO - 最終判定: is_last=False, next_index=9
2025-06-29 09:45:02,754 - __main__ - INFO - セッションキー: ['_permanent', 'backup_history', 'bookmarks', 'data_loaded', 'exam_category', 'exam_current', 'exam_question_ids', 'history', 'last_activity', 'last_auto_save', 'quiz_current', 'quiz_question_ids', 'quiz_settings', 'recovery_metadata', 'request_history', 'selected_question_type', 'session_id', 'session_version', 'srs_data', 'total_requests', 'user_name', 'advanced_srs', 'last_history_update', 'category_stats', 'study_streak', 'max_study_streak', 'last_study_date', 'earned_badges']
2025-06-29 09:45:02,755 - __main__ - INFO - =========================
2025-06-29 09:45:02,756 - __main__ - INFO - セッション保存確認: exam_current = 9 (safe_next_no = 9)
2025-06-29 09:45:02,756 - __main__ - INFO - 🔥 CRITICAL: exam_question_ids保存確認 = 10問 [73, 134, 78, 12, 50]
2025-06-29 09:45:02,757 - __main__ - INFO - 回答処理完了: 問題186, 正答False, レベル0, ストリーク1日
2025-06-29 09:45:02,758 - __main__ - INFO - フィードバック変数: is_last_question=False, next_question_index=9, current_question_number=9, total_questions=10
2025-06-29 09:45:02,760 - session_timeout_enhancement - WARNING - セッション状態ヘッダー追加失敗: can't subtract offset-naive and offset-aware datetimes
2025-06-29 09:45:02,761 - werkzeug - INFO - 127.0.0.1 - - [29/Jun/2025 09:45:02] "POST /exam HTTP/1.1" 200 -
2025-06-29 09:45:02,765 - __main__ - INFO - 🔍 セッション状態チェック: session_id=ce9a89e2b0fa0921be1428e6c63dbafd, data_loaded=True, exam_ids_count=10
2025-06-29 09:45:02,766 - __main__ - INFO - ✅ セッション継続確認: data_loaded=True, exam_ids=10問
2025-06-29 09:45:02,766 - session_timeout_enhancement - WARNING - セッション状態ヘッダー追加失敗: can't subtract offset-naive and offset-aware datetimes
2025-06-29 09:45:02,767 - werkzeug - INFO - 127.0.0.1 - - [29/Jun/2025 09:45:02] "GET /debug/clear_session HTTP/1.1" 200 -
2025-06-29 09:45:03,772 - __main__ - INFO - 🔍 セッション状態チェック: session_id=ce9a89e2b0fa0921be1428e6c63dbafd, data_loaded=True, exam_ids_count=0
2025-06-29 09:45:03,774 - __main__ - WARNING - 🚨 セッション初期化実行: session_id=ce9a89e2b0fa0921be1428e6c63dbafd - 継続性確保のため新規初期化
2025-06-29 09:45:03,775 - session_auto_recovery - INFO - 🔍 Session corruption check: CLEAN
2025-06-29 09:45:03,776 - __main__ - INFO - exam_question_ids が空 - 新規セッション開始として処理
2025-06-29 09:45:03,777 - __main__ - INFO - 📊 セッション状態 (初期化前): 問題数=0, 現在位置=0, カテゴリ=unknown
2025-06-29 09:45:03,779 - __main__ - WARNING - ⚠️ exam_question_ids が空です - セッション初期化が必要
2025-06-29 09:45:03,780 - __main__ - INFO - 📊 セッション状態 (初期化後): 問題数=0, 現在位置=0, カテゴリ=unknown
2025-06-29 09:45:03,781 - __main__ - WARNING - ⚠️ exam_question_ids が空です - セッション初期化が必要
2025-06-29 09:45:03,782 - __main__ - INFO - ✅ セッション初期化完了 - 新規セッション状態に設定
2025-06-29 09:45:03,783 - utils - INFO - 🚀 企業環境最適化: データ既読み込み済み - スキップ
2025-06-29 09:45:03,784 - __main__ - INFO - カテゴリ英語→日本語変換: None → 全体
2025-06-29 09:45:03,784 - __main__ - INFO - カテゴリデコード結果: 全体
2025-06-29 09:45:03,785 - __main__ - INFO - カテゴリ判定前: requested_category=全体, requested_question_type=basic, requested_department=
2025-06-29 09:45:03,786 - __main__ - INFO - カテゴリ処理後: requested_department=, requested_question_type=basic
2025-06-29 09:45:03,786 - __main__ - INFO - ULTRA SYNC: URLパラメータcount=10をセッションに適用
2025-06-29 09:45:03,787 - __main__ - INFO - GET処理: current_no=0, exam_question_ids数=0, is_next=False
2025-06-29 09:45:03,788 - __main__ - INFO - セッション詳細: session keys数=24, exam_current=MISSING
2025-06-29 09:45:03,788 - __main__ - INFO - 問題種別情報: requested_question_type=basic, session_question_type=basic, department=
2025-06-29 09:45:03,789 - __main__ - INFO - カテゴリ情報: requested_category=全体, session_category=全体
2025-06-29 09:45:03,789 - __main__ - INFO - リセット判定: is_next=False, exam_ids=False, category_match=True, question_type_match=True, department_match=False, year_match=False, current_no=0, len=0
2025-06-29 09:45:03,790 - __main__ - INFO - 🔥 ULTRA SYNC: need_reset = True (is_next_request=False)
2025-06-29 09:45:03,790 - __main__ - INFO - 問題リセット: セッション完全クリア - ['selected_question_type', 'request_history']
2025-06-29 09:45:03,791 - __main__ - INFO - get_mixed_questions呼び出し前: department=, question_type=basic, category=全体
2025-06-29 09:45:03,792 - __main__ - INFO - 基礎科目フィルタ適用: 結果 202問
2025-06-29 09:45:03,793 - __main__ - INFO - 問題選択完了: 復習0問, 新規10問, フィルタ:[種別:4-1 必須科目]
2025-06-29 09:45:03,793 - __main__ - INFO - 🔥 ULTRA SYNC: 最終問題数確定 10問（10問設定に従って切断）
2025-06-29 09:45:03,794 - __main__ - INFO - 問題選択詳細: requested_size=10, selected_count=10, question_ids_count=10
2025-06-29 09:45:03,795 - __main__ - INFO - 問題ID一覧: [38, 65, 50, 48, 120, 166, 188, 137, 175, 143]
2025-06-29 09:45:03,796 - __main__ - INFO - 新しい問題セッション開始: 10問, フィルタ: 種別:4-1 必須科目
2025-06-29 09:45:03,796 - __main__ - INFO - 問題ID取得: current_no=0, question_id=38
2025-06-29 09:45:03,797 - __main__ - INFO - 問題表示: 1/10 (内部: current_no=0, total_ids=10)
2025-06-29 09:45:03,798 - __main__ - INFO - テンプレート変数: current_no=1 (type:<class 'int'>), total_questions=10
2025-06-29 09:45:03,801 - session_timeout_enhancement - WARNING - セッション状態ヘッダー追加失敗: can't subtract offset-naive and offset-aware datetimes
2025-06-29 09:45:03,802 - werkzeug - INFO - 127.0.0.1 - - [29/Jun/2025 09:45:03] "GET /exam?question_type=basic&count=10 HTTP/1.1" 200 -
2025-06-29 09:45:03,805 - __main__ - INFO - 🔍 セッション状態チェック: session_id=ce9a89e2b0fa0921be1428e6c63dbafd, data_loaded=True, exam_ids_count=10
2025-06-29 09:45:03,806 - __main__ - INFO - ✅ セッション継続確認: data_loaded=True, exam_ids=10問
2025-06-29 09:45:03,806 - session_timeout_enhancement - WARNING - セッション状態ヘッダー追加失敗: can't subtract offset-naive and offset-aware datetimes
2025-06-29 09:45:03,807 - werkzeug - INFO - 127.0.0.1 - - [29/Jun/2025 09:45:03] "GET /debug/session HTTP/1.1" 200 -
2025-06-29 09:45:03,810 - __main__ - INFO - 🔍 セッション状態チェック: session_id=ce9a89e2b0fa0921be1428e6c63dbafd, data_loaded=True, exam_ids_count=10
2025-06-29 09:45:03,811 - __main__ - INFO - ✅ セッション継続確認: data_loaded=True, exam_ids=10問
2025-06-29 09:45:03,812 - __main__ - INFO - DEBUG: exam_current更新 0 → 8
2025-06-29 09:45:03,814 - session_timeout_enhancement - WARNING - セッション状態ヘッダー追加失敗: can't subtract offset-naive and offset-aware datetimes
2025-06-29 09:45:03,815 - werkzeug - INFO - 127.0.0.1 - - [29/Jun/2025 09:45:03] "POST /debug/set_current HTTP/1.1" 200 -
2025-06-29 09:45:04,819 - __main__ - INFO - 🔍 セッション状態チェック: session_id=ce9a89e2b0fa0921be1428e6c63dbafd, data_loaded=True, exam_ids_count=10
2025-06-29 09:45:04,822 - __main__ - INFO - ✅ セッション継続確認: data_loaded=True, exam_ids=10問
2025-06-29 09:45:04,822 - session_auto_recovery - INFO - 🔍 Session corruption check: CLEAN
2025-06-29 09:45:04,824 - utils - INFO - 🚀 企業環境最適化: データ既読み込み済み - スキップ
2025-06-29 09:45:04,826 - __main__ - INFO - === POST処理開始 - セッション状態デバッグ ===
2025-06-29 09:45:04,828 - __main__ - INFO - セッションキー数: 28
2025-06-29 09:45:04,829 - __main__ - INFO - exam_question_ids数: 10
2025-06-29 09:45:04,831 - __main__ - INFO - exam_current: 8
2025-06-29 09:45:04,832 - __main__ - INFO - exam_category: 全体
2025-06-29 09:45:04,833 - __main__ - INFO - selected_question_type: basic
2025-06-29 09:45:04,834 - __main__ - INFO - selected_department: MISSING
2025-06-29 09:45:04,834 - __main__ - INFO - session_id存在: Yes
2025-06-29 09:45:04,835 - __main__ - INFO - data_loaded: True
2025-06-29 09:45:04,836 - __main__ - INFO - ==========================================
2025-06-29 09:45:04,837 - __main__ - INFO - 正誤判定: 問題ID=175, ユーザー回答='A', 正解='B', 判定=False
2025-06-29 09:45:04,838 - __main__ - INFO - SRS更新: 問題175 - 正解:0, 間違い:1, 難易度:6.0, マスター:False
2025-06-29 09:45:04,839 - __main__ - INFO - 復習リスト処理前: bookmarks=[], is_correct=False
2025-06-29 09:45:04,839 - __main__ - INFO - ❌ 不正解により復習リストに追加: 問題ID 175
2025-06-29 09:45:04,840 - __main__ - INFO - 復習リスト処理後: bookmark数=1
2025-06-29 09:45:04,840 - __main__ - INFO - SRS更新: 問題175 - 正解:0, 間違い:2, 難易度:7.0, マスター:False
2025-06-29 09:45:04,841 - __main__ - INFO - 履歴保存: 問題175, 合計履歴2件, 直後確認2件
2025-06-29 09:45:04,842 - gamification - INFO - ストリーク更新: 1日連続
2025-06-29 09:45:04,842 - __main__ - INFO - === 回答処理デバッグ情報 ===
2025-06-29 09:45:04,843 - __main__ - INFO - 問題ID: 175, 回答: A, 正否: False
2025-06-29 09:45:04,844 - __main__ - INFO - セッション状態: current_no=8, next_no=9
2025-06-29 09:45:04,844 - __main__ - INFO - 安全値: safe_current_no=8, safe_next_no=9
2025-06-29 09:45:04,845 - __main__ - INFO - セッション設定: session_size=10, total_questions=10
2025-06-29 09:45:04,845 - __main__ - INFO - 完了判定計算: safe_next_no(9) >= session_size(10) = False
2025-06-29 09:45:04,846 - __main__ - INFO - 問題リスト: 長さ=10, IDs=[38, 65, 50]...
2025-06-29 09:45:04,847 - __main__ - INFO - 最終判定: is_last=False, next_index=9
2025-06-29 09:45:04,847 - __main__ - INFO - セッションキー: ['_permanent', 'backup_history', 'bookmarks', 'category_stats', 'data_loaded', 'earned_badges', 'exam_category', 'exam_current', 'exam_question_ids', 'history', 'last_activity', 'last_auto_save', 'last_history_update', 'last_study_date', 'last_update', 'max_study_streak', 'quiz_current', 'quiz_question_ids', 'quiz_settings', 'recovery_metadata', 'selected_question_type', 'session_id', 'session_version', 'srs_data', 'study_streak', 'total_requests', 'user_name', 'request_history', 'advanced_srs']
2025-06-29 09:45:04,848 - __main__ - INFO - =========================
2025-06-29 09:45:04,848 - __main__ - INFO - セッション保存確認: exam_current = 9 (safe_next_no = 9)
2025-06-29 09:45:04,849 - __main__ - INFO - 🔥 CRITICAL: exam_question_ids保存確認 = 10問 [38, 65, 50, 48, 120]
2025-06-29 09:45:04,850 - __main__ - INFO - 回答処理完了: 問題175, 正答False, レベル0, ストリーク1日
2025-06-29 09:45:04,850 - __main__ - INFO - フィードバック変数: is_last_question=False, next_question_index=9, current_question_number=9, total_questions=10
2025-06-29 09:45:04,853 - session_timeout_enhancement - WARNING - セッション状態ヘッダー追加失敗: can't subtract offset-naive and offset-aware datetimes
2025-06-29 09:45:04,855 - werkzeug - INFO - 127.0.0.1 - - [29/Jun/2025 09:45:04] "POST /exam HTTP/1.1" 200 -
2025-06-29 09:45:04,857 - __main__ - INFO - 🔍 セッション状態チェック: session_id=ce9a89e2b0fa0921be1428e6c63dbafd, data_loaded=True, exam_ids_count=10
2025-06-29 09:45:04,858 - __main__ - INFO - ✅ セッション継続確認: data_loaded=True, exam_ids=10問
2025-06-29 09:45:04,859 - session_timeout_enhancement - WARNING - セッション状態ヘッダー追加失敗: can't subtract offset-naive and offset-aware datetimes
2025-06-29 09:45:04,860 - werkzeug - INFO - 127.0.0.1 - - [29/Jun/2025 09:45:04] "GET /debug/clear_session HTTP/1.1" 200 -
2025-06-29 09:45:05,865 - __main__ - INFO - 🔍 セッション状態チェック: session_id=ce9a89e2b0fa0921be1428e6c63dbafd, data_loaded=True, exam_ids_count=0
2025-06-29 09:45:05,867 - __main__ - WARNING - 🚨 セッション初期化実行: session_id=ce9a89e2b0fa0921be1428e6c63dbafd - 継続性確保のため新規初期化
2025-06-29 09:45:05,869 - session_auto_recovery - INFO - 🔍 Session corruption check: CLEAN
2025-06-29 09:45:05,871 - __main__ - INFO - exam_question_ids が空 - 新規セッション開始として処理
2025-06-29 09:45:05,872 - __main__ - INFO - 📊 セッション状態 (初期化前): 問題数=0, 現在位置=0, カテゴリ=unknown
2025-06-29 09:45:05,874 - __main__ - WARNING - ⚠️ exam_question_ids が空です - セッション初期化が必要
2025-06-29 09:45:05,875 - __main__ - INFO - 📊 セッション状態 (初期化後): 問題数=0, 現在位置=0, カテゴリ=unknown
2025-06-29 09:45:05,876 - __main__ - WARNING - ⚠️ exam_question_ids が空です - セッション初期化が必要
2025-06-29 09:45:05,877 - __main__ - INFO - ✅ セッション初期化完了 - 新規セッション状態に設定
2025-06-29 09:45:05,878 - utils - INFO - 🚀 企業環境最適化: データ既読み込み済み - スキップ
2025-06-29 09:45:05,879 - __main__ - INFO - カテゴリ英語→日本語変換: None → 全体
2025-06-29 09:45:05,880 - __main__ - INFO - カテゴリデコード結果: 全体
2025-06-29 09:45:05,881 - __main__ - INFO - カテゴリ判定前: requested_category=全体, requested_question_type=specialist, requested_department=
2025-06-29 09:45:05,882 - __main__ - INFO - カテゴリ処理後: requested_department=, requested_question_type=specialist
2025-06-29 09:45:05,883 - __main__ - INFO - ULTRA SYNC: URLパラメータcount=10をセッションに適用
2025-06-29 09:45:05,883 - __main__ - INFO - GET処理: current_no=0, exam_question_ids数=0, is_next=False
2025-06-29 09:45:05,884 - __main__ - INFO - セッション詳細: session keys数=24, exam_current=MISSING
2025-06-29 09:45:05,885 - __main__ - INFO - 問題種別情報: requested_question_type=specialist, session_question_type=basic, department=
2025-06-29 09:45:05,885 - __main__ - INFO - カテゴリ情報: requested_category=全体, session_category=全体
2025-06-29 09:45:05,886 - __main__ - INFO - リセット判定: is_next=False, exam_ids=False, category_match=True, question_type_match=False, department_match=False, year_match=False, current_no=0, len=0
2025-06-29 09:45:05,887 - __main__ - INFO - 🔥 ULTRA SYNC: need_reset = True (is_next_request=False)
2025-06-29 09:45:05,887 - __main__ - INFO - 問題リセット: セッション完全クリア - ['selected_question_type', 'request_history']
2025-06-29 09:45:05,888 - __main__ - INFO - get_mixed_questions呼び出し前: department=, question_type=specialist, category=全体
2025-06-29 09:45:05,889 - __main__ - INFO - 専門科目フィルタ適用: 結果 4056問
2025-06-29 09:45:05,891 - __main__ - INFO - 問題選択完了: 復習0問, 新規10問, フィルタ:[種別:4-2 選択科目]
2025-06-29 09:45:05,892 - __main__ - INFO - 🔥 ULTRA SYNC: 最終問題数確定 10問（10問設定に従って切断）
2025-06-29 09:45:05,893 - __main__ - INFO - 問題選択詳細: requested_size=10, selected_count=10, question_ids_count=10
2025-06-29 09:45:05,894 - __main__ - INFO - 問題ID一覧: [1855, 3107, 3692, 3953, 4676, 3711, 4200, 3491, 1728, 4083]
2025-06-29 09:45:05,894 - __main__ - INFO - 新しい問題セッション開始: 10問, フィルタ: 種別:4-2 選択科目
2025-06-29 09:45:05,895 - __main__ - INFO - 問題ID取得: current_no=0, question_id=1855
2025-06-29 09:45:05,896 - __main__ - INFO - 問題表示: 1/10 (内部: current_no=0, total_ids=10)
2025-06-29 09:45:05,897 - __main__ - INFO - テンプレート変数: current_no=1 (type:<class 'int'>), total_questions=10
2025-06-29 09:45:05,900 - session_timeout_enhancement - WARNING - セッション状態ヘッダー追加失敗: can't subtract offset-naive and offset-aware datetimes
2025-06-29 09:45:05,901 - werkzeug - INFO - 127.0.0.1 - - [29/Jun/2025 09:45:05] "GET /exam?question_type=specialist&count=10 HTTP/1.1" 200 -
2025-06-29 09:45:05,904 - __main__ - INFO - 🔍 セッション状態チェック: session_id=ce9a89e2b0fa0921be1428e6c63dbafd, data_loaded=True, exam_ids_count=10
2025-06-29 09:45:05,904 - __main__ - INFO - ✅ セッション継続確認: data_loaded=True, exam_ids=10問
2025-06-29 09:45:05,905 - session_timeout_enhancement - WARNING - セッション状態ヘッダー追加失敗: can't subtract offset-naive and offset-aware datetimes
2025-06-29 09:45:05,906 - werkzeug - INFO - 127.0.0.1 - - [29/Jun/2025 09:45:05] "GET /debug/session HTTP/1.1" 200 -
2025-06-29 09:45:05,909 - ultra_sync_memory_leak_fix - INFO - ✅ 세션 정리 완료: 0개 항목, 1758 → 1758 bytes
2025-06-29 09:45:05,909 - __main__ - INFO - 🔍 セッション状態チェック: session_id=ce9a89e2b0fa0921be1428e6c63dbafd, data_loaded=True, exam_ids_count=10
2025-06-29 09:45:05,910 - __main__ - INFO - ✅ セッション継続確認: data_loaded=True, exam_ids=10問
2025-06-29 09:45:05,911 - __main__ - INFO - DEBUG: exam_current更新 0 → 8
2025-06-29 09:45:05,912 - session_timeout_enhancement - WARNING - セッション状態ヘッダー追加失敗: can't subtract offset-naive and offset-aware datetimes
2025-06-29 09:45:05,913 - werkzeug - INFO - 127.0.0.1 - - [29/Jun/2025 09:45:05] "POST /debug/set_current HTTP/1.1" 200 -
2025-06-29 09:45:06,918 - __main__ - INFO - 🔍 セッション状態チェック: session_id=ce9a89e2b0fa0921be1428e6c63dbafd, data_loaded=True, exam_ids_count=10
2025-06-29 09:45:06,919 - __main__ - INFO - ✅ セッション継続確認: data_loaded=True, exam_ids=10問
2025-06-29 09:45:06,921 - session_auto_recovery - INFO - 🔍 Session corruption check: CLEAN
2025-06-29 09:45:06,923 - utils - INFO - 🚀 企業環境最適化: データ既読み込み済み - スキップ
2025-06-29 09:45:06,925 - __main__ - INFO - === POST処理開始 - セッション状態デバッグ ===
2025-06-29 09:45:06,926 - __main__ - INFO - セッションキー数: 28
2025-06-29 09:45:06,927 - __main__ - INFO - exam_question_ids数: 10
2025-06-29 09:45:06,928 - __main__ - INFO - exam_current: 8
2025-06-29 09:45:06,929 - __main__ - INFO - exam_category: 全体
2025-06-29 09:45:06,930 - __main__ - INFO - selected_question_type: specialist
2025-06-29 09:45:06,931 - __main__ - INFO - selected_department: MISSING
2025-06-29 09:45:06,932 - __main__ - INFO - session_id存在: Yes
2025-06-29 09:45:06,934 - __main__ - INFO - data_loaded: True
2025-06-29 09:45:06,935 - __main__ - INFO - ==========================================
2025-06-29 09:45:06,936 - __main__ - INFO - 正誤判定: 問題ID=1728, ユーザー回答='A', 正解='D', 判定=False
2025-06-29 09:45:06,937 - __main__ - INFO - SRS更新: 問題1728 - 正解:0, 間違い:1, 難易度:6.0, マスター:False
2025-06-29 09:45:06,938 - __main__ - INFO - 復習リスト処理前: bookmarks=[], is_correct=False
2025-06-29 09:45:06,939 - __main__ - INFO - ❌ 不正解により復習リストに追加: 問題ID 1728
2025-06-29 09:45:06,940 - __main__ - INFO - 復習リスト処理後: bookmark数=1
2025-06-29 09:45:06,941 - __main__ - INFO - SRS更新: 問題1728 - 正解:0, 間違い:2, 難易度:7.0, マスター:False
2025-06-29 09:45:06,942 - __main__ - INFO - 履歴保存: 問題1728, 合計履歴3件, 直後確認3件
2025-06-29 09:45:06,943 - gamification - INFO - ストリーク更新: 1日連続
2025-06-29 09:45:06,944 - __main__ - INFO - === 回答処理デバッグ情報 ===
2025-06-29 09:45:06,944 - __main__ - INFO - 問題ID: 1728, 回答: A, 正否: False
2025-06-29 09:45:06,945 - __main__ - INFO - セッション状態: current_no=8, next_no=9
2025-06-29 09:45:06,946 - __main__ - INFO - 安全値: safe_current_no=8, safe_next_no=9
2025-06-29 09:45:06,946 - __main__ - INFO - セッション設定: session_size=10, total_questions=10
2025-06-29 09:45:06,947 - __main__ - INFO - 完了判定計算: safe_next_no(9) >= session_size(10) = False
2025-06-29 09:45:06,948 - __main__ - INFO - 問題リスト: 長さ=10, IDs=[1855, 3107, 3692]...
2025-06-29 09:45:06,948 - __main__ - INFO - 最終判定: is_last=False, next_index=9
2025-06-29 09:45:06,949 - __main__ - INFO - セッションキー: ['_permanent', 'backup_history', 'bookmarks', 'category_stats', 'data_loaded', 'earned_badges', 'exam_category', 'exam_current', 'exam_question_ids', 'history', 'last_activity', 'last_auto_save', 'last_history_update', 'last_study_date', 'last_update', 'max_study_streak', 'quiz_current', 'quiz_question_ids', 'quiz_settings', 'recovery_metadata', 'selected_question_type', 'session_id', 'session_version', 'srs_data', 'study_streak', 'total_requests', 'user_name', 'request_history', 'advanced_srs']
2025-06-29 09:45:06,950 - __main__ - INFO - =========================
2025-06-29 09:45:06,950 - __main__ - INFO - セッション保存確認: exam_current = 9 (safe_next_no = 9)
2025-06-29 09:45:06,951 - __main__ - INFO - 🔥 CRITICAL: exam_question_ids保存確認 = 10問 [1855, 3107, 3692, 3953, 4676]
2025-06-29 09:45:06,952 - __main__ - INFO - 回答処理完了: 問題1728, 正答False, レベル0, ストリーク1日
2025-06-29 09:45:06,952 - __main__ - INFO - フィードバック変数: is_last_question=False, next_question_index=9, current_question_number=9, total_questions=10
2025-06-29 09:45:06,956 - session_timeout_enhancement - WARNING - セッション状態ヘッダー追加失敗: can't subtract offset-naive and offset-aware datetimes
2025-06-29 09:45:06,958 - werkzeug - INFO - 127.0.0.1 - - [29/Jun/2025 09:45:06] "POST /exam HTTP/1.1" 200 -
2025-06-29 09:45:06,961 - __main__ - INFO - 🔍 セッション状態チェック: session_id=ce9a89e2b0fa0921be1428e6c63dbafd, data_loaded=True, exam_ids_count=10
2025-06-29 09:45:06,962 - __main__ - INFO - ✅ セッション継続確認: data_loaded=True, exam_ids=10問
2025-06-29 09:45:06,963 - session_timeout_enhancement - WARNING - セッション状態ヘッダー追加失敗: can't subtract offset-naive and offset-aware datetimes
2025-06-29 09:45:06,965 - werkzeug - INFO - 127.0.0.1 - - [29/Jun/2025 09:45:06] "GET /debug/clear_session HTTP/1.1" 200 -
2025-06-29 09:45:07,970 - __main__ - INFO - 🔍 セッション状態チェック: session_id=ce9a89e2b0fa0921be1428e6c63dbafd, data_loaded=True, exam_ids_count=0
2025-06-29 09:45:07,972 - __main__ - WARNING - 🚨 セッション初期化実行: session_id=ce9a89e2b0fa0921be1428e6c63dbafd - 継続性確保のため新規初期化
2025-06-29 09:45:07,973 - session_auto_recovery - INFO - 🔍 Session corruption check: CLEAN
2025-06-29 09:45:07,975 - __main__ - INFO - exam_question_ids が空 - 新規セッション開始として処理
2025-06-29 09:45:07,977 - __main__ - INFO - 📊 セッション状態 (初期化前): 問題数=0, 現在位置=0, カテゴリ=unknown
2025-06-29 09:45:07,978 - __main__ - WARNING - ⚠️ exam_question_ids が空です - セッション初期化が必要
2025-06-29 09:45:07,980 - __main__ - INFO - 📊 セッション状態 (初期化後): 問題数=0, 現在位置=0, カテゴリ=unknown
2025-06-29 09:45:07,981 - __main__ - WARNING - ⚠️ exam_question_ids が空です - セッション初期化が必要
2025-06-29 09:45:07,982 - __main__ - INFO - ✅ セッション初期化完了 - 新規セッション状態に設定
2025-06-29 09:45:07,984 - utils - INFO - 🚀 企業環境最適化: データ既読み込み済み - スキップ
2025-06-29 09:45:07,985 - __main__ - INFO - カテゴリ英語→日本語変換: None → 全体
2025-06-29 09:45:07,986 - __main__ - INFO - カテゴリデコード結果: 全体
2025-06-29 09:45:07,988 - __main__ - INFO - カテゴリ判定前: requested_category=全体, requested_question_type=basic, requested_department=
2025-06-29 09:45:07,989 - __main__ - INFO - カテゴリ処理後: requested_department=, requested_question_type=basic
2025-06-29 09:45:07,991 - __main__ - INFO - ULTRA SYNC: URLパラメータcount=20をセッションに適用
2025-06-29 09:45:07,992 - __main__ - INFO - GET処理: current_no=0, exam_question_ids数=0, is_next=False
2025-06-29 09:45:07,993 - __main__ - INFO - セッション詳細: session keys数=24, exam_current=MISSING
2025-06-29 09:45:07,995 - __main__ - INFO - 問題種別情報: requested_question_type=basic, session_question_type=specialist, department=
2025-06-29 09:45:07,997 - __main__ - INFO - カテゴリ情報: requested_category=全体, session_category=全体
2025-06-29 09:45:07,998 - __main__ - INFO - リセット判定: is_next=False, exam_ids=False, category_match=True, question_type_match=False, department_match=False, year_match=False, current_no=0, len=0
2025-06-29 09:45:07,999 - __main__ - INFO - 🔥 ULTRA SYNC: need_reset = True (is_next_request=False)
2025-06-29 09:45:07,999 - __main__ - INFO - 問題リセット: セッション完全クリア - ['selected_question_type', 'request_history']
2025-06-29 09:45:08,000 - __main__ - INFO - get_mixed_questions呼び出し前: department=, question_type=basic, category=全体
2025-06-29 09:45:08,001 - __main__ - INFO - 基礎科目フィルタ適用: 結果 202問
2025-06-29 09:45:08,003 - __main__ - INFO - 問題選択完了: 復習0問, 新規20問, フィルタ:[種別:4-1 必須科目]
2025-06-29 09:45:08,003 - __main__ - INFO - 🔥 ULTRA SYNC: 最終問題数確定 20問（20問設定に従って切断）
2025-06-29 09:45:08,004 - __main__ - INFO - 問題選択詳細: requested_size=20, selected_count=20, question_ids_count=20
2025-06-29 09:45:08,006 - __main__ - INFO - 問題ID一覧: [145, 28, 188, 135, 167, 74, 117, 102, 68, 82, 192, 86, 138, 48, 53, 107, 25, 4, 64, 184]
2025-06-29 09:45:08,006 - __main__ - INFO - 新しい問題セッション開始: 20問, フィルタ: 種別:4-1 必須科目
2025-06-29 09:45:08,008 - __main__ - INFO - 問題ID取得: current_no=0, question_id=145
2025-06-29 09:45:08,008 - __main__ - INFO - 問題表示: 1/20 (内部: current_no=0, total_ids=20)
2025-06-29 09:45:08,009 - __main__ - INFO - テンプレート変数: current_no=1 (type:<class 'int'>), total_questions=20
2025-06-29 09:45:08,014 - session_timeout_enhancement - WARNING - セッション状態ヘッダー追加失敗: can't subtract offset-naive and offset-aware datetimes
2025-06-29 09:45:08,016 - werkzeug - INFO - 127.0.0.1 - - [29/Jun/2025 09:45:08] "GET /exam?question_type=basic&count=20 HTTP/1.1" 200 -
2025-06-29 09:45:08,019 - __main__ - INFO - 🔍 セッション状態チェック: session_id=ce9a89e2b0fa0921be1428e6c63dbafd, data_loaded=True, exam_ids_count=20
2025-06-29 09:45:08,021 - __main__ - INFO - ✅ セッション継続確認: data_loaded=True, exam_ids=20問
2025-06-29 09:45:08,022 - session_timeout_enhancement - WARNING - セッション状態ヘッダー追加失敗: can't subtract offset-naive and offset-aware datetimes
2025-06-29 09:45:08,024 - werkzeug - INFO - 127.0.0.1 - - [29/Jun/2025 09:45:08] "GET /debug/session HTTP/1.1" 200 -
2025-06-29 09:45:08,028 - ultra_sync_memory_leak_fix - INFO - ✅ 세션 정리 완료: 0개 항목, 2069 → 2069 bytes
2025-06-29 09:45:08,029 - __main__ - INFO - 🔍 セッション状態チェック: session_id=ce9a89e2b0fa0921be1428e6c63dbafd, data_loaded=True, exam_ids_count=20
2025-06-29 09:45:08,030 - __main__ - INFO - ✅ セッション継続確認: data_loaded=True, exam_ids=20問
2025-06-29 09:45:08,031 - __main__ - INFO - DEBUG: exam_current更新 0 → 18
2025-06-29 09:45:08,032 - session_timeout_enhancement - WARNING - セッション状態ヘッダー追加失敗: can't subtract offset-naive and offset-aware datetimes
2025-06-29 09:45:08,034 - werkzeug - INFO - 127.0.0.1 - - [29/Jun/2025 09:45:08] "POST /debug/set_current HTTP/1.1" 200 -
2025-06-29 09:45:09,039 - __main__ - INFO - 🔍 セッション状態チェック: session_id=ce9a89e2b0fa0921be1428e6c63dbafd, data_loaded=True, exam_ids_count=20
2025-06-29 09:45:09,041 - __main__ - INFO - ✅ セッション継続確認: data_loaded=True, exam_ids=20問
2025-06-29 09:45:09,043 - session_auto_recovery - INFO - 🔍 Session corruption check: CLEAN
2025-06-29 09:45:09,045 - utils - INFO - 🚀 企業環境最適化: データ既読み込み済み - スキップ
2025-06-29 09:45:09,046 - __main__ - INFO - === POST処理開始 - セッション状態デバッグ ===
2025-06-29 09:45:09,047 - __main__ - INFO - セッションキー数: 28
2025-06-29 09:45:09,049 - __main__ - INFO - exam_question_ids数: 20
2025-06-29 09:45:09,050 - __main__ - INFO - exam_current: 18
2025-06-29 09:45:09,052 - __main__ - INFO - exam_category: 全体
2025-06-29 09:45:09,053 - __main__ - INFO - selected_question_type: basic
2025-06-29 09:45:09,054 - __main__ - INFO - selected_department: MISSING
2025-06-29 09:45:09,055 - __main__ - INFO - session_id存在: Yes
2025-06-29 09:45:09,056 - __main__ - INFO - data_loaded: True
2025-06-29 09:45:09,057 - __main__ - INFO - ==========================================
2025-06-29 09:45:09,058 - __main__ - INFO - 正誤判定: 問題ID=64, ユーザー回答='A', 正解='D', 判定=False
2025-06-29 09:45:09,059 - __main__ - INFO - SRS更新: 問題64 - 正解:0, 間違い:1, 難易度:6.0, マスター:False
2025-06-29 09:45:09,060 - __main__ - INFO - 復習リスト処理前: bookmarks=[], is_correct=False
2025-06-29 09:45:09,060 - __main__ - INFO - ❌ 不正解により復習リストに追加: 問題ID 64
2025-06-29 09:45:09,061 - __main__ - INFO - 復習リスト処理後: bookmark数=1
2025-06-29 09:45:09,062 - __main__ - INFO - SRS更新: 問題64 - 正解:0, 間違い:2, 難易度:7.0, マスター:False
2025-06-29 09:45:09,063 - __main__ - INFO - 履歴保存: 問題64, 合計履歴4件, 直後確認4件
2025-06-29 09:45:09,063 - gamification - INFO - ストリーク更新: 1日連続
2025-06-29 09:45:09,064 - __main__ - INFO - === 回答処理デバッグ情報 ===
2025-06-29 09:45:09,065 - __main__ - INFO - 問題ID: 64, 回答: A, 正否: False
2025-06-29 09:45:09,066 - __main__ - INFO - セッション状態: current_no=18, next_no=19
2025-06-29 09:45:09,067 - __main__ - INFO - 安全値: safe_current_no=18, safe_next_no=19
2025-06-29 09:45:09,067 - __main__ - INFO - セッション設定: session_size=20, total_questions=20
2025-06-29 09:45:09,068 - __main__ - INFO - 完了判定計算: safe_next_no(19) >= session_size(20) = False
2025-06-29 09:45:09,069 - __main__ - INFO - 問題リスト: 長さ=20, IDs=[145, 28, 188]...
2025-06-29 09:45:09,069 - __main__ - INFO - 最終判定: is_last=False, next_index=19
2025-06-29 09:45:09,070 - __main__ - INFO - セッションキー: ['_permanent', 'backup_history', 'bookmarks', 'category_stats', 'data_loaded', 'earned_badges', 'exam_category', 'exam_current', 'exam_question_ids', 'history', 'last_activity', 'last_auto_save', 'last_history_update', 'last_study_date', 'last_update', 'max_study_streak', 'quiz_current', 'quiz_question_ids', 'quiz_settings', 'recovery_metadata', 'selected_question_type', 'session_id', 'session_version', 'srs_data', 'study_streak', 'total_requests', 'user_name', 'request_history', 'advanced_srs']
2025-06-29 09:45:09,071 - __main__ - INFO - =========================
2025-06-29 09:45:09,072 - __main__ - INFO - セッション保存確認: exam_current = 19 (safe_next_no = 19)
2025-06-29 09:45:09,072 - __main__ - INFO - 🔥 CRITICAL: exam_question_ids保存確認 = 20問 [145, 28, 188, 135, 167]
2025-06-29 09:45:09,073 - __main__ - INFO - 回答処理完了: 問題64, 正答False, レベル0, ストリーク1日
2025-06-29 09:45:09,073 - __main__ - INFO - フィードバック変数: is_last_question=False, next_question_index=19, current_question_number=19, total_questions=20
2025-06-29 09:45:09,076 - session_timeout_enhancement - WARNING - セッション状態ヘッダー追加失敗: can't subtract offset-naive and offset-aware datetimes
2025-06-29 09:45:09,077 - werkzeug - INFO - 127.0.0.1 - - [29/Jun/2025 09:45:09] "POST /exam HTTP/1.1" 200 -
